{"/home/hector/skills/CircleOfFifths/aboutme.js": {"path":"/home/hector/skills/CircleOfFifths/aboutme.js","statementMap":{"0":{"start":{"line":2,"column":16},"end":{"line":10,"column":1}},"1":{"start":{"line":6,"column":4},"end":{"line":8,"column":11}},"2":{"start":{"line":7,"column":6},"end":{"line":7,"column":68}},"3":{"start":{"line":11,"column":0},"end":{"line":11,"column":20}}},"fnMap":{"0":{"name":"(anonymous_0)","decl":{"start":{"line":5,"column":11},"end":{"line":5,"column":12}},"loc":{"start":{"line":5,"column":21},"end":{"line":9,"column":3}},"line":5},"1":{"name":"(anonymous_1)","decl":{"start":{"line":6,"column":15},"end":{"line":6,"column":16}},"loc":{"start":{"line":6,"column":25},"end":{"line":8,"column":5}},"line":6}},"branchMap":{},"s":{"0":0,"1":0,"2":0,"3":0},"f":{"0":0,"1":0},"b":{},"hash":"f24d1065067bfba6ab45f6f9e1bdbcc1d1062dfb"}
,"/home/hector/skills/CircleOfFifths/lambda/index_do_not_use.js": {"path":"/home/hector/skills/CircleOfFifths/lambda/index_do_not_use.js","statementMap":{"0":{"start":{"line":7,"column":14},"end":{"line":7,"column":37}},"1":{"start":{"line":9,"column":18},"end":{"line":9,"column":40}},"2":{"start":{"line":11,"column":13},"end":{"line":11,"column":31}},"3":{"start":{"line":12,"column":16},"end":{"line":12,"column":56}},"4":{"start":{"line":14,"column":16},"end":{"line":14,"column":46}},"5":{"start":{"line":15,"column":19},"end":{"line":15,"column":53}},"6":{"start":{"line":18,"column":13},"end":{"line":18,"column":44}},"7":{"start":{"line":19,"column":17},"end":{"line":19,"column":53}},"8":{"start":{"line":20,"column":20},"end":{"line":20,"column":60}},"9":{"start":{"line":21,"column":20},"end":{"line":21,"column":55}},"10":{"start":{"line":22,"column":25},"end":{"line":22,"column":65}},"11":{"start":{"line":23,"column":25},"end":{"line":23,"column":70}},"12":{"start":{"line":26,"column":10},"end":{"line":26,"column":28}},"13":{"start":{"line":28,"column":0},"end":{"line":30,"column":3}},"14":{"start":{"line":35,"column":4},"end":{"line":35,"column":51}},"15":{"start":{"line":36,"column":18},"end":{"line":36,"column":29}},"16":{"start":{"line":37,"column":25},"end":{"line":37,"column":37}},"17":{"start":{"line":39,"column":27},"end":{"line":44,"column":2}},"18":{"start":{"line":46,"column":20},"end":{"line":46,"column":41}},"19":{"start":{"line":47,"column":15},"end":{"line":47,"column":31}},"20":{"start":{"line":48,"column":24},"end":{"line":48,"column":49}},"21":{"start":{"line":49,"column":15},"end":{"line":49,"column":31}},"22":{"start":{"line":50,"column":18},"end":{"line":50,"column":19}},"23":{"start":{"line":52,"column":16},"end":{"line":52,"column":18}},"24":{"start":{"line":53,"column":14},"end":{"line":53,"column":16}},"25":{"start":{"line":55,"column":13},"end":{"line":55,"column":25}},"26":{"start":{"line":57,"column":24},"end":{"line":57,"column":26}},"27":{"start":{"line":58,"column":19},"end":{"line":58,"column":21}},"28":{"start":{"line":59,"column":10},"end":{"line":59,"column":12}},"29":{"start":{"line":62,"column":29},"end":{"line":73,"column":1}},"30":{"start":{"line":64,"column":8},"end":{"line":64,"column":157}},"31":{"start":{"line":65,"column":8},"end":{"line":65,"column":77}},"32":{"start":{"line":68,"column":8},"end":{"line":68,"column":46}},"33":{"start":{"line":70,"column":8},"end":{"line":70,"column":40}},"34":{"start":{"line":75,"column":22},"end":{"line":122,"column":1}},"35":{"start":{"line":77,"column":8},"end":{"line":77,"column":45}},"36":{"start":{"line":78,"column":27},"end":{"line":78,"column":80}},"37":{"start":{"line":79,"column":8},"end":{"line":79,"column":70}},"38":{"start":{"line":80,"column":24},"end":{"line":80,"column":60}},"39":{"start":{"line":81,"column":8},"end":{"line":82,"column":52}},"40":{"start":{"line":85,"column":8},"end":{"line":85,"column":47}},"41":{"start":{"line":86,"column":25},"end":{"line":86,"column":53}},"42":{"start":{"line":90,"column":8},"end":{"line":90,"column":43}},"43":{"start":{"line":95,"column":18},"end":{"line":95,"column":118}},"44":{"start":{"line":96,"column":8},"end":{"line":96,"column":100}},"45":{"start":{"line":97,"column":8},"end":{"line":97,"column":38}},"46":{"start":{"line":100,"column":8},"end":{"line":100,"column":41}},"47":{"start":{"line":102,"column":8},"end":{"line":102,"column":45}},"48":{"start":{"line":103,"column":8},"end":{"line":103,"column":29}},"49":{"start":{"line":104,"column":8},"end":{"line":104,"column":25}},"50":{"start":{"line":107,"column":8},"end":{"line":107,"column":39}},"51":{"start":{"line":108,"column":8},"end":{"line":108,"column":28}},"52":{"start":{"line":109,"column":8},"end":{"line":109,"column":37}},"53":{"start":{"line":110,"column":8},"end":{"line":110,"column":41}},"54":{"start":{"line":111,"column":8},"end":{"line":111,"column":52}},"55":{"start":{"line":113,"column":8},"end":{"line":113,"column":39}},"56":{"start":{"line":125,"column":23},"end":{"line":125,"column":76}},"57":{"start":{"line":126,"column":30},"end":{"line":126,"column":83}},"58":{"start":{"line":128,"column":4},"end":{"line":150,"column":5}},"59":{"start":{"line":129,"column":8},"end":{"line":129,"column":102}},"60":{"start":{"line":130,"column":8},"end":{"line":131,"column":80}},"61":{"start":{"line":132,"column":8},"end":{"line":132,"column":113}},"62":{"start":{"line":133,"column":8},"end":{"line":133,"column":103}},"63":{"start":{"line":134,"column":8},"end":{"line":134,"column":37}},"64":{"start":{"line":135,"column":8},"end":{"line":144,"column":24}},"65":{"start":{"line":146,"column":8},"end":{"line":149,"column":27}},"66":{"start":{"line":155,"column":33},"end":{"line":190,"column":1}},"67":{"start":{"line":157,"column":8},"end":{"line":157,"column":63}},"68":{"start":{"line":158,"column":27},"end":{"line":158,"column":80}},"69":{"start":{"line":159,"column":8},"end":{"line":159,"column":70}},"70":{"start":{"line":160,"column":24},"end":{"line":160,"column":60}},"71":{"start":{"line":161,"column":8},"end":{"line":162,"column":64}},"72":{"start":{"line":165,"column":8},"end":{"line":165,"column":65}},"73":{"start":{"line":166,"column":25},"end":{"line":166,"column":53}},"74":{"start":{"line":170,"column":8},"end":{"line":170,"column":43}},"75":{"start":{"line":175,"column":18},"end":{"line":175,"column":92}},"76":{"start":{"line":176,"column":8},"end":{"line":176,"column":112}},"77":{"start":{"line":177,"column":8},"end":{"line":177,"column":38}},"78":{"start":{"line":178,"column":8},"end":{"line":178,"column":48}},"79":{"start":{"line":179,"column":8},"end":{"line":179,"column":39}},"80":{"start":{"line":180,"column":8},"end":{"line":180,"column":28}},"81":{"start":{"line":181,"column":8},"end":{"line":181,"column":37}},"82":{"start":{"line":182,"column":8},"end":{"line":182,"column":41}},"83":{"start":{"line":183,"column":8},"end":{"line":183,"column":52}},"84":{"start":{"line":185,"column":8},"end":{"line":187,"column":27}},"85":{"start":{"line":196,"column":4},"end":{"line":196,"column":60}},"86":{"start":{"line":198,"column":23},"end":{"line":198,"column":76}},"87":{"start":{"line":200,"column":4},"end":{"line":200,"column":71}},"88":{"start":{"line":201,"column":4},"end":{"line":201,"column":44}},"89":{"start":{"line":203,"column":4},"end":{"line":203,"column":38}},"90":{"start":{"line":204,"column":21},"end":{"line":204,"column":78}},"91":{"start":{"line":208,"column":4},"end":{"line":213,"column":5}},"92":{"start":{"line":209,"column":8},"end":{"line":209,"column":57}},"93":{"start":{"line":210,"column":8},"end":{"line":210,"column":35}},"94":{"start":{"line":212,"column":8},"end":{"line":212,"column":58}},"95":{"start":{"line":215,"column":4},"end":{"line":230,"column":5}},"96":{"start":{"line":216,"column":8},"end":{"line":216,"column":51}},"97":{"start":{"line":218,"column":8},"end":{"line":218,"column":42}},"98":{"start":{"line":219,"column":8},"end":{"line":219,"column":72}},"99":{"start":{"line":220,"column":8},"end":{"line":220,"column":40}},"100":{"start":{"line":225,"column":8},"end":{"line":225,"column":60}},"101":{"start":{"line":226,"column":8},"end":{"line":226,"column":46}},"102":{"start":{"line":227,"column":8},"end":{"line":227,"column":28}},"103":{"start":{"line":228,"column":8},"end":{"line":228,"column":40}},"104":{"start":{"line":233,"column":4},"end":{"line":233,"column":68}},"105":{"start":{"line":235,"column":4},"end":{"line":235,"column":18}},"106":{"start":{"line":236,"column":4},"end":{"line":236,"column":29}},"107":{"start":{"line":237,"column":4},"end":{"line":237,"column":24}},"108":{"start":{"line":270,"column":30},"end":{"line":270,"column":83}},"109":{"start":{"line":271,"column":4},"end":{"line":271,"column":144}},"110":{"start":{"line":274,"column":28},"end":{"line":299,"column":1}},"111":{"start":{"line":276,"column":24},"end":{"line":276,"column":60}},"112":{"start":{"line":279,"column":8},"end":{"line":280,"column":58}},"113":{"start":{"line":283,"column":8},"end":{"line":283,"column":46}},"114":{"start":{"line":284,"column":27},"end":{"line":284,"column":80}},"115":{"start":{"line":285,"column":34},"end":{"line":285,"column":87}},"116":{"start":{"line":287,"column":8},"end":{"line":293,"column":9}},"117":{"start":{"line":288,"column":12},"end":{"line":288,"column":67}},"118":{"start":{"line":289,"column":12},"end":{"line":289,"column":69}},"119":{"start":{"line":291,"column":12},"end":{"line":291,"column":45}},"120":{"start":{"line":292,"column":12},"end":{"line":292,"column":47}},"121":{"start":{"line":294,"column":8},"end":{"line":297,"column":27}},"122":{"start":{"line":301,"column":24},"end":{"line":327,"column":1}},"123":{"start":{"line":303,"column":24},"end":{"line":303,"column":60}},"124":{"start":{"line":304,"column":8},"end":{"line":305,"column":54}},"125":{"start":{"line":308,"column":27},"end":{"line":308,"column":80}},"126":{"start":{"line":309,"column":34},"end":{"line":309,"column":87}},"127":{"start":{"line":311,"column":8},"end":{"line":324,"column":9}},"128":{"start":{"line":312,"column":12},"end":{"line":312,"column":96}},"129":{"start":{"line":313,"column":12},"end":{"line":313,"column":48}},"130":{"start":{"line":314,"column":12},"end":{"line":314,"column":76}},"131":{"start":{"line":315,"column":12},"end":{"line":318,"column":31}},"132":{"start":{"line":320,"column":12},"end":{"line":320,"column":53}},"133":{"start":{"line":322,"column":12},"end":{"line":322,"column":108}},"134":{"start":{"line":323,"column":12},"end":{"line":323,"column":43}},"135":{"start":{"line":329,"column":25},"end":{"line":402,"column":1}},"136":{"start":{"line":331,"column":8},"end":{"line":331,"column":48}},"137":{"start":{"line":332,"column":24},"end":{"line":332,"column":60}},"138":{"start":{"line":333,"column":8},"end":{"line":334,"column":55}},"139":{"start":{"line":337,"column":8},"end":{"line":337,"column":42}},"140":{"start":{"line":338,"column":25},"end":{"line":338,"column":53}},"141":{"start":{"line":339,"column":27},"end":{"line":339,"column":80}},"142":{"start":{"line":340,"column":34},"end":{"line":340,"column":87}},"143":{"start":{"line":341,"column":27},"end":{"line":341,"column":29}},"144":{"start":{"line":342,"column":8},"end":{"line":342,"column":43}},"145":{"start":{"line":343,"column":8},"end":{"line":374,"column":9}},"146":{"start":{"line":346,"column":16},"end":{"line":346,"column":49}},"147":{"start":{"line":348,"column":16},"end":{"line":348,"column":22}},"148":{"start":{"line":352,"column":16},"end":{"line":353,"column":68}},"149":{"start":{"line":354,"column":16},"end":{"line":354,"column":22}},"150":{"start":{"line":361,"column":16},"end":{"line":361,"column":92}},"151":{"start":{"line":362,"column":16},"end":{"line":362,"column":84}},"152":{"start":{"line":363,"column":16},"end":{"line":363,"column":56}},"153":{"start":{"line":365,"column":16},"end":{"line":365,"column":22}},"154":{"start":{"line":367,"column":16},"end":{"line":367,"column":76}},"155":{"start":{"line":369,"column":16},"end":{"line":369,"column":59}},"156":{"start":{"line":370,"column":16},"end":{"line":370,"column":22}},"157":{"start":{"line":372,"column":16},"end":{"line":372,"column":67}},"158":{"start":{"line":373,"column":16},"end":{"line":373,"column":22}},"159":{"start":{"line":404,"column":31},"end":{"line":422,"column":1}},"160":{"start":{"line":406,"column":24},"end":{"line":406,"column":60}},"161":{"start":{"line":407,"column":8},"end":{"line":408,"column":60}},"162":{"start":{"line":412,"column":27},"end":{"line":412,"column":80}},"163":{"start":{"line":413,"column":34},"end":{"line":413,"column":87}},"164":{"start":{"line":415,"column":8},"end":{"line":415,"column":59}},"165":{"start":{"line":416,"column":8},"end":{"line":419,"column":27}},"166":{"start":{"line":426,"column":4},"end":{"line":426,"column":31}},"167":{"start":{"line":432,"column":23},"end":{"line":432,"column":76}},"168":{"start":{"line":433,"column":30},"end":{"line":433,"column":83}},"169":{"start":{"line":435,"column":4},"end":{"line":435,"column":29}},"170":{"start":{"line":437,"column":26},"end":{"line":437,"column":187}},"171":{"start":{"line":438,"column":4},"end":{"line":438,"column":33}},"172":{"start":{"line":439,"column":4},"end":{"line":439,"column":34}},"173":{"start":{"line":442,"column":4},"end":{"line":442,"column":42}},"174":{"start":{"line":449,"column":23},"end":{"line":449,"column":76}},"175":{"start":{"line":450,"column":30},"end":{"line":450,"column":83}},"176":{"start":{"line":452,"column":4},"end":{"line":452,"column":46}},"177":{"start":{"line":454,"column":4},"end":{"line":454,"column":129}},"178":{"start":{"line":455,"column":4},"end":{"line":455,"column":73}},"179":{"start":{"line":456,"column":4},"end":{"line":456,"column":112}},"180":{"start":{"line":457,"column":4},"end":{"line":457,"column":129}},"181":{"start":{"line":462,"column":4},"end":{"line":464,"column":5}},"182":{"start":{"line":463,"column":8},"end":{"line":463,"column":143}},"183":{"start":{"line":468,"column":4},"end":{"line":480,"column":5}},"184":{"start":{"line":469,"column":12},"end":{"line":469,"column":65}},"185":{"start":{"line":471,"column":8},"end":{"line":471,"column":75}},"186":{"start":{"line":473,"column":8},"end":{"line":479,"column":11}},"187":{"start":{"line":483,"column":4},"end":{"line":485,"column":43}},"188":{"start":{"line":484,"column":8},"end":{"line":484,"column":21}},"189":{"start":{"line":486,"column":4},"end":{"line":486,"column":122}},"190":{"start":{"line":493,"column":4},"end":{"line":495,"column":43}},"191":{"start":{"line":494,"column":8},"end":{"line":494,"column":27}},"192":{"start":{"line":496,"column":4},"end":{"line":496,"column":90}},"193":{"start":{"line":500,"column":4},"end":{"line":500,"column":31}},"194":{"start":{"line":501,"column":4},"end":{"line":501,"column":30}},"195":{"start":{"line":502,"column":4},"end":{"line":502,"column":72}},"196":{"start":{"line":503,"column":4},"end":{"line":503,"column":83}},"197":{"start":{"line":504,"column":4},"end":{"line":504,"column":68}},"198":{"start":{"line":506,"column":4},"end":{"line":509,"column":5}},"199":{"start":{"line":507,"column":8},"end":{"line":507,"column":60}},"200":{"start":{"line":508,"column":8},"end":{"line":508,"column":91}},"201":{"start":{"line":511,"column":4},"end":{"line":511,"column":103}},"202":{"start":{"line":512,"column":4},"end":{"line":512,"column":28}},"203":{"start":{"line":513,"column":4},"end":{"line":513,"column":103}},"204":{"start":{"line":515,"column":4},"end":{"line":531,"column":5}},"205":{"start":{"line":517,"column":12},"end":{"line":517,"column":128}},"206":{"start":{"line":518,"column":12},"end":{"line":518,"column":18}},"207":{"start":{"line":520,"column":12},"end":{"line":520,"column":67}},"208":{"start":{"line":521,"column":12},"end":{"line":521,"column":48}},"209":{"start":{"line":522,"column":12},"end":{"line":522,"column":31}},"210":{"start":{"line":523,"column":12},"end":{"line":523,"column":48}},"211":{"start":{"line":524,"column":12},"end":{"line":524,"column":18}},"212":{"start":{"line":526,"column":12},"end":{"line":526,"column":68}},"213":{"start":{"line":527,"column":12},"end":{"line":527,"column":18}},"214":{"start":{"line":529,"column":12},"end":{"line":529,"column":85}},"215":{"start":{"line":530,"column":12},"end":{"line":530,"column":18}},"216":{"start":{"line":533,"column":4},"end":{"line":533,"column":32}},"217":{"start":{"line":534,"column":4},"end":{"line":534,"column":28}},"218":{"start":{"line":536,"column":16},"end":{"line":536,"column":99}},"219":{"start":{"line":537,"column":4},"end":{"line":542,"column":5}},"220":{"start":{"line":538,"column":8},"end":{"line":538,"column":96}},"221":{"start":{"line":540,"column":8},"end":{"line":541,"column":111}},"222":{"start":{"line":546,"column":4},"end":{"line":546,"column":25}},"223":{"start":{"line":547,"column":4},"end":{"line":547,"column":57}},"224":{"start":{"line":550,"column":8},"end":{"line":562,"column":9}},"225":{"start":{"line":551,"column":12},"end":{"line":551,"column":56}},"226":{"start":{"line":552,"column":12},"end":{"line":561,"column":28}},"227":{"start":{"line":568,"column":23},"end":{"line":568,"column":76}},"228":{"start":{"line":569,"column":30},"end":{"line":569,"column":83}},"229":{"start":{"line":571,"column":25},"end":{"line":571,"column":71}},"230":{"start":{"line":572,"column":22},"end":{"line":572,"column":24}},"231":{"start":{"line":577,"column":4},"end":{"line":604,"column":5}},"232":{"start":{"line":579,"column":8},"end":{"line":579,"column":61}},"233":{"start":{"line":580,"column":8},"end":{"line":580,"column":154}},"234":{"start":{"line":581,"column":8},"end":{"line":598,"column":9}},"235":{"start":{"line":583,"column":12},"end":{"line":583,"column":40}},"236":{"start":{"line":584,"column":12},"end":{"line":584,"column":92}},"237":{"start":{"line":585,"column":12},"end":{"line":585,"column":128}},"238":{"start":{"line":586,"column":12},"end":{"line":586,"column":44}},"239":{"start":{"line":587,"column":12},"end":{"line":587,"column":64}},"240":{"start":{"line":588,"column":12},"end":{"line":588,"column":87}},"241":{"start":{"line":590,"column":12},"end":{"line":591,"column":116}},"242":{"start":{"line":592,"column":12},"end":{"line":592,"column":73}},"243":{"start":{"line":593,"column":12},"end":{"line":593,"column":54}},"244":{"start":{"line":595,"column":12},"end":{"line":595,"column":81}},"245":{"start":{"line":597,"column":12},"end":{"line":597,"column":54}},"246":{"start":{"line":600,"column":8},"end":{"line":600,"column":144}},"247":{"start":{"line":601,"column":8},"end":{"line":601,"column":40}},"248":{"start":{"line":602,"column":8},"end":{"line":602,"column":51}},"249":{"start":{"line":607,"column":4},"end":{"line":607,"column":43}},"250":{"start":{"line":610,"column":4},"end":{"line":610,"column":68}},"251":{"start":{"line":613,"column":4},"end":{"line":613,"column":18}},"252":{"start":{"line":616,"column":20},"end":{"line":646,"column":1}},"253":{"start":{"line":618,"column":8},"end":{"line":618,"column":42}},"254":{"start":{"line":619,"column":24},"end":{"line":619,"column":60}},"255":{"start":{"line":620,"column":8},"end":{"line":621,"column":56}},"256":{"start":{"line":624,"column":8},"end":{"line":624,"column":51}},"257":{"start":{"line":626,"column":34},"end":{"line":626,"column":87}},"258":{"start":{"line":639,"column":8},"end":{"line":639,"column":131}},"259":{"start":{"line":640,"column":8},"end":{"line":640,"column":67}},"260":{"start":{"line":641,"column":8},"end":{"line":644,"column":27}},"261":{"start":{"line":648,"column":20},"end":{"line":671,"column":1}},"262":{"start":{"line":650,"column":8},"end":{"line":650,"column":42}},"263":{"start":{"line":651,"column":24},"end":{"line":651,"column":60}},"264":{"start":{"line":653,"column":8},"end":{"line":657,"column":10}},"265":{"start":{"line":660,"column":8},"end":{"line":660,"column":37}},"266":{"start":{"line":662,"column":27},"end":{"line":662,"column":80}},"267":{"start":{"line":669,"column":8},"end":{"line":669,"column":39}},"268":{"start":{"line":674,"column":21},"end":{"line":674,"column":49}},"269":{"start":{"line":676,"column":30},"end":{"line":676,"column":83}},"270":{"start":{"line":678,"column":4},"end":{"line":678,"column":160}},"271":{"start":{"line":679,"column":4},"end":{"line":679,"column":40}},"272":{"start":{"line":682,"column":4},"end":{"line":682,"column":48}},"273":{"start":{"line":695,"column":4},"end":{"line":704,"column":23}},"274":{"start":{"line":710,"column":4},"end":{"line":710,"column":36}},"275":{"start":{"line":713,"column":30},"end":{"line":713,"column":83}},"276":{"start":{"line":714,"column":24},"end":{"line":714,"column":152}},"277":{"start":{"line":719,"column":4},"end":{"line":732,"column":23}},"278":{"start":{"line":735,"column":35},"end":{"line":744,"column":1}},"279":{"start":{"line":737,"column":8},"end":{"line":737,"column":57}},"280":{"start":{"line":738,"column":8},"end":{"line":738,"column":83}},"281":{"start":{"line":741,"column":8},"end":{"line":741,"column":98}},"282":{"start":{"line":742,"column":8},"end":{"line":742,"column":58}},"283":{"start":{"line":746,"column":21},"end":{"line":759,"column":1}},"284":{"start":{"line":748,"column":8},"end":{"line":748,"column":43}},"285":{"start":{"line":749,"column":8},"end":{"line":749,"column":20}},"286":{"start":{"line":752,"column":34},"end":{"line":752,"column":87}},"287":{"start":{"line":753,"column":8},"end":{"line":753,"column":27}},"288":{"start":{"line":754,"column":8},"end":{"line":757,"column":27}},"289":{"start":{"line":761,"column":24},"end":{"line":799,"column":1}},"290":{"start":{"line":763,"column":24},"end":{"line":763,"column":60}},"291":{"start":{"line":765,"column":8},"end":{"line":766,"column":60}},"292":{"start":{"line":769,"column":8},"end":{"line":769,"column":48}},"293":{"start":{"line":770,"column":27},"end":{"line":770,"column":80}},"294":{"start":{"line":771,"column":8},"end":{"line":771,"column":86}},"295":{"start":{"line":772,"column":34},"end":{"line":772,"column":87}},"296":{"start":{"line":774,"column":8},"end":{"line":774,"column":63}},"297":{"start":{"line":775,"column":8},"end":{"line":775,"column":38}},"298":{"start":{"line":793,"column":8},"end":{"line":796,"column":27}},"299":{"start":{"line":802,"column":31},"end":{"line":836,"column":1}},"300":{"start":{"line":804,"column":8},"end":{"line":807,"column":10}},"301":{"start":{"line":811,"column":23},"end":{"line":811,"column":66}},"302":{"start":{"line":812,"column":35},"end":{"line":812,"column":99}},"303":{"start":{"line":813,"column":34},"end":{"line":813,"column":87}},"304":{"start":{"line":814,"column":27},"end":{"line":814,"column":80}},"305":{"start":{"line":816,"column":8},"end":{"line":816,"column":53}},"306":{"start":{"line":817,"column":8},"end":{"line":817,"column":49}},"307":{"start":{"line":818,"column":8},"end":{"line":818,"column":56}},"308":{"start":{"line":819,"column":8},"end":{"line":819,"column":53}},"309":{"start":{"line":821,"column":8},"end":{"line":829,"column":9}},"310":{"start":{"line":822,"column":12},"end":{"line":823,"column":55}},"311":{"start":{"line":824,"column":12},"end":{"line":824,"column":42}},"312":{"start":{"line":827,"column":12},"end":{"line":827,"column":108}},"313":{"start":{"line":828,"column":12},"end":{"line":828,"column":67}},"314":{"start":{"line":831,"column":8},"end":{"line":834,"column":27}},"315":{"start":{"line":839,"column":27},"end":{"line":872,"column":1}},"316":{"start":{"line":841,"column":8},"end":{"line":841,"column":49}},"317":{"start":{"line":842,"column":8},"end":{"line":843,"column":86}},"318":{"start":{"line":846,"column":8},"end":{"line":846,"column":51}},"319":{"start":{"line":850,"column":27},"end":{"line":850,"column":80}},"320":{"start":{"line":852,"column":8},"end":{"line":865,"column":9}},"321":{"start":{"line":855,"column":12},"end":{"line":857,"column":95}},"322":{"start":{"line":859,"column":12},"end":{"line":859,"column":79}},"323":{"start":{"line":862,"column":12},"end":{"line":862,"column":148}},"324":{"start":{"line":864,"column":12},"end":{"line":864,"column":79}},"325":{"start":{"line":867,"column":8},"end":{"line":870,"column":27}},"326":{"start":{"line":874,"column":27},"end":{"line":977,"column":1}},"327":{"start":{"line":876,"column":8},"end":{"line":876,"column":49}},"328":{"start":{"line":877,"column":8},"end":{"line":878,"column":86}},"329":{"start":{"line":881,"column":8},"end":{"line":881,"column":51}},"330":{"start":{"line":882,"column":23},"end":{"line":882,"column":66}},"331":{"start":{"line":883,"column":35},"end":{"line":883,"column":99}},"332":{"start":{"line":884,"column":34},"end":{"line":884,"column":87}},"333":{"start":{"line":885,"column":27},"end":{"line":885,"column":80}},"334":{"start":{"line":889,"column":8},"end":{"line":914,"column":9}},"335":{"start":{"line":890,"column":12},"end":{"line":890,"column":47}},"336":{"start":{"line":892,"column":12},"end":{"line":906,"column":13}},"337":{"start":{"line":894,"column":16},"end":{"line":894,"column":67}},"338":{"start":{"line":895,"column":16},"end":{"line":895,"column":44}},"339":{"start":{"line":896,"column":16},"end":{"line":905,"column":32}},"340":{"start":{"line":917,"column":22},"end":{"line":917,"column":140}},"341":{"start":{"line":918,"column":8},"end":{"line":932,"column":9}},"342":{"start":{"line":919,"column":12},"end":{"line":919,"column":49}},"343":{"start":{"line":921,"column":12},"end":{"line":921,"column":44}},"344":{"start":{"line":935,"column":8},"end":{"line":975,"column":11}},"345":{"start":{"line":936,"column":26},"end":{"line":936,"column":144}},"346":{"start":{"line":937,"column":26},"end":{"line":937,"column":96}},"347":{"start":{"line":937,"column":63},"end":{"line":937,"column":95}},"348":{"start":{"line":938,"column":12},"end":{"line":938,"column":95}},"349":{"start":{"line":939,"column":12},"end":{"line":939,"column":33}},"350":{"start":{"line":942,"column":12},"end":{"line":974,"column":13}},"351":{"start":{"line":943,"column":16},"end":{"line":943,"column":53}},"352":{"start":{"line":945,"column":26},"end":{"line":945,"column":50}},"353":{"start":{"line":947,"column":16},"end":{"line":948,"column":91}},"354":{"start":{"line":949,"column":16},"end":{"line":949,"column":37}},"355":{"start":{"line":951,"column":16},"end":{"line":954,"column":35}},"356":{"start":{"line":957,"column":16},"end":{"line":957,"column":56}},"357":{"start":{"line":958,"column":16},"end":{"line":958,"column":37}},"358":{"start":{"line":959,"column":16},"end":{"line":959,"column":54}},"359":{"start":{"line":973,"column":16},"end":{"line":973,"column":122}},"360":{"start":{"line":979,"column":29},"end":{"line":1051,"column":1}},"361":{"start":{"line":981,"column":8},"end":{"line":981,"column":51}},"362":{"start":{"line":983,"column":8},"end":{"line":984,"column":81}},"363":{"start":{"line":987,"column":8},"end":{"line":987,"column":53}},"364":{"start":{"line":988,"column":23},"end":{"line":988,"column":66}},"365":{"start":{"line":989,"column":19},"end":{"line":989,"column":83}},"366":{"start":{"line":996,"column":8},"end":{"line":1002,"column":9}},"367":{"start":{"line":998,"column":12},"end":{"line":1001,"column":31}},"368":{"start":{"line":1004,"column":8},"end":{"line":1010,"column":9}},"369":{"start":{"line":1006,"column":12},"end":{"line":1009,"column":31}},"370":{"start":{"line":1013,"column":19},"end":{"line":1013,"column":142}},"371":{"start":{"line":1014,"column":8},"end":{"line":1014,"column":69}},"372":{"start":{"line":1016,"column":8},"end":{"line":1025,"column":9}},"373":{"start":{"line":1018,"column":22},"end":{"line":1018,"column":46}},"374":{"start":{"line":1019,"column":12},"end":{"line":1019,"column":53}},"375":{"start":{"line":1020,"column":12},"end":{"line":1020,"column":33}},"376":{"start":{"line":1021,"column":12},"end":{"line":1024,"column":31}},"377":{"start":{"line":1026,"column":8},"end":{"line":1048,"column":11}},"378":{"start":{"line":1030,"column":12},"end":{"line":1030,"column":72}},"379":{"start":{"line":1031,"column":26},"end":{"line":1031,"column":93}},"380":{"start":{"line":1031,"column":63},"end":{"line":1031,"column":92}},"381":{"start":{"line":1032,"column":12},"end":{"line":1032,"column":41}},"382":{"start":{"line":1033,"column":12},"end":{"line":1033,"column":33}},"383":{"start":{"line":1034,"column":12},"end":{"line":1034,"column":39}},"384":{"start":{"line":1036,"column":12},"end":{"line":1047,"column":31}},"385":{"start":{"line":1053,"column":32},"end":{"line":1114,"column":1}},"386":{"start":{"line":1055,"column":8},"end":{"line":1055,"column":54}},"387":{"start":{"line":1057,"column":8},"end":{"line":1058,"column":84}},"388":{"start":{"line":1061,"column":8},"end":{"line":1061,"column":56}},"389":{"start":{"line":1063,"column":23},"end":{"line":1063,"column":66}},"390":{"start":{"line":1064,"column":19},"end":{"line":1064,"column":83}},"391":{"start":{"line":1071,"column":8},"end":{"line":1077,"column":9}},"392":{"start":{"line":1073,"column":12},"end":{"line":1076,"column":31}},"393":{"start":{"line":1079,"column":8},"end":{"line":1085,"column":9}},"394":{"start":{"line":1081,"column":12},"end":{"line":1084,"column":31}},"395":{"start":{"line":1088,"column":19},"end":{"line":1088,"column":139}},"396":{"start":{"line":1090,"column":8},"end":{"line":1111,"column":11}},"397":{"start":{"line":1094,"column":26},"end":{"line":1094,"column":93}},"398":{"start":{"line":1094,"column":63},"end":{"line":1094,"column":92}},"399":{"start":{"line":1095,"column":12},"end":{"line":1095,"column":48}},"400":{"start":{"line":1096,"column":12},"end":{"line":1096,"column":33}},"401":{"start":{"line":1097,"column":12},"end":{"line":1097,"column":46}},"402":{"start":{"line":1099,"column":12},"end":{"line":1110,"column":31}},"403":{"start":{"line":1116,"column":36},"end":{"line":1180,"column":1}},"404":{"start":{"line":1118,"column":8},"end":{"line":1120,"column":72}},"405":{"start":{"line":1123,"column":8},"end":{"line":1123,"column":53}},"406":{"start":{"line":1124,"column":34},"end":{"line":1124,"column":87}},"407":{"start":{"line":1125,"column":23},"end":{"line":1125,"column":66}},"408":{"start":{"line":1126,"column":19},"end":{"line":1126,"column":83}},"409":{"start":{"line":1127,"column":33},"end":{"line":1127,"column":75}},"410":{"start":{"line":1129,"column":8},"end":{"line":1178,"column":11}},"411":{"start":{"line":1131,"column":12},"end":{"line":1170,"column":13}},"412":{"start":{"line":1132,"column":35},"end":{"line":1132,"column":37}},"413":{"start":{"line":1133,"column":35},"end":{"line":1133,"column":88}},"414":{"start":{"line":1135,"column":16},"end":{"line":1135,"column":50}},"415":{"start":{"line":1136,"column":16},"end":{"line":1136,"column":74}},"416":{"start":{"line":1137,"column":16},"end":{"line":1137,"column":50}},"417":{"start":{"line":1142,"column":16},"end":{"line":1165,"column":17}},"418":{"start":{"line":1144,"column":38},"end":{"line":1146,"column":26}},"419":{"start":{"line":1145,"column":28},"end":{"line":1145,"column":109}},"420":{"start":{"line":1147,"column":24},"end":{"line":1147,"column":78}},"421":{"start":{"line":1148,"column":24},"end":{"line":1148,"column":81}},"422":{"start":{"line":1149,"column":24},"end":{"line":1149,"column":48}},"423":{"start":{"line":1150,"column":34},"end":{"line":1150,"column":58}},"424":{"start":{"line":1151,"column":24},"end":{"line":1151,"column":123}},"425":{"start":{"line":1152,"column":24},"end":{"line":1152,"column":30}},"426":{"start":{"line":1154,"column":43},"end":{"line":1154,"column":155}},"427":{"start":{"line":1154,"column":80},"end":{"line":1154,"column":154}},"428":{"start":{"line":1157,"column":24},"end":{"line":1157,"column":147}},"429":{"start":{"line":1158,"column":24},"end":{"line":1158,"column":30}},"430":{"start":{"line":1160,"column":24},"end":{"line":1160,"column":145}},"431":{"start":{"line":1161,"column":24},"end":{"line":1161,"column":30}},"432":{"start":{"line":1163,"column":24},"end":{"line":1163,"column":117}},"433":{"start":{"line":1164,"column":24},"end":{"line":1164,"column":30}},"434":{"start":{"line":1166,"column":16},"end":{"line":1169,"column":35}},"435":{"start":{"line":1173,"column":12},"end":{"line":1173,"column":129}},"436":{"start":{"line":1175,"column":12},"end":{"line":1177,"column":31}},"437":{"start":{"line":1182,"column":37},"end":{"line":1236,"column":1}},"438":{"start":{"line":1184,"column":8},"end":{"line":1187,"column":10}},"439":{"start":{"line":1190,"column":23},"end":{"line":1190,"column":66}},"440":{"start":{"line":1191,"column":35},"end":{"line":1191,"column":99}},"441":{"start":{"line":1192,"column":26},"end":{"line":1192,"column":80}},"442":{"start":{"line":1193,"column":34},"end":{"line":1193,"column":87}},"443":{"start":{"line":1196,"column":8},"end":{"line":1234,"column":11}},"444":{"start":{"line":1197,"column":28},"end":{"line":1199,"column":13}},"445":{"start":{"line":1198,"column":26},"end":{"line":1198,"column":56}},"446":{"start":{"line":1201,"column":12},"end":{"line":1203,"column":14}},"447":{"start":{"line":1205,"column":12},"end":{"line":1227,"column":13}},"448":{"start":{"line":1209,"column":16},"end":{"line":1222,"column":17}},"449":{"start":{"line":1211,"column":20},"end":{"line":1211,"column":72}},"450":{"start":{"line":1212,"column":20},"end":{"line":1212,"column":76}},"451":{"start":{"line":1213,"column":23},"end":{"line":1222,"column":17}},"452":{"start":{"line":1214,"column":20},"end":{"line":1214,"column":72}},"453":{"start":{"line":1215,"column":20},"end":{"line":1215,"column":76}},"454":{"start":{"line":1216,"column":23},"end":{"line":1222,"column":17}},"455":{"start":{"line":1220,"column":20},"end":{"line":1220,"column":77}},"456":{"start":{"line":1221,"column":20},"end":{"line":1221,"column":76}},"457":{"start":{"line":1223,"column":16},"end":{"line":1226,"column":35}},"458":{"start":{"line":1229,"column":12},"end":{"line":1229,"column":129}},"459":{"start":{"line":1231,"column":12},"end":{"line":1233,"column":31}},"460":{"start":{"line":1238,"column":41},"end":{"line":1272,"column":1}},"461":{"start":{"line":1240,"column":8},"end":{"line":1241,"column":93}},"462":{"start":{"line":1244,"column":23},"end":{"line":1244,"column":66}},"463":{"start":{"line":1245,"column":35},"end":{"line":1245,"column":99}},"464":{"start":{"line":1249,"column":19},"end":{"line":1249,"column":142}},"465":{"start":{"line":1251,"column":8},"end":{"line":1270,"column":11}},"466":{"start":{"line":1252,"column":26},"end":{"line":1252,"column":93}},"467":{"start":{"line":1252,"column":63},"end":{"line":1252,"column":92}},"468":{"start":{"line":1254,"column":12},"end":{"line":1262,"column":13}},"469":{"start":{"line":1255,"column":35},"end":{"line":1255,"column":132}},"470":{"start":{"line":1256,"column":39},"end":{"line":1256,"column":49}},"471":{"start":{"line":1258,"column":16},"end":{"line":1261,"column":35}},"472":{"start":{"line":1264,"column":12},"end":{"line":1264,"column":52}},"473":{"start":{"line":1265,"column":12},"end":{"line":1265,"column":33}},"474":{"start":{"line":1266,"column":12},"end":{"line":1266,"column":50}},"475":{"start":{"line":1268,"column":12},"end":{"line":1268,"column":65}},"476":{"start":{"line":1275,"column":23},"end":{"line":1275,"column":76}},"477":{"start":{"line":1276,"column":30},"end":{"line":1276,"column":83}},"478":{"start":{"line":1278,"column":4},"end":{"line":1292,"column":5}},"479":{"start":{"line":1281,"column":8},"end":{"line":1281,"column":102}},"480":{"start":{"line":1282,"column":8},"end":{"line":1282,"column":83}},"481":{"start":{"line":1283,"column":11},"end":{"line":1292,"column":5}},"482":{"start":{"line":1284,"column":8},"end":{"line":1284,"column":144}},"483":{"start":{"line":1288,"column":8},"end":{"line":1289,"column":111}},"484":{"start":{"line":1293,"column":4},"end":{"line":1293,"column":24}},"485":{"start":{"line":1300,"column":32},"end":{"line":1301,"column":42}},"486":{"start":{"line":1302,"column":25},"end":{"line":1302,"column":70}},"487":{"start":{"line":1303,"column":4},"end":{"line":1303,"column":62}},"488":{"start":{"line":1306,"column":32},"end":{"line":1339,"column":1}},"489":{"start":{"line":1308,"column":35},"end":{"line":1312,"column":10}},"490":{"start":{"line":1314,"column":8},"end":{"line":1332,"column":9}},"491":{"start":{"line":1315,"column":25},"end":{"line":1315,"column":34}},"492":{"start":{"line":1316,"column":25},"end":{"line":1316,"column":27}},"493":{"start":{"line":1318,"column":12},"end":{"line":1320,"column":13}},"494":{"start":{"line":1318,"column":25},"end":{"line":1318,"column":26}},"495":{"start":{"line":1319,"column":16},"end":{"line":1319,"column":37}},"496":{"start":{"line":1321,"column":26},"end":{"line":1325,"column":14}},"497":{"start":{"line":1327,"column":12},"end":{"line":1331,"column":13}},"498":{"start":{"line":1328,"column":16},"end":{"line":1328,"column":71}},"499":{"start":{"line":1330,"column":16},"end":{"line":1330,"column":29}},"500":{"start":{"line":1334,"column":27},"end":{"line":1334,"column":80}},"501":{"start":{"line":1335,"column":8},"end":{"line":1337,"column":10}},"502":{"start":{"line":1336,"column":12},"end":{"line":1336,"column":56}},"503":{"start":{"line":1342,"column":31},"end":{"line":1362,"column":1}},"504":{"start":{"line":1344,"column":8},"end":{"line":1360,"column":9}},"505":{"start":{"line":1346,"column":12},"end":{"line":1359,"column":13}},"506":{"start":{"line":1347,"column":31},"end":{"line":1347,"column":74}},"507":{"start":{"line":1348,"column":27},"end":{"line":1348,"column":91}},"508":{"start":{"line":1349,"column":31},"end":{"line":1349,"column":66}},"509":{"start":{"line":1350,"column":41},"end":{"line":1350,"column":95}},"510":{"start":{"line":1351,"column":44},"end":{"line":1351,"column":101}},"511":{"start":{"line":1352,"column":16},"end":{"line":1352,"column":49}},"512":{"start":{"line":1353,"column":42},"end":{"line":1353,"column":95}},"513":{"start":{"line":1354,"column":16},"end":{"line":1354,"column":70}},"514":{"start":{"line":1355,"column":16},"end":{"line":1355,"column":76}},"515":{"start":{"line":1356,"column":16},"end":{"line":1356,"column":87}},"516":{"start":{"line":1358,"column":16},"end":{"line":1358,"column":75}},"517":{"start":{"line":1366,"column":38},"end":{"line":1391,"column":1}},"518":{"start":{"line":1368,"column":8},"end":{"line":1389,"column":9}},"519":{"start":{"line":1369,"column":12},"end":{"line":1388,"column":15}},"520":{"start":{"line":1370,"column":16},"end":{"line":1387,"column":23}},"521":{"start":{"line":1372,"column":24},"end":{"line":1372,"column":74}},"522":{"start":{"line":1373,"column":24},"end":{"line":1379,"column":25}},"523":{"start":{"line":1374,"column":28},"end":{"line":1374,"column":65}},"524":{"start":{"line":1376,"column":28},"end":{"line":1376,"column":66}},"525":{"start":{"line":1378,"column":28},"end":{"line":1378,"column":79}},"526":{"start":{"line":1380,"column":24},"end":{"line":1380,"column":62}},"527":{"start":{"line":1381,"column":24},"end":{"line":1381,"column":117}},"528":{"start":{"line":1382,"column":24},"end":{"line":1382,"column":98}},"529":{"start":{"line":1383,"column":24},"end":{"line":1383,"column":34}},"530":{"start":{"line":1386,"column":24},"end":{"line":1386,"column":36}},"531":{"start":{"line":1395,"column":39},"end":{"line":1431,"column":1}},"532":{"start":{"line":1397,"column":8},"end":{"line":1397,"column":112}},"533":{"start":{"line":1398,"column":8},"end":{"line":1398,"column":111}},"534":{"start":{"line":1399,"column":8},"end":{"line":1399,"column":112}},"535":{"start":{"line":1403,"column":18},"end":{"line":1403,"column":54}},"536":{"start":{"line":1404,"column":32},"end":{"line":1404,"column":85}},"537":{"start":{"line":1412,"column":8},"end":{"line":1429,"column":9}},"538":{"start":{"line":1416,"column":12},"end":{"line":1416,"column":116}},"539":{"start":{"line":1417,"column":12},"end":{"line":1417,"column":102}},"540":{"start":{"line":1419,"column":12},"end":{"line":1419,"column":86}},"541":{"start":{"line":1420,"column":12},"end":{"line":1428,"column":15}},"542":{"start":{"line":1421,"column":16},"end":{"line":1427,"column":23}},"543":{"start":{"line":1423,"column":24},"end":{"line":1423,"column":34}},"544":{"start":{"line":1426,"column":24},"end":{"line":1426,"column":36}},"545":{"start":{"line":1435,"column":4},"end":{"line":1443,"column":5}},"546":{"start":{"line":1435,"column":17},"end":{"line":1435,"column":18}},"547":{"start":{"line":1436,"column":16},"end":{"line":1438,"column":10}},"548":{"start":{"line":1437,"column":12},"end":{"line":1437,"column":89}},"549":{"start":{"line":1439,"column":8},"end":{"line":1442,"column":9}},"550":{"start":{"line":1441,"column":12},"end":{"line":1441,"column":18}},"551":{"start":{"line":1445,"column":4},"end":{"line":1445,"column":73}},"552":{"start":{"line":1449,"column":30},"end":{"line":1453,"column":1}},"553":{"start":{"line":1451,"column":8},"end":{"line":1451,"column":90}},"554":{"start":{"line":1454,"column":31},"end":{"line":1458,"column":1}},"555":{"start":{"line":1456,"column":8},"end":{"line":1456,"column":96}},"556":{"start":{"line":1461,"column":19},"end":{"line":1461,"column":47}},"557":{"start":{"line":1464,"column":0},"end":{"line":1495,"column":14}}},"fnMap":{"0":{"name":"(anonymous_0)","decl":{"start":{"line":63,"column":4},"end":{"line":63,"column":5}},"loc":{"start":{"line":63,"column":28},"end":{"line":66,"column":5}},"line":63},"1":{"name":"(anonymous_1)","decl":{"start":{"line":67,"column":4},"end":{"line":67,"column":5}},"loc":{"start":{"line":67,"column":31},"end":{"line":72,"column":5}},"line":67},"2":{"name":"(anonymous_2)","decl":{"start":{"line":76,"column":4},"end":{"line":76,"column":5}},"loc":{"start":{"line":76,"column":28},"end":{"line":83,"column":5}},"line":76},"3":{"name":"(anonymous_3)","decl":{"start":{"line":84,"column":4},"end":{"line":84,"column":5}},"loc":{"start":{"line":84,"column":25},"end":{"line":121,"column":5}},"line":84},"4":{"name":"showNextQuestion","decl":{"start":{"line":124,"column":9},"end":{"line":124,"column":25}},"loc":{"start":{"line":124,"column":40},"end":{"line":153,"column":1}},"line":124},"5":{"name":"(anonymous_5)","decl":{"start":{"line":156,"column":4},"end":{"line":156,"column":5}},"loc":{"start":{"line":156,"column":28},"end":{"line":163,"column":5}},"line":156},"6":{"name":"(anonymous_6)","decl":{"start":{"line":164,"column":4},"end":{"line":164,"column":5}},"loc":{"start":{"line":164,"column":25},"end":{"line":189,"column":5}},"line":164},"7":{"name":"CheckAnswer","decl":{"start":{"line":192,"column":9},"end":{"line":192,"column":20}},"loc":{"start":{"line":192,"column":45},"end":{"line":267,"column":1}},"line":192},"8":{"name":"getSpeechCon","decl":{"start":{"line":269,"column":9},"end":{"line":269,"column":21}},"loc":{"start":{"line":269,"column":42},"end":{"line":272,"column":1}},"line":269},"9":{"name":"(anonymous_9)","decl":{"start":{"line":275,"column":4},"end":{"line":275,"column":5}},"loc":{"start":{"line":275,"column":28},"end":{"line":281,"column":5}},"line":275},"10":{"name":"(anonymous_10)","decl":{"start":{"line":282,"column":4},"end":{"line":282,"column":5}},"loc":{"start":{"line":282,"column":25},"end":{"line":298,"column":5}},"line":282},"11":{"name":"(anonymous_11)","decl":{"start":{"line":302,"column":4},"end":{"line":302,"column":5}},"loc":{"start":{"line":302,"column":28},"end":{"line":306,"column":5}},"line":302},"12":{"name":"(anonymous_12)","decl":{"start":{"line":307,"column":4},"end":{"line":307,"column":5}},"loc":{"start":{"line":307,"column":25},"end":{"line":326,"column":5}},"line":307},"13":{"name":"(anonymous_13)","decl":{"start":{"line":330,"column":4},"end":{"line":330,"column":5}},"loc":{"start":{"line":330,"column":28},"end":{"line":335,"column":5}},"line":330},"14":{"name":"(anonymous_14)","decl":{"start":{"line":336,"column":4},"end":{"line":336,"column":5}},"loc":{"start":{"line":336,"column":31},"end":{"line":401,"column":5}},"line":336},"15":{"name":"(anonymous_15)","decl":{"start":{"line":405,"column":4},"end":{"line":405,"column":5}},"loc":{"start":{"line":405,"column":28},"end":{"line":410,"column":5}},"line":405},"16":{"name":"(anonymous_16)","decl":{"start":{"line":411,"column":4},"end":{"line":411,"column":5}},"loc":{"start":{"line":411,"column":25},"end":{"line":421,"column":5}},"line":411},"17":{"name":"startNewLevel","decl":{"start":{"line":424,"column":9},"end":{"line":424,"column":22}},"loc":{"start":{"line":424,"column":37},"end":{"line":428,"column":1}},"line":424},"18":{"name":"askQuestion","decl":{"start":{"line":430,"column":9},"end":{"line":430,"column":20}},"loc":{"start":{"line":430,"column":35},"end":{"line":445,"column":1}},"line":430},"19":{"name":"setupLevel","decl":{"start":{"line":447,"column":9},"end":{"line":447,"column":19}},"loc":{"start":{"line":447,"column":34},"end":{"line":565,"column":1}},"line":447},"20":{"name":"(anonymous_20)","decl":{"start":{"line":468,"column":38},"end":{"line":468,"column":39}},"loc":{"start":{"line":468,"column":55},"end":{"line":470,"column":9}},"line":468},"21":{"name":"(anonymous_21)","decl":{"start":{"line":483,"column":46},"end":{"line":483,"column":47}},"loc":{"start":{"line":483,"column":59},"end":{"line":485,"column":5}},"line":483},"22":{"name":"(anonymous_22)","decl":{"start":{"line":493,"column":61},"end":{"line":493,"column":62}},"loc":{"start":{"line":493,"column":74},"end":{"line":495,"column":5}},"line":493},"23":{"name":"marksOutOfTen","decl":{"start":{"line":567,"column":9},"end":{"line":567,"column":22}},"loc":{"start":{"line":567,"column":37},"end":{"line":614,"column":1}},"line":567},"24":{"name":"(anonymous_24)","decl":{"start":{"line":617,"column":4},"end":{"line":617,"column":5}},"loc":{"start":{"line":617,"column":28},"end":{"line":622,"column":5}},"line":617},"25":{"name":"(anonymous_25)","decl":{"start":{"line":623,"column":4},"end":{"line":623,"column":5}},"loc":{"start":{"line":623,"column":25},"end":{"line":645,"column":5}},"line":623},"26":{"name":"(anonymous_26)","decl":{"start":{"line":649,"column":4},"end":{"line":649,"column":5}},"loc":{"start":{"line":649,"column":28},"end":{"line":658,"column":5}},"line":649},"27":{"name":"(anonymous_27)","decl":{"start":{"line":659,"column":4},"end":{"line":659,"column":5}},"loc":{"start":{"line":659,"column":31},"end":{"line":670,"column":5}},"line":659},"28":{"name":"exitSkill","decl":{"start":{"line":673,"column":9},"end":{"line":673,"column":18}},"loc":{"start":{"line":673,"column":33},"end":{"line":706,"column":1}},"line":673},"29":{"name":"makeUpsell","decl":{"start":{"line":708,"column":9},"end":{"line":708,"column":19}},"loc":{"start":{"line":708,"column":72},"end":{"line":733,"column":1}},"line":708},"30":{"name":"(anonymous_30)","decl":{"start":{"line":736,"column":4},"end":{"line":736,"column":5}},"loc":{"start":{"line":736,"column":28},"end":{"line":739,"column":5}},"line":736},"31":{"name":"(anonymous_31)","decl":{"start":{"line":740,"column":4},"end":{"line":740,"column":5}},"loc":{"start":{"line":740,"column":25},"end":{"line":743,"column":5}},"line":740},"32":{"name":"(anonymous_32)","decl":{"start":{"line":747,"column":4},"end":{"line":747,"column":5}},"loc":{"start":{"line":747,"column":16},"end":{"line":750,"column":5}},"line":747},"33":{"name":"(anonymous_33)","decl":{"start":{"line":751,"column":4},"end":{"line":751,"column":5}},"loc":{"start":{"line":751,"column":32},"end":{"line":758,"column":5}},"line":751},"34":{"name":"(anonymous_34)","decl":{"start":{"line":762,"column":4},"end":{"line":762,"column":5}},"loc":{"start":{"line":762,"column":28},"end":{"line":767,"column":5}},"line":762},"35":{"name":"(anonymous_35)","decl":{"start":{"line":768,"column":4},"end":{"line":768,"column":5}},"loc":{"start":{"line":768,"column":25},"end":{"line":797,"column":5}},"line":768},"36":{"name":"(anonymous_36)","decl":{"start":{"line":803,"column":4},"end":{"line":803,"column":5}},"loc":{"start":{"line":803,"column":28},"end":{"line":808,"column":5}},"line":803},"37":{"name":"(anonymous_37)","decl":{"start":{"line":809,"column":4},"end":{"line":809,"column":5}},"loc":{"start":{"line":809,"column":31},"end":{"line":835,"column":5}},"line":809},"38":{"name":"(anonymous_38)","decl":{"start":{"line":840,"column":4},"end":{"line":840,"column":5}},"loc":{"start":{"line":840,"column":28},"end":{"line":844,"column":5}},"line":840},"39":{"name":"(anonymous_39)","decl":{"start":{"line":845,"column":4},"end":{"line":845,"column":5}},"loc":{"start":{"line":845,"column":25},"end":{"line":871,"column":5}},"line":845},"40":{"name":"(anonymous_40)","decl":{"start":{"line":875,"column":4},"end":{"line":875,"column":5}},"loc":{"start":{"line":875,"column":28},"end":{"line":879,"column":5}},"line":875},"41":{"name":"(anonymous_41)","decl":{"start":{"line":880,"column":4},"end":{"line":880,"column":5}},"loc":{"start":{"line":880,"column":25},"end":{"line":976,"column":5}},"line":880},"42":{"name":"(anonymous_42)","decl":{"start":{"line":935,"column":66},"end":{"line":935,"column":67}},"loc":{"start":{"line":935,"column":75},"end":{"line":975,"column":9}},"line":935},"43":{"name":"(anonymous_43)","decl":{"start":{"line":937,"column":53},"end":{"line":937,"column":54}},"loc":{"start":{"line":937,"column":63},"end":{"line":937,"column":95}},"line":937},"44":{"name":"(anonymous_44)","decl":{"start":{"line":980,"column":4},"end":{"line":980,"column":5}},"loc":{"start":{"line":980,"column":28},"end":{"line":985,"column":5}},"line":980},"45":{"name":"(anonymous_45)","decl":{"start":{"line":986,"column":4},"end":{"line":986,"column":5}},"loc":{"start":{"line":986,"column":25},"end":{"line":1050,"column":5}},"line":986},"46":{"name":"(anonymous_46)","decl":{"start":{"line":1026,"column":50},"end":{"line":1026,"column":51}},"loc":{"start":{"line":1026,"column":65},"end":{"line":1048,"column":9}},"line":1026},"47":{"name":"(anonymous_47)","decl":{"start":{"line":1031,"column":53},"end":{"line":1031,"column":54}},"loc":{"start":{"line":1031,"column":63},"end":{"line":1031,"column":92}},"line":1031},"48":{"name":"(anonymous_48)","decl":{"start":{"line":1054,"column":4},"end":{"line":1054,"column":5}},"loc":{"start":{"line":1054,"column":28},"end":{"line":1059,"column":5}},"line":1054},"49":{"name":"(anonymous_49)","decl":{"start":{"line":1060,"column":4},"end":{"line":1060,"column":5}},"loc":{"start":{"line":1060,"column":25},"end":{"line":1113,"column":5}},"line":1060},"50":{"name":"(anonymous_50)","decl":{"start":{"line":1090,"column":50},"end":{"line":1090,"column":51}},"loc":{"start":{"line":1090,"column":65},"end":{"line":1111,"column":9}},"line":1090},"51":{"name":"(anonymous_51)","decl":{"start":{"line":1094,"column":53},"end":{"line":1094,"column":54}},"loc":{"start":{"line":1094,"column":63},"end":{"line":1094,"column":92}},"line":1094},"52":{"name":"(anonymous_52)","decl":{"start":{"line":1117,"column":4},"end":{"line":1117,"column":5}},"loc":{"start":{"line":1117,"column":28},"end":{"line":1121,"column":5}},"line":1117},"53":{"name":"(anonymous_53)","decl":{"start":{"line":1122,"column":4},"end":{"line":1122,"column":5}},"loc":{"start":{"line":1122,"column":25},"end":{"line":1179,"column":5}},"line":1122},"54":{"name":"handlePurchaseResponse","decl":{"start":{"line":1129,"column":65},"end":{"line":1129,"column":87}},"loc":{"start":{"line":1129,"column":93},"end":{"line":1178,"column":9}},"line":1129},"55":{"name":"(anonymous_55)","decl":{"start":{"line":1144,"column":73},"end":{"line":1144,"column":74}},"loc":{"start":{"line":1144,"column":90},"end":{"line":1146,"column":25}},"line":1144},"56":{"name":"(anonymous_56)","decl":{"start":{"line":1154,"column":70},"end":{"line":1154,"column":71}},"loc":{"start":{"line":1154,"column":80},"end":{"line":1154,"column":154}},"line":1154},"57":{"name":"(anonymous_57)","decl":{"start":{"line":1183,"column":4},"end":{"line":1183,"column":5}},"loc":{"start":{"line":1183,"column":28},"end":{"line":1188,"column":5}},"line":1183},"58":{"name":"(anonymous_58)","decl":{"start":{"line":1189,"column":4},"end":{"line":1189,"column":5}},"loc":{"start":{"line":1189,"column":25},"end":{"line":1235,"column":5}},"line":1189},"59":{"name":"(anonymous_59)","decl":{"start":{"line":1196,"column":66},"end":{"line":1196,"column":67}},"loc":{"start":{"line":1196,"column":75},"end":{"line":1234,"column":9}},"line":1196},"60":{"name":"(anonymous_60)","decl":{"start":{"line":1198,"column":16},"end":{"line":1198,"column":17}},"loc":{"start":{"line":1198,"column":26},"end":{"line":1198,"column":56}},"line":1198},"61":{"name":"(anonymous_61)","decl":{"start":{"line":1239,"column":4},"end":{"line":1239,"column":5}},"loc":{"start":{"line":1239,"column":28},"end":{"line":1242,"column":5}},"line":1239},"62":{"name":"(anonymous_62)","decl":{"start":{"line":1243,"column":4},"end":{"line":1243,"column":5}},"loc":{"start":{"line":1243,"column":25},"end":{"line":1271,"column":5}},"line":1243},"63":{"name":"(anonymous_63)","decl":{"start":{"line":1251,"column":66},"end":{"line":1251,"column":67}},"loc":{"start":{"line":1251,"column":75},"end":{"line":1270,"column":9}},"line":1251},"64":{"name":"(anonymous_64)","decl":{"start":{"line":1252,"column":53},"end":{"line":1252,"column":54}},"loc":{"start":{"line":1252,"column":63},"end":{"line":1252,"column":92}},"line":1252},"65":{"name":"getSpeechOutput","decl":{"start":{"line":1274,"column":9},"end":{"line":1274,"column":24}},"loc":{"start":{"line":1274,"column":39},"end":{"line":1294,"column":1}},"line":1274},"66":{"name":"supportsAPL","decl":{"start":{"line":1299,"column":9},"end":{"line":1299,"column":20}},"loc":{"start":{"line":1299,"column":35},"end":{"line":1304,"column":1}},"line":1299},"67":{"name":"(anonymous_67)","decl":{"start":{"line":1307,"column":4},"end":{"line":1307,"column":5}},"loc":{"start":{"line":1307,"column":26},"end":{"line":1338,"column":5}},"line":1307},"68":{"name":"(anonymous_68)","decl":{"start":{"line":1314,"column":38},"end":{"line":1314,"column":39}},"loc":{"start":{"line":1314,"column":50},"end":{"line":1332,"column":9}},"line":1314},"69":{"name":"(anonymous_69)","decl":{"start":{"line":1335,"column":23},"end":{"line":1335,"column":24}},"loc":{"start":{"line":1335,"column":42},"end":{"line":1337,"column":9}},"line":1335},"70":{"name":"(anonymous_70)","decl":{"start":{"line":1343,"column":4},"end":{"line":1343,"column":5}},"loc":{"start":{"line":1343,"column":32},"end":{"line":1361,"column":5}},"line":1343},"71":{"name":"(anonymous_71)","decl":{"start":{"line":1367,"column":4},"end":{"line":1367,"column":5}},"loc":{"start":{"line":1367,"column":26},"end":{"line":1390,"column":5}},"line":1367},"72":{"name":"(anonymous_72)","decl":{"start":{"line":1369,"column":31},"end":{"line":1369,"column":32}},"loc":{"start":{"line":1369,"column":52},"end":{"line":1388,"column":13}},"line":1369},"73":{"name":"(anonymous_73)","decl":{"start":{"line":1371,"column":26},"end":{"line":1371,"column":27}},"loc":{"start":{"line":1371,"column":52},"end":{"line":1384,"column":21}},"line":1371},"74":{"name":"(anonymous_74)","decl":{"start":{"line":1385,"column":27},"end":{"line":1385,"column":28}},"loc":{"start":{"line":1385,"column":36},"end":{"line":1387,"column":21}},"line":1385},"75":{"name":"(anonymous_75)","decl":{"start":{"line":1396,"column":4},"end":{"line":1396,"column":5}},"loc":{"start":{"line":1396,"column":36},"end":{"line":1430,"column":5}},"line":1396},"76":{"name":"(anonymous_76)","decl":{"start":{"line":1420,"column":31},"end":{"line":1420,"column":32}},"loc":{"start":{"line":1420,"column":52},"end":{"line":1428,"column":13}},"line":1420},"77":{"name":"(anonymous_77)","decl":{"start":{"line":1422,"column":26},"end":{"line":1422,"column":27}},"loc":{"start":{"line":1422,"column":32},"end":{"line":1424,"column":21}},"line":1422},"78":{"name":"(anonymous_78)","decl":{"start":{"line":1425,"column":27},"end":{"line":1425,"column":28}},"loc":{"start":{"line":1425,"column":36},"end":{"line":1427,"column":21}},"line":1425},"79":{"name":"getNextPurchasableProduct","decl":{"start":{"line":1433,"column":9},"end":{"line":1433,"column":34}},"loc":{"start":{"line":1433,"column":56},"end":{"line":1446,"column":1}},"line":1433},"80":{"name":"(anonymous_80)","decl":{"start":{"line":1436,"column":43},"end":{"line":1436,"column":44}},"loc":{"start":{"line":1436,"column":56},"end":{"line":1438,"column":9}},"line":1436},"81":{"name":"(anonymous_81)","decl":{"start":{"line":1450,"column":4},"end":{"line":1450,"column":5}},"loc":{"start":{"line":1450,"column":26},"end":{"line":1452,"column":5}},"line":1450},"82":{"name":"(anonymous_82)","decl":{"start":{"line":1455,"column":4},"end":{"line":1455,"column":5}},"loc":{"start":{"line":1455,"column":26},"end":{"line":1457,"column":5}},"line":1455}},"branchMap":{"0":{"loc":{"start":{"line":81,"column":16},"end":{"line":82,"column":50}},"type":"binary-expr","locations":[{"start":{"line":81,"column":16},"end":{"line":81,"column":48}},{"start":{"line":82,"column":12},"end":{"line":82,"column":50}}],"line":81},"1":{"loc":{"start":{"line":128,"column":4},"end":{"line":150,"column":5}},"type":"if","locations":[{"start":{"line":128,"column":4},"end":{"line":150,"column":5}},{"start":{"line":128,"column":4},"end":{"line":150,"column":5}}],"line":128},"2":{"loc":{"start":{"line":161,"column":16},"end":{"line":162,"column":62}},"type":"binary-expr","locations":[{"start":{"line":161,"column":16},"end":{"line":161,"column":48}},{"start":{"line":162,"column":12},"end":{"line":162,"column":62}}],"line":161},"3":{"loc":{"start":{"line":208,"column":4},"end":{"line":213,"column":5}},"type":"if","locations":[{"start":{"line":208,"column":4},"end":{"line":213,"column":5}},{"start":{"line":208,"column":4},"end":{"line":213,"column":5}}],"line":208},"4":{"loc":{"start":{"line":208,"column":8},"end":{"line":208,"column":52}},"type":"cond-expr","locations":[{"start":{"line":208,"column":40},"end":{"line":208,"column":44}},{"start":{"line":208,"column":47},"end":{"line":208,"column":52}}],"line":208},"5":{"loc":{"start":{"line":215,"column":4},"end":{"line":230,"column":5}},"type":"if","locations":[{"start":{"line":215,"column":4},"end":{"line":230,"column":5}},{"start":{"line":215,"column":4},"end":{"line":230,"column":5}}],"line":215},"6":{"loc":{"start":{"line":271,"column":11},"end":{"line":271,"column":143}},"type":"cond-expr","locations":[{"start":{"line":271,"column":18},"end":{"line":271,"column":55}},{"start":{"line":271,"column":58},"end":{"line":271,"column":143}}],"line":271},"7":{"loc":{"start":{"line":279,"column":15},"end":{"line":280,"column":57}},"type":"binary-expr","locations":[{"start":{"line":279,"column":15},"end":{"line":279,"column":47}},{"start":{"line":280,"column":12},"end":{"line":280,"column":57}}],"line":279},"8":{"loc":{"start":{"line":287,"column":8},"end":{"line":293,"column":9}},"type":"if","locations":[{"start":{"line":287,"column":8},"end":{"line":293,"column":9}},{"start":{"line":287,"column":8},"end":{"line":293,"column":9}}],"line":287},"9":{"loc":{"start":{"line":304,"column":15},"end":{"line":305,"column":53}},"type":"binary-expr","locations":[{"start":{"line":304,"column":15},"end":{"line":304,"column":47}},{"start":{"line":305,"column":12},"end":{"line":305,"column":53}}],"line":304},"10":{"loc":{"start":{"line":311,"column":8},"end":{"line":324,"column":9}},"type":"if","locations":[{"start":{"line":311,"column":8},"end":{"line":324,"column":9}},{"start":{"line":311,"column":8},"end":{"line":324,"column":9}}],"line":311},"11":{"loc":{"start":{"line":333,"column":15},"end":{"line":334,"column":54}},"type":"binary-expr","locations":[{"start":{"line":333,"column":15},"end":{"line":333,"column":47}},{"start":{"line":334,"column":12},"end":{"line":334,"column":54}}],"line":333},"12":{"loc":{"start":{"line":343,"column":8},"end":{"line":374,"column":9}},"type":"switch","locations":[{"start":{"line":344,"column":12},"end":{"line":348,"column":22}},{"start":{"line":349,"column":12},"end":{"line":349,"column":35}},{"start":{"line":350,"column":12},"end":{"line":354,"column":22}},{"start":{"line":355,"column":12},"end":{"line":365,"column":22}},{"start":{"line":366,"column":12},"end":{"line":367,"column":76}},{"start":{"line":368,"column":12},"end":{"line":370,"column":22}},{"start":{"line":371,"column":12},"end":{"line":373,"column":22}}],"line":343},"13":{"loc":{"start":{"line":407,"column":15},"end":{"line":408,"column":59}},"type":"binary-expr","locations":[{"start":{"line":407,"column":15},"end":{"line":407,"column":47}},{"start":{"line":408,"column":12},"end":{"line":408,"column":59}}],"line":407},"14":{"loc":{"start":{"line":462,"column":4},"end":{"line":464,"column":5}},"type":"if","locations":[{"start":{"line":462,"column":4},"end":{"line":464,"column":5}},{"start":{"line":462,"column":4},"end":{"line":464,"column":5}}],"line":462},"15":{"loc":{"start":{"line":468,"column":4},"end":{"line":480,"column":5}},"type":"if","locations":[{"start":{"line":468,"column":4},"end":{"line":480,"column":5}},{"start":{"line":468,"column":4},"end":{"line":480,"column":5}}],"line":468},"16":{"loc":{"start":{"line":506,"column":4},"end":{"line":509,"column":5}},"type":"if","locations":[{"start":{"line":506,"column":4},"end":{"line":509,"column":5}},{"start":{"line":506,"column":4},"end":{"line":509,"column":5}}],"line":506},"17":{"loc":{"start":{"line":515,"column":4},"end":{"line":531,"column":5}},"type":"switch","locations":[{"start":{"line":516,"column":8},"end":{"line":518,"column":18}},{"start":{"line":519,"column":8},"end":{"line":524,"column":18}},{"start":{"line":525,"column":8},"end":{"line":527,"column":18}},{"start":{"line":528,"column":8},"end":{"line":530,"column":18}}],"line":515},"18":{"loc":{"start":{"line":537,"column":4},"end":{"line":542,"column":5}},"type":"if","locations":[{"start":{"line":537,"column":4},"end":{"line":542,"column":5}},{"start":{"line":537,"column":4},"end":{"line":542,"column":5}}],"line":537},"19":{"loc":{"start":{"line":550,"column":8},"end":{"line":562,"column":9}},"type":"if","locations":[{"start":{"line":550,"column":8},"end":{"line":562,"column":9}},{"start":{"line":550,"column":8},"end":{"line":562,"column":9}}],"line":550},"20":{"loc":{"start":{"line":577,"column":4},"end":{"line":604,"column":5}},"type":"if","locations":[{"start":{"line":577,"column":4},"end":{"line":604,"column":5}},{"start":{"line":577,"column":4},"end":{"line":604,"column":5}}],"line":577},"21":{"loc":{"start":{"line":581,"column":8},"end":{"line":598,"column":9}},"type":"if","locations":[{"start":{"line":581,"column":8},"end":{"line":598,"column":9}},{"start":{"line":581,"column":8},"end":{"line":598,"column":9}}],"line":581},"22":{"loc":{"start":{"line":620,"column":15},"end":{"line":621,"column":55}},"type":"binary-expr","locations":[{"start":{"line":620,"column":15},"end":{"line":620,"column":47}},{"start":{"line":621,"column":12},"end":{"line":621,"column":55}}],"line":620},"23":{"loc":{"start":{"line":653,"column":15},"end":{"line":657,"column":9}},"type":"binary-expr","locations":[{"start":{"line":653,"column":15},"end":{"line":653,"column":47}},{"start":{"line":654,"column":12},"end":{"line":654,"column":55}},{"start":{"line":655,"column":12},"end":{"line":655,"column":56}},{"start":{"line":656,"column":12},"end":{"line":656,"column":57}}],"line":653},"24":{"loc":{"start":{"line":765,"column":15},"end":{"line":766,"column":59}},"type":"binary-expr","locations":[{"start":{"line":765,"column":15},"end":{"line":765,"column":47}},{"start":{"line":766,"column":12},"end":{"line":766,"column":59}}],"line":765},"25":{"loc":{"start":{"line":805,"column":12},"end":{"line":806,"column":88}},"type":"binary-expr","locations":[{"start":{"line":805,"column":12},"end":{"line":805,"column":73}},{"start":{"line":806,"column":12},"end":{"line":806,"column":88}}],"line":805},"26":{"loc":{"start":{"line":821,"column":8},"end":{"line":829,"column":9}},"type":"if","locations":[{"start":{"line":821,"column":8},"end":{"line":829,"column":9}},{"start":{"line":821,"column":8},"end":{"line":829,"column":9}}],"line":821},"27":{"loc":{"start":{"line":842,"column":16},"end":{"line":843,"column":84}},"type":"binary-expr","locations":[{"start":{"line":842,"column":16},"end":{"line":842,"column":77}},{"start":{"line":843,"column":12},"end":{"line":843,"column":84}}],"line":842},"28":{"loc":{"start":{"line":852,"column":8},"end":{"line":865,"column":9}},"type":"if","locations":[{"start":{"line":852,"column":8},"end":{"line":865,"column":9}},{"start":{"line":852,"column":8},"end":{"line":865,"column":9}}],"line":852},"29":{"loc":{"start":{"line":877,"column":16},"end":{"line":878,"column":84}},"type":"binary-expr","locations":[{"start":{"line":877,"column":16},"end":{"line":877,"column":77}},{"start":{"line":878,"column":12},"end":{"line":878,"column":84}}],"line":877},"30":{"loc":{"start":{"line":889,"column":8},"end":{"line":914,"column":9}},"type":"if","locations":[{"start":{"line":889,"column":8},"end":{"line":914,"column":9}},{"start":{"line":889,"column":8},"end":{"line":914,"column":9}}],"line":889},"31":{"loc":{"start":{"line":892,"column":12},"end":{"line":906,"column":13}},"type":"if","locations":[{"start":{"line":892,"column":12},"end":{"line":906,"column":13}},{"start":{"line":892,"column":12},"end":{"line":906,"column":13}}],"line":892},"32":{"loc":{"start":{"line":918,"column":8},"end":{"line":932,"column":9}},"type":"if","locations":[{"start":{"line":918,"column":8},"end":{"line":932,"column":9}},{"start":{"line":918,"column":8},"end":{"line":932,"column":9}}],"line":918},"33":{"loc":{"start":{"line":942,"column":12},"end":{"line":974,"column":13}},"type":"if","locations":[{"start":{"line":942,"column":12},"end":{"line":974,"column":13}},{"start":{"line":942,"column":12},"end":{"line":974,"column":13}}],"line":942},"34":{"loc":{"start":{"line":983,"column":15},"end":{"line":984,"column":80}},"type":"binary-expr","locations":[{"start":{"line":983,"column":15},"end":{"line":983,"column":76}},{"start":{"line":984,"column":12},"end":{"line":984,"column":80}}],"line":983},"35":{"loc":{"start":{"line":996,"column":8},"end":{"line":1002,"column":9}},"type":"if","locations":[{"start":{"line":996,"column":8},"end":{"line":1002,"column":9}},{"start":{"line":996,"column":8},"end":{"line":1002,"column":9}}],"line":996},"36":{"loc":{"start":{"line":1004,"column":8},"end":{"line":1010,"column":9}},"type":"if","locations":[{"start":{"line":1004,"column":8},"end":{"line":1010,"column":9}},{"start":{"line":1004,"column":8},"end":{"line":1010,"column":9}}],"line":1004},"37":{"loc":{"start":{"line":1016,"column":8},"end":{"line":1025,"column":9}},"type":"if","locations":[{"start":{"line":1016,"column":8},"end":{"line":1025,"column":9}},{"start":{"line":1016,"column":8},"end":{"line":1025,"column":9}}],"line":1016},"38":{"loc":{"start":{"line":1057,"column":15},"end":{"line":1058,"column":83}},"type":"binary-expr","locations":[{"start":{"line":1057,"column":15},"end":{"line":1057,"column":76}},{"start":{"line":1058,"column":12},"end":{"line":1058,"column":83}}],"line":1057},"39":{"loc":{"start":{"line":1071,"column":8},"end":{"line":1077,"column":9}},"type":"if","locations":[{"start":{"line":1071,"column":8},"end":{"line":1077,"column":9}},{"start":{"line":1071,"column":8},"end":{"line":1077,"column":9}}],"line":1071},"40":{"loc":{"start":{"line":1079,"column":8},"end":{"line":1085,"column":9}},"type":"if","locations":[{"start":{"line":1079,"column":8},"end":{"line":1085,"column":9}},{"start":{"line":1079,"column":8},"end":{"line":1085,"column":9}}],"line":1079},"41":{"loc":{"start":{"line":1118,"column":15},"end":{"line":1120,"column":71}},"type":"binary-expr","locations":[{"start":{"line":1118,"column":15},"end":{"line":1118,"column":83}},{"start":{"line":1119,"column":13},"end":{"line":1119,"column":64}},{"start":{"line":1120,"column":16},"end":{"line":1120,"column":70}}],"line":1118},"42":{"loc":{"start":{"line":1131,"column":12},"end":{"line":1170,"column":13}},"type":"if","locations":[{"start":{"line":1131,"column":12},"end":{"line":1170,"column":13}},{"start":{"line":1131,"column":12},"end":{"line":1170,"column":13}}],"line":1131},"43":{"loc":{"start":{"line":1142,"column":16},"end":{"line":1165,"column":17}},"type":"switch","locations":[{"start":{"line":1143,"column":20},"end":{"line":1152,"column":30}},{"start":{"line":1153,"column":20},"end":{"line":1158,"column":30}},{"start":{"line":1159,"column":20},"end":{"line":1161,"column":30}},{"start":{"line":1162,"column":20},"end":{"line":1164,"column":30}}],"line":1142},"44":{"loc":{"start":{"line":1185,"column":12},"end":{"line":1186,"column":66}},"type":"binary-expr","locations":[{"start":{"line":1185,"column":12},"end":{"line":1185,"column":80}},{"start":{"line":1186,"column":12},"end":{"line":1186,"column":66}}],"line":1185},"45":{"loc":{"start":{"line":1205,"column":12},"end":{"line":1227,"column":13}},"type":"if","locations":[{"start":{"line":1205,"column":12},"end":{"line":1227,"column":13}},{"start":{"line":1205,"column":12},"end":{"line":1227,"column":13}}],"line":1205},"46":{"loc":{"start":{"line":1209,"column":16},"end":{"line":1222,"column":17}},"type":"if","locations":[{"start":{"line":1209,"column":16},"end":{"line":1222,"column":17}},{"start":{"line":1209,"column":16},"end":{"line":1222,"column":17}}],"line":1209},"47":{"loc":{"start":{"line":1213,"column":23},"end":{"line":1222,"column":17}},"type":"if","locations":[{"start":{"line":1213,"column":23},"end":{"line":1222,"column":17}},{"start":{"line":1213,"column":23},"end":{"line":1222,"column":17}}],"line":1213},"48":{"loc":{"start":{"line":1216,"column":23},"end":{"line":1222,"column":17}},"type":"if","locations":[{"start":{"line":1216,"column":23},"end":{"line":1222,"column":17}},{"start":{"line":1216,"column":23},"end":{"line":1222,"column":17}}],"line":1216},"49":{"loc":{"start":{"line":1240,"column":15},"end":{"line":1241,"column":92}},"type":"binary-expr","locations":[{"start":{"line":1240,"column":15},"end":{"line":1240,"column":76}},{"start":{"line":1241,"column":12},"end":{"line":1241,"column":92}}],"line":1240},"50":{"loc":{"start":{"line":1254,"column":12},"end":{"line":1262,"column":13}},"type":"if","locations":[{"start":{"line":1254,"column":12},"end":{"line":1262,"column":13}},{"start":{"line":1254,"column":12},"end":{"line":1262,"column":13}}],"line":1254},"51":{"loc":{"start":{"line":1278,"column":4},"end":{"line":1292,"column":5}},"type":"if","locations":[{"start":{"line":1278,"column":4},"end":{"line":1292,"column":5}},{"start":{"line":1278,"column":4},"end":{"line":1292,"column":5}}],"line":1278},"52":{"loc":{"start":{"line":1283,"column":11},"end":{"line":1292,"column":5}},"type":"if","locations":[{"start":{"line":1283,"column":11},"end":{"line":1292,"column":5}},{"start":{"line":1283,"column":11},"end":{"line":1292,"column":5}}],"line":1283},"53":{"loc":{"start":{"line":1303,"column":11},"end":{"line":1303,"column":61}},"type":"binary-expr","locations":[{"start":{"line":1303,"column":11},"end":{"line":1303,"column":31}},{"start":{"line":1303,"column":35},"end":{"line":1303,"column":61}}],"line":1303},"54":{"loc":{"start":{"line":1327,"column":12},"end":{"line":1331,"column":13}},"type":"if","locations":[{"start":{"line":1327,"column":12},"end":{"line":1331,"column":13}},{"start":{"line":1327,"column":12},"end":{"line":1331,"column":13}}],"line":1327},"55":{"loc":{"start":{"line":1344,"column":8},"end":{"line":1360,"column":9}},"type":"if","locations":[{"start":{"line":1344,"column":8},"end":{"line":1360,"column":9}},{"start":{"line":1344,"column":8},"end":{"line":1360,"column":9}}],"line":1344},"56":{"loc":{"start":{"line":1368,"column":8},"end":{"line":1389,"column":9}},"type":"if","locations":[{"start":{"line":1368,"column":8},"end":{"line":1389,"column":9}},{"start":{"line":1368,"column":8},"end":{"line":1389,"column":9}}],"line":1368},"57":{"loc":{"start":{"line":1372,"column":47},"end":{"line":1372,"column":73}},"type":"binary-expr","locations":[{"start":{"line":1372,"column":47},"end":{"line":1372,"column":67}},{"start":{"line":1372,"column":71},"end":{"line":1372,"column":73}}],"line":1372},"58":{"loc":{"start":{"line":1373,"column":24},"end":{"line":1379,"column":25}},"type":"if","locations":[{"start":{"line":1373,"column":24},"end":{"line":1379,"column":25}},{"start":{"line":1373,"column":24},"end":{"line":1379,"column":25}}],"line":1373},"59":{"loc":{"start":{"line":1412,"column":8},"end":{"line":1429,"column":9}},"type":"if","locations":[{"start":{"line":1412,"column":8},"end":{"line":1429,"column":9}},{"start":{"line":1412,"column":8},"end":{"line":1429,"column":9}}],"line":1412},"60":{"loc":{"start":{"line":1412,"column":12},"end":{"line":1414,"column":61}},"type":"binary-expr","locations":[{"start":{"line":1412,"column":13},"end":{"line":1412,"column":45}},{"start":{"line":1413,"column":13},"end":{"line":1413,"column":39}},{"start":{"line":1413,"column":43},"end":{"line":1413,"column":80}},{"start":{"line":1414,"column":12},"end":{"line":1414,"column":61}}],"line":1412},"61":{"loc":{"start":{"line":1437,"column":20},"end":{"line":1437,"column":88}},"type":"binary-expr","locations":[{"start":{"line":1437,"column":20},"end":{"line":1437,"column":53}},{"start":{"line":1437,"column":57},"end":{"line":1437,"column":88}}],"line":1437},"62":{"loc":{"start":{"line":1439,"column":8},"end":{"line":1442,"column":9}},"type":"if","locations":[{"start":{"line":1439,"column":8},"end":{"line":1442,"column":9}},{"start":{"line":1439,"column":8},"end":{"line":1442,"column":9}}],"line":1439},"63":{"loc":{"start":{"line":1445,"column":11},"end":{"line":1445,"column":72}},"type":"cond-expr","locations":[{"start":{"line":1445,"column":32},"end":{"line":1445,"column":36}},{"start":{"line":1445,"column":39},"end":{"line":1445,"column":72}}],"line":1445}},"s":{"0":0,"1":0,"2":0,"3":0,"4":0,"5":0,"6":0,"7":0,"8":0,"9":0,"10":0,"11":0,"12":0,"13":0,"14":0,"15":0,"16":0,"17":0,"18":0,"19":0,"20":0,"21":0,"22":0,"23":0,"24":0,"25":0,"26":0,"27":0,"28":0,"29":0,"30":0,"31":0,"32":0,"33":0,"34":0,"35":0,"36":0,"37":0,"38":0,"39":0,"40":0,"41":0,"42":0,"43":0,"44":0,"45":0,"46":0,"47":0,"48":0,"49":0,"50":0,"51":0,"52":0,"53":0,"54":0,"55":0,"56":0,"57":0,"58":0,"59":0,"60":0,"61":0,"62":0,"63":0,"64":0,"65":0,"66":0,"67":0,"68":0,"69":0,"70":0,"71":0,"72":0,"73":0,"74":0,"75":0,"76":0,"77":0,"78":0,"79":0,"80":0,"81":0,"82":0,"83":0,"84":0,"85":0,"86":0,"87":0,"88":0,"89":0,"90":0,"91":0,"92":0,"93":0,"94":0,"95":0,"96":0,"97":0,"98":0,"99":0,"100":0,"101":0,"102":0,"103":0,"104":0,"105":0,"106":0,"107":0,"108":0,"109":0,"110":0,"111":0,"112":0,"113":0,"114":0,"115":0,"116":0,"117":0,"118":0,"119":0,"120":0,"121":0,"122":0,"123":0,"124":0,"125":0,"126":0,"127":0,"128":0,"129":0,"130":0,"131":0,"132":0,"133":0,"134":0,"135":0,"136":0,"137":0,"138":0,"139":0,"140":0,"141":0,"142":0,"143":0,"144":0,"145":0,"146":0,"147":0,"148":0,"149":0,"150":0,"151":0,"152":0,"153":0,"154":0,"155":0,"156":0,"157":0,"158":0,"159":0,"160":0,"161":0,"162":0,"163":0,"164":0,"165":0,"166":0,"167":0,"168":0,"169":0,"170":0,"171":0,"172":0,"173":0,"174":0,"175":0,"176":0,"177":0,"178":0,"179":0,"180":0,"181":0,"182":0,"183":0,"184":0,"185":0,"186":0,"187":0,"188":0,"189":0,"190":0,"191":0,"192":0,"193":0,"194":0,"195":0,"196":0,"197":0,"198":0,"199":0,"200":0,"201":0,"202":0,"203":0,"204":0,"205":0,"206":0,"207":0,"208":0,"209":0,"210":0,"211":0,"212":0,"213":0,"214":0,"215":0,"216":0,"217":0,"218":0,"219":0,"220":0,"221":0,"222":0,"223":0,"224":0,"225":0,"226":0,"227":0,"228":0,"229":0,"230":0,"231":0,"232":0,"233":0,"234":0,"235":0,"236":0,"237":0,"238":0,"239":0,"240":0,"241":0,"242":0,"243":0,"244":0,"245":0,"246":0,"247":0,"248":0,"249":0,"250":0,"251":0,"252":0,"253":0,"254":0,"255":0,"256":0,"257":0,"258":0,"259":0,"260":0,"261":0,"262":0,"263":0,"264":0,"265":0,"266":0,"267":0,"268":0,"269":0,"270":0,"271":0,"272":0,"273":0,"274":0,"275":0,"276":0,"277":0,"278":0,"279":0,"280":0,"281":0,"282":0,"283":0,"284":0,"285":0,"286":0,"287":0,"288":0,"289":0,"290":0,"291":0,"292":0,"293":0,"294":0,"295":0,"296":0,"297":0,"298":0,"299":0,"300":0,"301":0,"302":0,"303":0,"304":0,"305":0,"306":0,"307":0,"308":0,"309":0,"310":0,"311":0,"312":0,"313":0,"314":0,"315":0,"316":0,"317":0,"318":0,"319":0,"320":0,"321":0,"322":0,"323":0,"324":0,"325":0,"326":0,"327":0,"328":0,"329":0,"330":0,"331":0,"332":0,"333":0,"334":0,"335":0,"336":0,"337":0,"338":0,"339":0,"340":0,"341":0,"342":0,"343":0,"344":0,"345":0,"346":0,"347":0,"348":0,"349":0,"350":0,"351":0,"352":0,"353":0,"354":0,"355":0,"356":0,"357":0,"358":0,"359":0,"360":0,"361":0,"362":0,"363":0,"364":0,"365":0,"366":0,"367":0,"368":0,"369":0,"370":0,"371":0,"372":0,"373":0,"374":0,"375":0,"376":0,"377":0,"378":0,"379":0,"380":0,"381":0,"382":0,"383":0,"384":0,"385":0,"386":0,"387":0,"388":0,"389":0,"390":0,"391":0,"392":0,"393":0,"394":0,"395":0,"396":0,"397":0,"398":0,"399":0,"400":0,"401":0,"402":0,"403":0,"404":0,"405":0,"406":0,"407":0,"408":0,"409":0,"410":0,"411":0,"412":0,"413":0,"414":0,"415":0,"416":0,"417":0,"418":0,"419":0,"420":0,"421":0,"422":0,"423":0,"424":0,"425":0,"426":0,"427":0,"428":0,"429":0,"430":0,"431":0,"432":0,"433":0,"434":0,"435":0,"436":0,"437":0,"438":0,"439":0,"440":0,"441":0,"442":0,"443":0,"444":0,"445":0,"446":0,"447":0,"448":0,"449":0,"450":0,"451":0,"452":0,"453":0,"454":0,"455":0,"456":0,"457":0,"458":0,"459":0,"460":0,"461":0,"462":0,"463":0,"464":0,"465":0,"466":0,"467":0,"468":0,"469":0,"470":0,"471":0,"472":0,"473":0,"474":0,"475":0,"476":0,"477":0,"478":0,"479":0,"480":0,"481":0,"482":0,"483":0,"484":0,"485":0,"486":0,"487":0,"488":0,"489":0,"490":0,"491":0,"492":0,"493":0,"494":0,"495":0,"496":0,"497":0,"498":0,"499":0,"500":0,"501":0,"502":0,"503":0,"504":0,"505":0,"506":0,"507":0,"508":0,"509":0,"510":0,"511":0,"512":0,"513":0,"514":0,"515":0,"516":0,"517":0,"518":0,"519":0,"520":0,"521":0,"522":0,"523":0,"524":0,"525":0,"526":0,"527":0,"528":0,"529":0,"530":0,"531":0,"532":0,"533":0,"534":0,"535":0,"536":0,"537":0,"538":0,"539":0,"540":0,"541":0,"542":0,"543":0,"544":0,"545":0,"546":0,"547":0,"548":0,"549":0,"550":0,"551":0,"552":0,"553":0,"554":0,"555":0,"556":0,"557":0},"f":{"0":0,"1":0,"2":0,"3":0,"4":0,"5":0,"6":0,"7":0,"8":0,"9":0,"10":0,"11":0,"12":0,"13":0,"14":0,"15":0,"16":0,"17":0,"18":0,"19":0,"20":0,"21":0,"22":0,"23":0,"24":0,"25":0,"26":0,"27":0,"28":0,"29":0,"30":0,"31":0,"32":0,"33":0,"34":0,"35":0,"36":0,"37":0,"38":0,"39":0,"40":0,"41":0,"42":0,"43":0,"44":0,"45":0,"46":0,"47":0,"48":0,"49":0,"50":0,"51":0,"52":0,"53":0,"54":0,"55":0,"56":0,"57":0,"58":0,"59":0,"60":0,"61":0,"62":0,"63":0,"64":0,"65":0,"66":0,"67":0,"68":0,"69":0,"70":0,"71":0,"72":0,"73":0,"74":0,"75":0,"76":0,"77":0,"78":0,"79":0,"80":0,"81":0,"82":0},"b":{"0":[0,0],"1":[0,0],"2":[0,0],"3":[0,0],"4":[0,0],"5":[0,0],"6":[0,0],"7":[0,0],"8":[0,0],"9":[0,0],"10":[0,0],"11":[0,0],"12":[0,0,0,0,0,0,0],"13":[0,0],"14":[0,0],"15":[0,0],"16":[0,0],"17":[0,0,0,0],"18":[0,0],"19":[0,0],"20":[0,0],"21":[0,0],"22":[0,0],"23":[0,0,0,0],"24":[0,0],"25":[0,0],"26":[0,0],"27":[0,0],"28":[0,0],"29":[0,0],"30":[0,0],"31":[0,0],"32":[0,0],"33":[0,0],"34":[0,0],"35":[0,0],"36":[0,0],"37":[0,0],"38":[0,0],"39":[0,0],"40":[0,0],"41":[0,0,0],"42":[0,0],"43":[0,0,0,0],"44":[0,0],"45":[0,0],"46":[0,0],"47":[0,0],"48":[0,0],"49":[0,0],"50":[0,0],"51":[0,0],"52":[0,0],"53":[0,0],"54":[0,0],"55":[0,0],"56":[0,0],"57":[0,0],"58":[0,0],"59":[0,0],"60":[0,0,0,0],"61":[0,0],"62":[0,0],"63":[0,0]},"hash":"1f645b781d9e04828e3d5a8b8285900d09b2a07b"}
[...]
,"12":{"loc":{"start":{"line":112,"column":32},"end":{"line":112,"column":62}},"type":"binary-expr","locations":[{"start":{"line":112,"column":32},"end":{"line":112,"column":56}},{"start":{"line":112,"column":60},"end":{"line":112,"column":62}}],"line":112},"13":{"loc":{"start":{"line":113,"column":34},"end":{"line":113,"column":87}},"type":"binary-expr","locations":[{"start":{"line":113,"column":34},"end":{"line":113,"column":60}},{"start":{"line":113,"column":64},"end":{"line":113,"column":87}}],"line":113},"14":{"loc":{"start":{"line":114,"column":16},"end":{"line":116,"column":17}},"type":"if","locations":[{"start":{"line":114,"column":16},"end":{"line":116,"column":17}},{"start":{"line":114,"column":16},"end":{"line":116,"column":17}}],"line":114},"15":{"loc":{"start":{"line":114,"column":20},"end":{"line":114,"column":52}},"type":"binary-expr","locations":[{"start":{"line":114,"column":20},"end":{"line":114,"column":32}},{"start":{"line":114,"column":36},"end":{"line":114,"column":52}}],"line":114},"16":{"loc":{"start":{"line":119,"column":17},"end":{"line":121,"column":17}},"type":"if","locations":[{"start":{"line":119,"column":17},"end":{"line":121,"column":17}},{"start":{"line":119,"column":17},"end":{"line":121,"column":17}}],"line":119},"17":{"loc":{"start":{"line":123,"column":20},"end":{"line":125,"column":21}},"type":"if","locations":[{"start":{"line":123,"column":20},"end":{"line":125,"column":21}},{"start":{"line":123,"column":20},"end":{"line":125,"column":21}}],"line":123},"18":{"loc":{"start":{"line":128,"column":31},"end":{"line":128,"column":94}},"type":"cond-expr","locations":[{"start":{"line":128,"column":62},"end":{"line":128,"column":63}},{"start":{"line":128,"column":66},"end":{"line":128,"column":94}}],"line":128},"19":{"loc":{"start":{"line":132,"column":35},"end":{"line":132,"column":118}},"type":"cond-expr","locations":[{"start":{"line":132,"column":76},"end":{"line":132,"column":77}},{"start":{"line":132,"column":80},"end":{"line":132,"column":118}}],"line":132},"20":{"loc":{"start":{"line":140,"column":8},"end":{"line":160,"column":9}},"type":"if","locations":[{"start":{"line":140,"column":8},"end":{"line":160,"column":9}},{"start":{"line":140,"column":8},"end":{"line":160,"column":9}}],"line":140},"21":{"loc":{"start":{"line":142,"column":12},"end":{"line":145,"column":13}},"type":"if","locations":[{"start":{"line":142,"column":12},"end":{"line":145,"column":13}},{"start":{"line":142,"column":12},"end":{"line":145,"column":13}}],"line":142},"22":{"loc":{"start":{"line":151,"column":12},"end":{"line":157,"column":13}},"type":"if","locations":[{"start":{"line":151,"column":12},"end":{"line":157,"column":13}},{"start":{"line":151,"column":12},"end":{"line":157,"column":13}}],"line":151},"23":{"loc":{"start":{"line":153,"column":19},"end":{"line":157,"column":13}},"type":"if","locations":[{"start":{"line":153,"column":19},"end":{"line":157,"column":13}},{"start":{"line":153,"column":19},"end":{"line":157,"column":13}}],"line":153},"24":{"loc":{"start":{"line":163,"column":8},"end":{"line":169,"column":9}},"type":"if","locations":[{"start":{"line":163,"column":8},"end":{"line":169,"column":9}},{"start":{"line":163,"column":8},"end":{"line":169,"column":9}}],"line":163},"25":{"loc":{"start":{"line":163,"column":12},"end":{"line":163,"column":99}},"type":"binary-expr","locations":[{"start":{"line":163,"column":12},"end":{"line":163,"column":42}},{"start":{"line":163,"column":46},"end":{"line":163,"column":99}}],"line":163},"26":{"loc":{"start":{"line":172,"column":8},"end":{"line":187,"column":9}},"type":"if","locations":[{"start":{"line":172,"column":8},"end":{"line":187,"column":9}},{"start":{"line":172,"column":8},"end":{"line":187,"column":9}}],"line":172},"27":{"loc":{"start":{"line":199,"column":4},"end":{"line":202,"column":5}},"type":"if","locations":[{"start":{"line":199,"column":4},"end":{"line":202,"column":5}},{"start":{"line":199,"column":4},"end":{"line":202,"column":5}}],"line":199},"28":{"loc":{"start":{"line":219,"column":4},"end":{"line":223,"column":5}},"type":"if","locations":[{"start":{"line":219,"column":4},"end":{"line":223,"column":5}},{"start":{"line":219,"column":4},"end":{"line":223,"column":5}}],"line":219},"29":{"loc":{"start":{"line":225,"column":4},"end":{"line":227,"column":5}},"type":"if","locations":[{"start":{"line":225,"column":4},"end":{"line":227,"column":5}},{"start":{"line":225,"column":4},"end":{"line":227,"column":5}}],"line":225},"30":{"loc":{"start":{"line":229,"column":4},"end":{"line":240,"column":5}},"type":"if","locations":[{"start":{"line":229,"column":4},"end":{"line":240,"column":5}},{"start":{"line":229,"column":4},"end":{"line":240,"column":5}}],"line":229},"31":{"loc":{"start":{"line":242,"column":4},"end":{"line":253,"column":5}},"type":"if","locations":[{"start":{"line":242,"column":4},"end":{"line":253,"column":5}},{"start":{"line":242,"column":4},"end":{"line":253,"column":5}}],"line":242},"32":{"loc":{"start":{"line":258,"column":4},"end":{"line":297,"column":5}},"type":"if","locations":[{"start":{"line":258,"column":4},"end":{"line":297,"column":5}},{"start":{"line":258,"column":4},"end":{"line":297,"column":5}}],"line":258},"33":{"loc":{"start":{"line":283,"column":8},"end":{"line":285,"column":9}},"type":"if","locations":[{"start":{"line":283,"column":8},"end":{"line":285,"column":9}},{"start":{"line":283,"column":8},"end":{"line":285,"column":9}}],"line":283},"34":{"loc":{"start":{"line":306,"column":4},"end":{"line":362,"column":5}},"type":"if","locations":[{"start":{"line":306,"column":4},"end":{"line":362,"column":5}},{"start":{"line":306,"column":4},"end":{"line":362,"column":5}}],"line":306},"35":{"loc":{"start":{"line":321,"column":12},"end":{"line":323,"column":13}},"type":"if","locations":[{"start":{"line":321,"column":12},"end":{"line":323,"column":13}},{"start":{"line":321,"column":12},"end":{"line":323,"column":13}}],"line":321},"36":{"loc":{"start":{"line":370,"column":4},"end":{"line":376,"column":5}},"type":"if","locations":[{"start":{"line":370,"column":4},"end":{"line":376,"column":5}},{"start":{"line":370,"column":4},"end":{"line":376,"column":5}}],"line":370},"37":{"loc":{"start":{"line":419,"column":4},"end":{"line":421,"column":5}},"type":"if","locations":[{"start":{"line":419,"column":4},"end":{"line":421,"column":5}},{"start":{"line":419,"column":4},"end":{"line":421,"column":5}}],"line":419},"38":{"loc":{"start":{"line":431,"column":4},"end":{"line":488,"column":5}},"type":"if","locations":[{"start":{"line":431,"column":4},"end":{"line":488,"column":5}},{"start":{"line":431,"column":4},"end":{"line":488,"column":5}}],"line":431},"39":{"loc":{"start":{"line":433,"column":8},"end":{"line":441,"column":9}},"type":"if","locations":[{"start":{"line":433,"column":8},"end":{"line":441,"column":9}},{"start":{"line":433,"column":8},"end":{"line":441,"column":9}}],"line":433},"40":{"loc":{"start":{"line":482,"column":12},"end":{"line":484,"column":13}},"type":"if","locations":[{"start":{"line":482,"column":12},"end":{"line":484,"column":13}},{"start":{"line":482,"column":12},"end":{"line":484,"column":13}}],"line":482},"41":{"loc":{"start":{"line":494,"column":4},"end":{"line":524,"column":5}},"type":"if","locations":[{"start":{"line":494,"column":4},"end":{"line":524,"column":5}},{"start":{"line":494,"column":4},"end":{"line":524,"column":5}}],"line":494},"42":{"loc":{"start":{"line":504,"column":12},"end":{"line":513,"column":13}},"type":"if","locations":[{"start":{"line":504,"column":12},"end":{"line":513,"column":13}},{"start":{"line":504,"column":12},"end":{"line":513,"column":13}}],"line":504},"43":{"loc":{"start":{"line":505,"column":16},"end":{"line":512,"column":17}},"type":"if","locations":[{"start":{"line":505,"column":16},"end":{"line":512,"column":17}},{"start":{"line":505,"column":16},"end":{"line":512,"column":17}}],"line":505},"44":{"loc":{"start":{"line":519,"column":8},"end":{"line":521,"column":9}},"type":"if","locations":[{"start":{"line":519,"column":8},"end":{"line":521,"column":9}},{"start":{"line":519,"column":8},"end":{"line":521,"column":9}}],"line":519},"45":{"loc":{"start":{"line":528,"column":4},"end":{"line":532,"column":5}},"type":"if","locations":[{"start":{"line":528,"column":4},"end":{"line":532,"column":5}},{"start":{"line":528,"column":4},"end":{"line":532,"column":5}}],"line":528},"46":{"loc":{"start":{"line":539,"column":8},"end":{"line":541,"column":9}},"type":"if","locations":[{"start":{"line":539,"column":8},"end":{"line":541,"column":9}},{"start":{"line":539,"column":8},"end":{"line":541,"column":9}}],"line":539},"47":{"loc":{"start":{"line":539,"column":11},"end":{"line":539,"column":101}},"type":"binary-expr","locations":[{"start":{"line":539,"column":11},"end":{"line":539,"column":27}},{"start":{"line":539,"column":31},"end":{"line":539,"column":63}},{"start":{"line":539,"column":68},"end":{"line":539,"column":101}}],"line":539},"48":{"loc":{"start":{"line":550,"column":4},"end":{"line":564,"column":5}},"type":"if","locations":[{"start":{"line":550,"column":4},"end":{"line":564,"column":5}},{"start":{"line":550,"column":4},"end":{"line":564,"column":5}}],"line":550},"49":{"loc":{"start":{"line":550,"column":8},"end":{"line":550,"column":61}},"type":"binary-expr","locations":[{"start":{"line":550,"column":8},"end":{"line":550,"column":23}},{"start":{"line":550,"column":27},"end":{"line":550,"column":42}},{"start":{"line":550,"column":46},"end":{"line":550,"column":61}}],"line":550},"50":{"loc":{"start":{"line":552,"column":8},"end":{"line":554,"column":9}},"type":"if","locations":[{"start":{"line":552,"column":8},"end":{"line":554,"column":9}},{"start":{"line":552,"column":8},"end":{"line":554,"column":9}}],"line":552},"51":{"loc":{"start":{"line":555,"column":8},"end":{"line":557,"column":9}},"type":"if","locations":[{"start":{"line":555,"column":8},"end":{"line":557,"column":9}},{"start":{"line":555,"column":8},"end":{"line":557,"column":9}}],"line":555},"52":{"loc":{"start":{"line":558,"column":8},"end":{"line":560,"column":9}},"type":"if","locations":[{"start":{"line":558,"column":8},"end":{"line":560,"column":9}},{"start":{"line":558,"column":8},"end":{"line":560,"column":9}}],"line":558},"53":{"loc":{"start":{"line":577,"column":4},"end":{"line":644,"column":5}},"type":"if","locations":[{"start":{"line":577,"column":4},"end":{"line":644,"column":5}},{"start":{"line":577,"column":4},"end":{"line":644,"column":5}}],"line":577},"54":{"loc":{"start":{"line":577,"column":8},"end":{"line":577,"column":26}},"type":"binary-expr","locations":[{"start":{"line":577,"column":8},"end":{"line":577,"column":12}},{"start":{"line":577,"column":16},"end":{"line":577,"column":26}}],"line":577},"55":{"loc":{"start":{"line":583,"column":8},"end":{"line":642,"column":9}},"type":"if","locations":[{"start":{"line":583,"column":8},"end":{"line":642,"column":9}},{"start":{"line":583,"column":8},"end":{"line":642,"column":9}}],"line":583},"56":{"loc":{"start":{"line":593,"column":12},"end":{"line":618,"column":13}},"type":"if","locations":[{"start":{"line":593,"column":12},"end":{"line":618,"column":13}},{"start":{"line":593,"column":12},"end":{"line":618,"column":13}}],"line":593},"57":{"loc":{"start":{"line":601,"column":16},"end":{"line":617,"column":17}},"type":"if","locations":[{"start":{"line":601,"column":16},"end":{"line":617,"column":17}},{"start":{"line":601,"column":16},"end":{"line":617,"column":17}}],"line":601},"58":{"loc":{"start":{"line":624,"column":12},"end":{"line":633,"column":13}},"type":"if","locations":[{"start":{"line":624,"column":12},"end":{"line":633,"column":13}},{"start":{"line":624,"column":12},"end":{"line":633,"column":13}}],"line":624}},"s":{"0":0,"1":0,"2":0,"3":0,"4":0,"5":0,"6":0,"7":0,"8":0,"9":0,"10":0,"11":0,"12":0,"13":0,"14":0,"15":0,"16":0,"17":0,"18":0,"19":0,"20":0,"21":0,"22":0,"23":0,"24":0,"25":0,"26":0,"27":0,"28":0,"29":0,"30":0,"31":0,"32":0,"33":0,"34":0,"35":0,"36":0,"37":0,"38":0,"39":0,"40":0,"41":0,"42":0,"43":0,"44":0,"45":0,"46":0,"47":0,"48":0,"49":0,"50":0,"51":0,"52":0,"53":0,"54":0,"55":0,"56":0,"57":0,"58":0,"59":0,"60":0,"61":0,"62":0,"63":0,"64":0,"65":0,"66":0,"67":0,"68":0,"69":0,"70":0,"71":0,"72":0,"73":0,"74":0,"75":0,"76":0,"77":0,"78":0,"79":0,"80":0,"81":0,"82":0,"83":0,"84":0,"85":0,"86":0,"87":0,"88":0,"89":0,"90":0,"91":0,"92":0,"93":0,"94":0,"95":0,"96":0,"97":0,"98":0,"99":0,"100":0,"101":0,"102":0,"103":0,"104":0,"105":0,"106":0,"107":0,"108":0,"109":0,"110":0,"111":0,"112":0,"113":0,"114":0,"115":0,"116":0,"117":0,"118":0,"119":0,"120":0,"121":0,"122":0,"123":0,"124":0,"125":0,"126":0,"127":0,"128":0,"129":0,"130":0,"131":0,"132":0,"133":0,"134":0,"135":0,"136":0,"137":0,"138":0,"139":0,"140":0,"141":0,"142":0,"143":0,"144":0,"145":0,"146":0,"147":0,"148":0,"149":0,"150":0,"151":0,"152":0,"153":0,"154":0,"155":0,"156":0,"157":0,"158":0,"159":0,"160":0,"161":0,"162":0,"163":0,"164":0,"165":0,"166":0,"167":0,"168":0,"169":0,"170":0,"171":0,"172":0,"173":0,"174":0,"175":0,"176":0,"177":0,"178":0,"179":0,"180":0,"181":0,"182":0,"183":0,"184":0,"185":0,"186":0,"187":0,"188":0,"189":0,"190":0,"191":0,"192":0,"193":0,"194":0,"195":0,"196":0,"197":0,"198":0,"199":0,"200":0,"201":0,"202":0,"203":0,"204":0,"205":0,"206":0,"207":0,"208":0,"209":0,"210":0,"211":0,"212":0,"213":0,"214":0,"215":0,"216":0,"217":0,"218":0,"219":0,"220":0,"221":0,"222":0,"223":0,"224":0,"225":0,"226":0,"227":0,"228":0,"229":0,"230":0,"231":0,"232":0,"233":0,"234":0,"235":0,"236":0,"237":0,"238":0,"239":0,"240":0,"241":0,"242":0,"243":0,"244":0,"245":0,"246":0,"247":0,"248":0,"249":0,"250":0,"251":0,"252":0,"253":0},"f":{"0":0,"1":0,"2":0,"3":0,"4":0,"5":0,"6":0,"7":0,"8":0,"9":0,"10":0,"11":0,"12":0,"13":0,"14":0,"15":0},"b":{"0":[0,0],"1":[0,0],"2":[0,0],"3":[0,0],"4":[0,0],"5":[0,0],"6":[0,0],"7":[0,0],"8":[0,0,0],"9":[0,0],"10":[0,0],"11":[0,0],"12":[0,0],"13":[0,0],"14":[0,0],"15":[0,0],"16":[0,0],"17":[0,0],"18":[0,0],"19":[0,0],"20":[0,0],"21":[0,0],"22":[0,0],"23":[0,0],"24":[0,0],"25":[0,0],"26":[0,0],"27":[0,0],"28":[0,0],"29":[0,0],"30":[0,0],"31":[0,0],"32":[0,0],"33":[0,0],"34":[0,0],"35":[0,0],"36":[0,0],"37":[0,0],"38":[0,0],"39":[0,0],"40":[0,0],"41":[0,0],"42":[0,0],"43":[0,0],"44":[0,0],"45":[0,0],"46":[0,0],"47":[0,0,0],"48":[0,0],"49":[0,0,0],"50":[0,0],"51":[0,0],"52":[0,0],"53":[0,0],"54":[0,0],"55":[0,0],"56":[0,0],"57":[0,0],"58":[0,0]},"hash":"b57731e79a6b16499b3ec76535be427e8239df24"}
,"/home/hector/skills/CircleOfFifths/test-code/utils.js": {"path":"/home/hector/skills/CircleOfFifths/test-code/utils.js","statementMap":{"0":{"start":{"line":1,"column":0},"end":{"line":4,"column":1}},"1":{"start":{"line":2,"column":15},"end":{"line":2,"column":49}},"2":{"start":{"line":3,"column":4},"end":{"line":3,"column":54}},"3":{"start":{"line":6,"column":0},"end":{"line":37,"column":1}},"4":{"start":{"line":9,"column":4},"end":{"line":36,"column":7}},"5":{"start":{"line":11,"column":24},"end":{"line":11,"column":42}},"6":{"start":{"line":12,"column":23},"end":{"line":12,"column":63}},"7":{"start":{"line":14,"column":33},"end":{"line":17,"column":13}},"8":{"start":{"line":19,"column":12},"end":{"line":34,"column":15}},"9":{"start":{"line":21,"column":20},"end":{"line":30,"column":21}},"10":{"start":{"line":22,"column":28},"end":{"line":22,"column":68}},"11":{"start":{"line":31,"column":20},"end":{"line":31,"column":34}},"12":{"start":{"line":39,"column":0},"end":{"line":68,"column":1}},"13":{"start":{"line":41,"column":4},"end":{"line":67,"column":7}},"14":{"start":{"line":43,"column":24},"end":{"line":43,"column":42}},"15":{"start":{"line":44,"column":12},"end":{"line":44,"column":58}},"16":{"start":{"line":45,"column":28},"end":{"line":45,"column":30}},"17":{"start":{"line":46,"column":31},"end":{"line":49,"column":13}},"18":{"start":{"line":51,"column":12},"end":{"line":66,"column":15}},"19":{"start":{"line":52,"column":20},"end":{"line":65,"column":21}},"20":{"start":{"line":53,"column":28},"end":{"line":53,"column":67}},"21":{"start":{"line":56,"column":28},"end":{"line":61,"column":29}},"22":{"start":{"line":57,"column":32},"end":{"line":57,"column":65}},"23":{"start":{"line":58,"column":36},"end":{"line":58,"column":58}},"24":{"start":{"line":60,"column":36},"end":{"line":60,"column":68}},"25":{"start":{"line":62,"column":28},"end":{"line":62,"column":47}},"26":{"start":{"line":70,"column":0},"end":{"line":95,"column":1}},"27":{"start":{"line":73,"column":18},"end":{"line":73,"column":30}},"28":{"start":{"line":74,"column":15},"end":{"line":74,"column":28}},"29":{"start":{"line":75,"column":18},"end":{"line":78,"column":4}},"30":{"start":{"line":79,"column":3},"end":{"line":90,"column":4}},"31":{"start":{"line":80,"column":21},"end":{"line":80,"column":41}},"32":{"start":{"line":83,"column":21},"end":{"line":83,"column":41}},"33":{"start":{"line":86,"column":7},"end":{"line":86,"column":24}},"34":{"start":{"line":87,"column":23},"end":{"line":87,"column":75}},"35":{"start":{"line":88,"column":7},"end":{"line":88,"column":28}},"36":{"start":{"line":89,"column":7},"end":{"line":89,"column":32}},"37":{"start":{"line":93,"column":3},"end":{"line":93,"column":18}}},"fnMap":{"0":{"name":"(anonymous_0)","decl":{"start":{"line":1,"column":25},"end":{"line":1,"column":26}},"loc":{"start":{"line":1,"column":47},"end":{"line":4,"column":1}},"line":1},"1":{"name":"(anonymous_1)","decl":{"start":{"line":6,"column":31},"end":{"line":6,"column":32}},"loc":{"start":{"line":6,"column":58},"end":{"line":37,"column":1}},"line":6},"2":{"name":"(anonymous_2)","decl":{"start":{"line":9,"column":23},"end":{"line":9,"column":24}},"loc":{"start":{"line":9,"column":34},"end":{"line":36,"column":5}},"line":9},"3":{"name":"(anonymous_3)","decl":{"start":{"line":19,"column":40},"end":{"line":19,"column":41}},"loc":{"start":{"line":19,"column":61},"end":{"line":34,"column":13}},"line":19},"4":{"name":"(anonymous_4)","decl":{"start":{"line":39,"column":29},"end":{"line":39,"column":30}},"loc":{"start":{"line":39,"column":52},"end":{"line":68,"column":1}},"line":39},"5":{"name":"(anonymous_5)","decl":{"start":{"line":41,"column":23},"end":{"line":41,"column":24}},"loc":{"start":{"line":41,"column":34},"end":{"line":67,"column":5}},"line":41},"6":{"name":"(anonymous_6)","decl":{"start":{"line":51,"column":39},"end":{"line":51,"column":40}},"loc":{"start":{"line":51,"column":60},"end":{"line":66,"column":13}},"line":51},"7":{"name":"(anonymous_7)","decl":{"start":{"line":70,"column":25},"end":{"line":70,"column":26}},"loc":{"start":{"line":70,"column":43},"end":{"line":95,"column":1}},"line":70}},"branchMap":{"0":{"loc":{"start":{"line":3,"column":19},"end":{"line":3,"column":35}},"type":"binary-expr","locations":[{"start":{"line":3,"column":19},"end":{"line":3,"column":27}},{"start":{"line":3,"column":31},"end":{"line":3,"column":35}}],"line":3},"1":{"loc":{"start":{"line":21,"column":20},"end":{"line":30,"column":21}},"type":"if","locations":[{"start":{"line":21,"column":20},"end":{"line":30,"column":21}},{"start":{"line":21,"column":20},"end":{"line":30,"column":21}}],"line":21},"2":{"loc":{"start":{"line":52,"column":20},"end":{"line":65,"column":21}},"type":"if","locations":[{"start":{"line":52,"column":20},"end":{"line":65,"column":21}},{"start":{"line":52,"column":20},"end":{"line":65,"column":21}}],"line":52},"3":{"loc":{"start":{"line":56,"column":28},"end":{"line":61,"column":29}},"type":"if","locations":[{"start":{"line":56,"column":28},"end":{"line":61,"column":29}},{"start":{"line":56,"column":28},"end":{"line":61,"column":29}}],"line":56}},"s":{"0":0,"1":0,"2":0,"3":0,"4":0,"5":0,"6":0,"7":0,"8":0,"9":0,"10":0,"11":0,"12":0,"13":0,"14":0,"15":0,"16":0,"17":0,"18":0,"19":0,"20":0,"21":0,"22":0,"23":0,"24":0,"25":0,"26":0,"27":0,"28":0,"29":0,"30":0,"31":0,"32":0,"33":0,"34":0,"35":0,"36":0,"37":0},"f":{"0":0,"1":0,"2":0,"3":0,"4":0,"5":0,"6":0,"7":0},"b":{"0":[0,0],"1":[0,0],"2":[0,0],"3":[0,0]},"hash":"becec4a8154fe40420f1db7f5d0a9e8ed5caad11"}
}
