TN:
SF:/home/hector/skills/CircleOfFifths/aboutme.js
FN:5,(anonymous_0)
FN:6,(anonymous_1)
FNF:2
FNH:0
FNDA:0,(anonymous_0)
FNDA:0,(anonymous_1)
DA:2,0
DA:6,0
DA:7,0
DA:11,0
LF:4
LH:0
BRF:0
BRH:0
end_of_record
TN:
SF:/home/hector/skills/CircleOfFifths/lambda/index_do_not_use.js
FN:63,(anonymous_0)
FN:67,(anonymous_1)
FN:76,(anonymous_2)
FN:84,(anonymous_3)
FN:124,showNextQuestion
FN:156,(anonymous_5)
FN:164,(anonymous_6)
FN:192,CheckAnswer
FN:269,getSpeechCon
FN:275,(anonymous_9)
FN:282,(anonymous_10)
FN:302,(anonymous_11)
FN:307,(anonymous_12)
FN:330,(anonymous_13)
FN:336,(anonymous_14)
FN:405,(anonymous_15)
FN:411,(anonymous_16)
FN:424,startNewLevel
FN:430,askQuestion
FN:447,setupLevel
FN:468,(anonymous_20)
FN:483,(anonymous_21)
FN:493,(anonymous_22)
FN:567,marksOutOfTen
FN:617,(anonymous_24)
FN:623,(anonymous_25)
FN:649,(anonymous_26)
FN:659,(anonymous_27)
FN:673,exitSkill
FN:708,makeUpsell
FN:736,(anonymous_30)
FN:740,(anonymous_31)
FN:747,(anonymous_32)
FN:751,(anonymous_33)
FN:762,(anonymous_34)
FN:768,(anonymous_35)
FN:803,(anonymous_36)
FN:809,(anonymous_37)
FN:840,(anonymous_38)
FN:845,(anonymous_39)
FN:875,(anonymous_40)
FN:880,(anonymous_41)
FN:935,(anonymous_42)
FN:937,(anonymous_43)
FN:980,(anonymous_44)
FN:986,(anonymous_45)
FN:1026,(anonymous_46)
FN:1031,(anonymous_47)
FN:1054,(anonymous_48)
FN:1060,(anonymous_49)
FN:1090,(anonymous_50)
FN:1094,(anonymous_51)
FN:1117,(anonymous_52)
FN:1122,(anonymous_53)
FN:1129,handlePurchaseResponse
FN:1144,(anonymous_55)
FN:1154,(anonymous_56)
FN:1183,(anonymous_57)
FN:1189,(anonymous_58)
FN:1196,(anonymous_59)
FN:1198,(anonymous_60)
FN:1239,(anonymous_61)
FN:1243,(anonymous_62)
FN:1251,(anonymous_63)
FN:1252,(anonymous_64)
FN:1274,getSpeechOutput
FN:1299,supportsAPL
FN:1307,(anonymous_67)
FN:1314,(anonymous_68)
FN:1335,(anonymous_69)
FN:1343,(anonymous_70)
FN:1367,(anonymous_71)
FN:1369,(anonymous_72)
FN:1371,(anonymous_73)
FN:1385,(anonymous_74)
FN:1396,(anonymous_75)
FN:1420,(anonymous_76)
FN:1422,(anonymous_77)
FN:1425,(anonymous_78)
FN:1433,getNextPurchasableProduct
FN:1436,(anonymous_80)
FN:1450,(anonymous_81)
FN:1455,(anonymous_82)
FNF:83
FNH:0
FNDA:0,(anonymous_0)
FNDA:0,(anonymous_1)
FNDA:0,(anonymous_2)
FNDA:0,(anonymous_3)
FNDA:0,showNextQuestion
FNDA:0,(anonymous_5)
FNDA:0,(anonymous_6)
FNDA:0,CheckAnswer
FNDA:0,getSpeechCon
FNDA:0,(anonymous_9)
FNDA:0,(anonymous_10)
FNDA:0,(anonymous_11)
FNDA:0,(anonymous_12)
FNDA:0,(anonymous_13)
FNDA:0,(anonymous_14)
FNDA:0,(anonymous_15)
FNDA:0,(anonymous_16)
FNDA:0,startNewLevel
FNDA:0,askQuestion
FNDA:0,setupLevel
FNDA:0,(anonymous_20)
FNDA:0,(anonymous_21)
FNDA:0,(anonymous_22)
FNDA:0,marksOutOfTen
FNDA:0,(anonymous_24)
FNDA:0,(anonymous_25)
FNDA:0,(anonymous_26)
FNDA:0,(anonymous_27)
FNDA:0,exitSkill
FNDA:0,makeUpsell
FNDA:0,(anonymous_30)
FNDA:0,(anonymous_31)
FNDA:0,(anonymous_32)
FNDA:0,(anonymous_33)
FNDA:0,(anonymous_34)
FNDA:0,(anonymous_35)
FNDA:0,(anonymous_36)
FNDA:0,(anonymous_37)
FNDA:0,(anonymous_38)
FNDA:0,(anonymous_39)
FNDA:0,(anonymous_40)
FNDA:0,(anonymous_41)
FNDA:0,(anonymous_42)
FNDA:0,(anonymous_43)
FNDA:0,(anonymous_44)
FNDA:0,(anonymous_45)
FNDA:0,(anonymous_46)
FNDA:0,(anonymous_47)
FNDA:0,(anonymous_48)
FNDA:0,(anonymous_49)
FNDA:0,(anonymous_50)
FNDA:0,(anonymous_51)
FNDA:0,(anonymous_52)
FNDA:0,(anonymous_53)
FNDA:0,handlePurchaseResponse
FNDA:0,(anonymous_55)
FNDA:0,(anonymous_56)
FNDA:0,(anonymous_57)
FNDA:0,(anonymous_58)
FNDA:0,(anonymous_59)
FNDA:0,(anonymous_60)
FNDA:0,(anonymous_61)
FNDA:0,(anonymous_62)
FNDA:0,(anonymous_63)
FNDA:0,(anonymous_64)
FNDA:0,getSpeechOutput
FNDA:0,supportsAPL
FNDA:0,(anonymous_67)
FNDA:0,(anonymous_68)
FNDA:0,(anonymous_69)
FNDA:0,(anonymous_70)
FNDA:0,(anonymous_71)
FNDA:0,(anonymous_72)
FNDA:0,(anonymous_73)
FNDA:0,(anonymous_74)
FNDA:0,(anonymous_75)
FNDA:0,(anonymous_76)
FNDA:0,(anonymous_77)
FNDA:0,(anonymous_78)
FNDA:0,getNextPurchasableProduct
FNDA:0,(anonymous_80)
FNDA:0,(anonymous_81)
FNDA:0,(anonymous_82)
DA:7,0
DA:9,0
DA:11,0
DA:12,0
DA:14,0
DA:15,0
DA:18,0
DA:19,0
DA:20,0
DA:21,0
DA:22,0
DA:23,0
DA:26,0
DA:28,0
DA:35,0
DA:36,0
DA:37,0
DA:39,0
DA:46,0
DA:47,0
DA:48,0
DA:49,0
DA:50,0
DA:52,0
DA:53,0
DA:55,0
DA:57,0
DA:58,0
DA:59,0
DA:62,0
DA:64,0
DA:65,0
DA:68,0
DA:70,0
DA:75,0
DA:77,0
DA:78,0
DA:79,0
DA:80,0
DA:81,0
DA:85,0
DA:86,0
DA:90,0
DA:95,0
DA:96,0
DA:97,0
DA:100,0
DA:102,0
DA:103,0
DA:104,0
DA:107,0
DA:108,0
DA:109,0
DA:110,0
DA:111,0
DA:113,0
DA:125,0
DA:126,0
DA:128,0
DA:129,0
DA:130,0
DA:132,0
DA:133,0
DA:134,0
DA:135,0
DA:146,0
DA:155,0
DA:157,0
DA:158,0
DA:159,0
DA:160,0
DA:161,0
DA:165,0
DA:166,0
DA:170,0
DA:175,0
DA:176,0
DA:177,0
DA:178,0
DA:179,0
DA:180,0
DA:181,0
DA:182,0
DA:183,0
DA:185,0
DA:196,0
DA:198,0
DA:200,0
DA:201,0
DA:203,0
DA:204,0
DA:208,0
DA:209,0
DA:210,0
DA:212,0
DA:215,0
DA:216,0
DA:218,0
DA:219,0
DA:220,0
DA:225,0
DA:226,0
DA:227,0
DA:228,0
DA:233,0
DA:235,0
DA:236,0
DA:237,0
DA:270,0
DA:271,0
DA:274,0
DA:276,0
DA:279,0
DA:283,0
DA:284,0
DA:285,0
DA:287,0
DA:288,0
DA:289,0
DA:291,0
DA:292,0
DA:294,0
DA:301,0
DA:303,0
DA:304,0
DA:308,0
DA:309,0
DA:311,0
DA:312,0
DA:313,0
DA:314,0
DA:315,0
DA:320,0
DA:322,0
DA:323,0
DA:329,0
DA:331,0
DA:332,0
DA:333,0
DA:337,0
DA:338,0
DA:339,0
DA:340,0
DA:341,0
DA:342,0
DA:343,0
DA:346,0
DA:348,0
DA:352,0
DA:354,0
DA:361,0
DA:362,0
DA:363,0
DA:365,0
DA:367,0
DA:369,0
DA:370,0
DA:372,0
DA:373,0
DA:404,0
DA:406,0
DA:407,0
DA:412,0
DA:413,0
DA:415,0
DA:416,0
DA:426,0
DA:432,0
DA:433,0
DA:435,0
DA:437,0
DA:438,0
DA:439,0
DA:442,0
DA:449,0
DA:450,0
DA:452,0
DA:454,0
DA:455,0
DA:456,0
DA:457,0
DA:462,0
DA:463,0
DA:468,0
DA:469,0
DA:471,0
DA:473,0
DA:483,0
DA:484,0
DA:486,0
DA:493,0
DA:494,0
DA:496,0
DA:500,0
DA:501,0
DA:502,0
DA:503,0
DA:504,0
DA:506,0
DA:507,0
DA:508,0
DA:511,0
DA:512,0
DA:513,0
DA:515,0
DA:517,0
DA:518,0
DA:520,0
DA:521,0
DA:522,0
DA:523,0
DA:524,0
DA:526,0
DA:527,0
DA:529,0
DA:530,0
DA:533,0
DA:534,0
DA:536,0
DA:537,0
DA:538,0
DA:540,0
DA:546,0
DA:547,0
DA:550,0
DA:551,0
DA:552,0
DA:568,0
DA:569,0
DA:571,0
DA:572,0
DA:577,0
DA:579,0
DA:580,0
DA:581,0
DA:583,0
DA:584,0
DA:585,0
DA:586,0
DA:587,0
DA:588,0
DA:590,0
DA:592,0
DA:593,0
DA:595,0
DA:597,0
DA:600,0
DA:601,0
DA:602,0
DA:607,0
DA:610,0
DA:613,0
DA:616,0
DA:618,0
DA:619,0
DA:620,0
DA:624,0
DA:626,0
DA:639,0
DA:640,0
DA:641,0
DA:648,0
DA:650,0
DA:651,0
DA:653,0
DA:660,0
DA:662,0
DA:669,0
DA:674,0
DA:676,0
DA:678,0
DA:679,0
DA:682,0
DA:695,0
DA:710,0
DA:713,0
DA:714,0
DA:719,0
DA:735,0
DA:737,0
DA:738,0
DA:741,0
DA:742,0
DA:746,0
DA:748,0
DA:749,0
DA:752,0
DA:753,0
DA:754,0
DA:761,0
DA:763,0
DA:765,0
DA:769,0
DA:770,0
DA:771,0
DA:772,0
DA:774,0
DA:775,0
DA:793,0
DA:802,0
DA:804,0
DA:811,0
DA:812,0
DA:813,0
DA:814,0
DA:816,0
DA:817,0
DA:818,0
DA:819,0
DA:821,0
DA:822,0
DA:824,0
DA:827,0
DA:828,0
DA:831,0
DA:839,0
DA:841,0
DA:842,0
DA:846,0
DA:850,0
DA:852,0
DA:855,0
DA:859,0
DA:862,0
DA:864,0
DA:867,0
DA:874,0
DA:876,0
DA:877,0
DA:881,0
DA:882,0
DA:883,0
DA:884,0
DA:885,0
DA:889,0
DA:890,0
DA:892,0
DA:894,0
DA:895,0
DA:896,0
DA:917,0
DA:918,0
DA:919,0
DA:921,0
DA:935,0
DA:936,0
DA:937,0
DA:938,0
DA:939,0
DA:942,0
DA:943,0
DA:945,0
DA:947,0
DA:949,0
DA:951,0
DA:957,0
DA:958,0
DA:959,0
DA:973,0
DA:979,0
DA:981,0
DA:983,0
DA:987,0
DA:988,0
DA:989,0
DA:996,0
DA:998,0
DA:1004,0
DA:1006,0
DA:1013,0
DA:1014,0
DA:1016,0
DA:1018,0
DA:1019,0
DA:1020,0
DA:1021,0
DA:1026,0
DA:1030,0
DA:1031,0
DA:1032,0
DA:1033,0
DA:1034,0
DA:1036,0
DA:1053,0
DA:1055,0
DA:1057,0
DA:1061,0
DA:1063,0
DA:1064,0
DA:1071,0
DA:1073,0
DA:1079,0
DA:1081,0
DA:1088,0
DA:1090,0
DA:1094,0
DA:1095,0
DA:1096,0
DA:1097,0
DA:1099,0
DA:1116,0
DA:1118,0
DA:1123,0
DA:1124,0
DA:1125,0
DA:1126,0
DA:1127,0
DA:1129,0
DA:1131,0
DA:1132,0
DA:1133,0
DA:1135,0
DA:1136,0
DA:1137,0
DA:1142,0
DA:1144,0
DA:1145,0
DA:1147,0
DA:1148,0
DA:1149,0
DA:1150,0
DA:1151,0
DA:1152,0
DA:1154,0
DA:1157,0
DA:1158,0
DA:1160,0
DA:1161,0
DA:1163,0
DA:1164,0
DA:1166,0
DA:1173,0
DA:1175,0
DA:1182,0
DA:1184,0
DA:1190,0
DA:1191,0
DA:1192,0
DA:1193,0
DA:1196,0
DA:1197,0
DA:1198,0
DA:1201,0
DA:1205,0
DA:1209,0
DA:1211,0
DA:1212,0
DA:1213,0
DA:1214,0
DA:1215,0
DA:1216,0
DA:1220,0
DA:1221,0
DA:1223,0
DA:1229,0
DA:1231,0
DA:1238,0
DA:1240,0
DA:1244,0
DA:1245,0
DA:1249,0
DA:1251,0
DA:1252,0
DA:1254,0
DA:1255,0
DA:1256,0
DA:1258,0
DA:1264,0
DA:1265,0
DA:1266,0
DA:1268,0
DA:1275,0
DA:1276,0
DA:1278,0
DA:1281,0
DA:1282,0
DA:1283,0
DA:1284,0
DA:1288,0
DA:1293,0
DA:1300,0
DA:1302,0
DA:1303,0
DA:1306,0
DA:1308,0
DA:1314,0
DA:1315,0
DA:1316,0
DA:1318,0
DA:1319,0
DA:1321,0
DA:1327,0
DA:1328,0
DA:1330,0
DA:1334,0
DA:1335,0
DA:1336,0
DA:1342,0
DA:1344,0
DA:1346,0
DA:1347,0
DA:1348,0
DA:1349,0
DA:1350,0
DA:1351,0
DA:1352,0
DA:1353,0
DA:1354,0
DA:1355,0
DA:1356,0
DA:1358,0
DA:1366,0
DA:1368,0
DA:1369,0
DA:1370,0
DA:1372,0
DA:1373,0
DA:1374,0
DA:1376,0
DA:1378,0
DA:1380,0
DA:1381,0
DA:1382,0
DA:1383,0
DA:1386,0
DA:1395,0
DA:1397,0
DA:1398,0
DA:1399,0
DA:1403,0
DA:1404,0
DA:1412,0
DA:1416,0
DA:1417,0
DA:1419,0
DA:1420,0
DA:1421,0
DA:1423,0
DA:1426,0
DA:1435,0
DA:1436,0
DA:1437,0
DA:1439,0
DA:1441,0
DA:1445,0
DA:1449,0
DA:1451,0
DA:1454,0
DA:1456,0
DA:1461,0
DA:1464,0
LF:551
LH:0
BRDA:81,0,0,0
BRDA:81,0,1,0
BRDA:128,1,0,0
BRDA:128,1,1,0
BRDA:161,2,0,0
BRDA:161,2,1,0
BRDA:208,3,0,0
BRDA:208,3,1,0
BRDA:208,4,0,0
BRDA:208,4,1,0
BRDA:215,5,0,0
BRDA:215,5,1,0
BRDA:271,6,0,0
BRDA:271,6,1,0
BRDA:279,7,0,0
BRDA:279,7,1,0
BRDA:287,8,0,0
BRDA:287,8,1,0
BRDA:304,9,0,0
BRDA:304,9,1,0
BRDA:311,10,0,0
BRDA:311,10,1,0
BRDA:333,11,0,0
BRDA:333,11,1,0
BRDA:343,12,0,0
BRDA:343,12,1,0
BRDA:343,12,2,0
BRDA:343,12,3,0
BRDA:343,12,4,0
BRDA:343,12,5,0
BRDA:343,12,6,0
BRDA:407,13,0,0
BRDA:407,13,1,0
BRDA:462,14,0,0
BRDA:462,14,1,0
BRDA:468,15,0,0
BRDA:468,15,1,0
BRDA:506,16,0,0
BRDA:506,16,1,0
BRDA:515,17,0,0
BRDA:515,17,1,0
BRDA:515,17,2,0
BRDA:515,17,3,0
BRDA:537,18,0,0
BRDA:537,18,1,0
BRDA:550,19,0,0
BRDA:550,19,1,0
BRDA:577,20,0,0
BRDA:577,20,1,0
BRDA:581,21,0,0
BRDA:581,21,1,0
BRDA:620,22,0,0
BRDA:620,22,1,0
BRDA:653,23,0,0
BRDA:653,23,1,0
BRDA:653,23,2,0
BRDA:653,23,3,0
BRDA:765,24,0,0
BRDA:765,24,1,0
BRDA:805,25,0,0
BRDA:805,25,1,0
BRDA:821,26,0,0
BRDA:821,26,1,0
BRDA:842,27,0,0
BRDA:842,27,1,0
BRDA:852,28,0,0
BRDA:852,28,1,0
BRDA:877,29,0,0
BRDA:877,29,1,0
BRDA:889,30,0,0
BRDA:889,30,1,0
BRDA:892,31,0,0
BRDA:892,31,1,0
BRDA:918,32,0,0
BRDA:918,32,1,0
BRDA:942,33,0,0
BRDA:942,33,1,0
BRDA:983,34,0,0
BRDA:983,34,1,0
BRDA:996,35,0,0
BRDA:996,35,1,0
BRDA:1004,36,0,0
BRDA:1004,36,1,0
BRDA:1016,37,0,0
BRDA:1016,37,1,0
BRDA:1057,38,0,0
BRDA:1057,38,1,0
BRDA:1071,39,0,0
BRDA:1071,39,1,0
BRDA:1079,40,0,0
BRDA:1079,40,1,0
BRDA:1118,41,0,0
BRDA:1118,41,1,0
BRDA:1118,41,2,0
BRDA:1131,42,0,0
BRDA:1131,42,1,0
BRDA:1142,43,0,0
BRDA:1142,43,1,0
BRDA:1142,43,2,0
BRDA:1142,43,3,0
BRDA:1185,44,0,0
BRDA:1185,44,1,0
BRDA:1205,45,0,0
BRDA:1205,45,1,0
BRDA:1209,46,0,0
BRDA:1209,46,1,0
BRDA:1213,47,0,0
BRDA:1213,47,1,0
BRDA:1216,48,0,0
BRDA:1216,48,1,0
BRDA:1240,49,0,0
BRDA:1240,49,1,0
BRDA:1254,50,0,0
BRDA:1254,50,1,0
BRDA:1278,51,0,0
BRDA:1278,51,1,0
BRDA:1283,52,0,0
BRDA:1283,52,1,0
BRDA:1303,53,0,0
BRDA:1303,53,1,0
BRDA:1327,54,0,0
BRDA:1327,54,1,0
BRDA:1344,55,0,0
BRDA:1344,55,1,0
BRDA:1368,56,0,0
BRDA:1368,56,1,0
BRDA:1372,57,0,0
BRDA:1372,57,1,0
BRDA:1373,58,0,0
BRDA:1373,58,1,0
BRDA:1412,59,0,0
BRDA:1412,59,1,0
BRDA:1412,60,0,0
BRDA:1412,60,1,0
BRDA:1412,60,2,0
BRDA:1412,60,3,0
BRDA:1437,61,0,0
BRDA:1437,61,1,0
BRDA:1439,62,0,0
BRDA:1439,62,1,0
BRDA:1445,63,0,0
BRDA:1445,63,1,0
BRF:142
BRH:0
end_of_record
TN:
SF:/home/hector/skills/CircleOfFifths/lambda/custom/constants.js
FNF:0
FNH:0
DA:2,1
DA:17,1
DA:383,1
DA:389,1
DA:546,1
DA:580,1
DA:582,1
LF:7
LH:7
BRF:0
BRH:0
end_of_record
TN:
SF:/home/hector/skills/CircleOfFifths/lambda/custom/index copy.js
FN:57,(anonymous_0)
FN:62,(anonymous_1)
FN:72,(anonymous_2)
FN:87,(anonymous_3)
FN:153,CheckAnswer
FN:196,getSpeechCon
FN:202,(anonymous_6)
FN:207,(anonymous_7)
FN:230,(anonymous_8)
FN:236,(anonymous_9)
FN:303,(anonymous_10)
FN:309,(anonymous_11)
FN:322,askQuestion
FN:340,setupLevel
FN:412,marksOutOfTen
FN:471,(anonymous_15)
FN:477,(anonymous_16)
FN:503,(anonymous_17)
FN:513,(anonymous_18)
FN:527,exitSkill
FN:552,makeUpsell
FN:580,(anonymous_21)
FN:584,(anonymous_22)
FN:591,(anonymous_23)
FN:595,(anonymous_24)
FN:606,(anonymous_25)
FN:612,(anonymous_26)
FN:647,(anonymous_27)
FN:653,(anonymous_28)
FN:684,(anonymous_29)
FN:689,(anonymous_30)
FN:719,(anonymous_31)
FN:724,(anonymous_32)
FN:769,(anonymous_33)
FN:771,(anonymous_34)
FN:804,(anonymous_35)
FN:810,(anonymous_36)
FN:850,(anonymous_37)
FN:855,(anonymous_38)
FN:878,(anonymous_39)
FN:884,(anonymous_40)
FN:914,(anonymous_41)
FN:918,(anonymous_42)
FN:941,(anonymous_43)
FN:946,(anonymous_44)
FN:953,handlePurchaseResponse
FN:968,(anonymous_46)
FN:994,(anonymous_47)
FN:1023,(anonymous_48)
FN:1029,(anonymous_49)
FN:1036,(anonymous_50)
FN:1038,(anonymous_51)
FN:1079,(anonymous_52)
FN:1083,(anonymous_53)
FN:1091,(anonymous_54)
FN:1092,(anonymous_55)
FN:1117,supportsAPL
FN:1125,(anonymous_57)
FN:1132,(anonymous_58)
FN:1153,(anonymous_59)
FN:1161,(anonymous_60)
FN:1185,(anonymous_61)
FN:1187,(anonymous_62)
FN:1189,(anonymous_63)
FN:1217,(anonymous_64)
FN:1228,(anonymous_65)
FN:1255,(anonymous_66)
FN:1257,(anonymous_67)
FN:1260,(anonymous_68)
FN:1268,getNextPurchasableProduct
FN:1284,getDrillName
FN:1293,getNumDrillLevels
FN:1301,getLevelData
FN:1315,getRefIndex
FN:1328,(anonymous_74)
FN:1333,(anonymous_75)
FNF:76
FNH:0
FNDA:0,(anonymous_0)
FNDA:0,(anonymous_1)
FNDA:0,(anonymous_2)
FNDA:0,(anonymous_3)
FNDA:0,CheckAnswer
FNDA:0,getSpeechCon
FNDA:0,(anonymous_6)
FNDA:0,(anonymous_7)
FNDA:0,(anonymous_8)
FNDA:0,(anonymous_9)
FNDA:0,(anonymous_10)
FNDA:0,(anonymous_11)
FNDA:0,askQuestion
FNDA:0,setupLevel
FNDA:0,marksOutOfTen
FNDA:0,(anonymous_15)
FNDA:0,(anonymous_16)
FNDA:0,(anonymous_17)
FNDA:0,(anonymous_18)
FNDA:0,exitSkill
FNDA:0,makeUpsell
FNDA:0,(anonymous_21)
FNDA:0,(anonymous_22)
FNDA:0,(anonymous_23)
FNDA:0,(anonymous_24)
FNDA:0,(anonymous_25)
FNDA:0,(anonymous_26)
FNDA:0,(anonymous_27)
FNDA:0,(anonymous_28)
FNDA:0,(anonymous_29)
FNDA:0,(anonymous_30)
FNDA:0,(anonymous_31)
FNDA:0,(anonymous_32)
FNDA:0,(anonymous_33)
FNDA:0,(anonymous_34)
FNDA:0,(anonymous_35)
FNDA:0,(anonymous_36)
FNDA:0,(anonymous_37)
FNDA:0,(anonymous_38)
FNDA:0,(anonymous_39)
FNDA:0,(anonymous_40)
FNDA:0,(anonymous_41)
FNDA:0,(anonymous_42)
FNDA:0,(anonymous_43)
FNDA:0,(anonymous_44)
FNDA:0,handlePurchaseResponse
FNDA:0,(anonymous_46)
FNDA:0,(anonymous_47)
FNDA:0,(anonymous_48)
FNDA:0,(anonymous_49)
FNDA:0,(anonymous_50)
FNDA:0,(anonymous_51)
FNDA:0,(anonymous_52)
FNDA:0,(anonymous_53)
FNDA:0,(anonymous_54)
FNDA:0,(anonymous_55)
FNDA:0,supportsAPL
FNDA:0,(anonymous_57)
FNDA:0,(anonymous_58)
FNDA:0,(anonymous_59)
FNDA:0,(anonymous_60)
FNDA:0,(anonymous_61)
FNDA:0,(anonymous_62)
FNDA:0,(anonymous_63)
FNDA:0,(anonymous_64)
FNDA:0,(anonymous_65)
FNDA:0,(anonymous_66)
FNDA:0,(anonymous_67)
FNDA:0,(anonymous_68)
FNDA:0,getNextPurchasableProduct
FNDA:0,getDrillName
FNDA:0,getNumDrillLevels
FNDA:0,getLevelData
FNDA:0,getRefIndex
FNDA:0,(anonymous_74)
FNDA:0,(anonymous_75)
DA:7,0
DA:9,0
DA:10,0
DA:12,0
DA:13,0
DA:14,0
DA:15,0
DA:16,0
DA:17,0
DA:18,0
DA:19,0
DA:20,0
DA:21,0
DA:24,0
DA:25,0
DA:32,0
DA:33,0
DA:34,0
DA:35,0
DA:41,0
DA:42,0
DA:43,0
DA:44,0
DA:45,0
DA:47,0
DA:48,0
DA:52,0
DA:53,0
DA:56,0
DA:58,0
DA:60,0
DA:63,0
DA:64,0
DA:66,0
DA:71,0
DA:74,0
DA:75,0
DA:76,0
DA:77,0
DA:79,0
DA:80,0
DA:83,0
DA:88,0
DA:89,0
DA:90,0
DA:92,0
DA:95,0
DA:96,0
DA:98,0
DA:100,0
DA:102,0
DA:103,0
DA:104,0
DA:106,0
DA:107,0
DA:108,0
DA:110,0
DA:111,0
DA:112,0
DA:114,0
DA:115,0
DA:117,0
DA:118,0
DA:119,0
DA:121,0
DA:122,0
DA:123,0
DA:125,0
DA:126,0
DA:127,0
DA:129,0
DA:130,0
DA:133,0
DA:134,0
DA:145,0
DA:154,0
DA:155,0
DA:159,0
DA:162,0
DA:163,0
DA:165,0
DA:166,0
DA:170,0
DA:171,0
DA:172,0
DA:174,0
DA:177,0
DA:178,0
DA:179,0
DA:181,0
DA:185,0
DA:186,0
DA:187,0
DA:188,0
DA:192,0
DA:197,0
DA:198,0
DA:201,0
DA:203,0
DA:204,0
DA:208,0
DA:209,0
DA:211,0
DA:212,0
DA:213,0
DA:214,0
DA:215,0
DA:220,0
DA:222,0
DA:223,0
DA:229,0
DA:231,0
DA:232,0
DA:233,0
DA:237,0
DA:238,0
DA:239,0
DA:240,0
DA:241,0
DA:242,0
DA:243,0
DA:250,0
DA:251,0
DA:253,0
DA:255,0
DA:256,0
DA:257,0
DA:258,0
DA:259,0
DA:261,0
DA:263,0
DA:266,0
DA:267,0
DA:269,0
DA:270,0
DA:273,0
DA:274,0
DA:275,0
DA:277,0
DA:278,0
DA:279,0
DA:280,0
DA:281,0
DA:282,0
DA:293,0
DA:302,0
DA:304,0
DA:305,0
DA:310,0
DA:311,0
DA:313,0
DA:314,0
DA:324,0
DA:325,0
DA:327,0
DA:329,0
DA:330,0
DA:331,0
DA:333,0
DA:337,0
DA:342,0
DA:343,0
DA:345,0
DA:346,0
DA:347,0
DA:348,0
DA:351,0
DA:352,0
DA:353,0
DA:356,0
DA:357,0
DA:358,0
DA:360,0
DA:364,0
DA:365,0
DA:366,0
DA:367,0
DA:368,0
DA:369,0
DA:370,0
DA:372,0
DA:373,0
DA:375,0
DA:377,0
DA:378,0
DA:379,0
DA:381,0
DA:382,0
DA:384,0
DA:385,0
DA:387,0
DA:391,0
DA:392,0
DA:394,0
DA:395,0
DA:396,0
DA:397,0
DA:413,0
DA:414,0
DA:416,0
DA:417,0
DA:422,0
DA:424,0
DA:426,0
DA:428,0
DA:429,0
DA:430,0
DA:431,0
DA:433,0
DA:434,0
DA:436,0
DA:438,0
DA:439,0
DA:440,0
DA:442,0
DA:443,0
DA:444,0
DA:445,0
DA:447,0
DA:449,0
DA:452,0
DA:455,0
DA:456,0
DA:461,0
DA:464,0
DA:467,0
DA:470,0
DA:472,0
DA:473,0
DA:474,0
DA:478,0
DA:480,0
DA:493,0
DA:494,0
DA:495,0
DA:502,0
DA:504,0
DA:505,0
DA:507,0
DA:514,0
DA:516,0
DA:523,0
DA:528,0
DA:530,0
DA:532,0
DA:533,0
DA:536,0
DA:539,0
DA:554,0
DA:557,0
DA:558,0
DA:563,0
DA:579,0
DA:581,0
DA:582,0
DA:585,0
DA:586,0
DA:590,0
DA:592,0
DA:593,0
DA:596,0
DA:597,0
DA:598,0
DA:605,0
DA:607,0
DA:609,0
DA:613,0
DA:614,0
DA:615,0
DA:616,0
DA:618,0
DA:619,0
DA:637,0
DA:646,0
DA:648,0
DA:655,0
DA:656,0
DA:657,0
DA:658,0
DA:660,0
DA:661,0
DA:662,0
DA:663,0
DA:665,0
DA:666,0
DA:668,0
DA:671,0
DA:672,0
DA:675,0
DA:683,0
DA:685,0
DA:686,0
DA:690,0
DA:694,0
DA:696,0
DA:699,0
DA:703,0
DA:706,0
DA:708,0
DA:711,0
DA:718,0
DA:720,0
DA:721,0
DA:725,0
DA:726,0
DA:727,0
DA:728,0
DA:729,0
DA:733,0
DA:734,0
DA:736,0
DA:738,0
DA:739,0
DA:740,0
DA:761,0
DA:762,0
DA:763,0
DA:764,0
DA:769,0
DA:770,0
DA:771,0
DA:772,0
DA:773,0
DA:776,0
DA:777,0
DA:779,0
DA:780,0
DA:781,0
DA:782,0
DA:783,0
DA:784,0
DA:785,0
DA:786,0
DA:788,0
DA:790,0
DA:793,0
DA:794,0
DA:795,0
DA:797,0
DA:803,0
DA:805,0
DA:807,0
DA:811,0
DA:812,0
DA:813,0
DA:820,0
DA:822,0
DA:828,0
DA:830,0
DA:837,0
DA:838,0
DA:840,0
DA:842,0
DA:843,0
DA:844,0
DA:845,0
DA:850,0
DA:854,0
DA:855,0
DA:856,0
DA:857,0
DA:858,0
DA:860,0
DA:877,0
DA:879,0
DA:881,0
DA:885,0
DA:887,0
DA:888,0
DA:895,0
DA:897,0
DA:903,0
DA:905,0
DA:912,0
DA:914,0
DA:918,0
DA:919,0
DA:920,0
DA:921,0
DA:923,0
DA:940,0
DA:942,0
DA:947,0
DA:948,0
DA:949,0
DA:950,0
DA:953,0
DA:955,0
DA:956,0
DA:957,0
DA:959,0
DA:960,0
DA:961,0
DA:966,0
DA:968,0
DA:969,0
DA:971,0
DA:972,0
DA:973,0
DA:974,0
DA:976,0
DA:977,0
DA:978,0
DA:979,0
DA:980,0
DA:982,0
DA:983,0
DA:984,0
DA:985,0
DA:986,0
DA:987,0
DA:988,0
DA:990,0
DA:991,0
DA:992,0
DA:994,0
DA:997,0
DA:998,0
DA:1000,0
DA:1001,0
DA:1003,0
DA:1004,0
DA:1006,0
DA:1013,0
DA:1015,0
DA:1022,0
DA:1024,0
DA:1030,0
DA:1031,0
DA:1032,0
DA:1033,0
DA:1036,0
DA:1037,0
DA:1038,0
DA:1041,0
DA:1045,0
DA:1049,0
DA:1051,0
DA:1052,0
DA:1053,0
DA:1054,0
DA:1055,0
DA:1056,0
DA:1060,0
DA:1061,0
DA:1063,0
DA:1069,0
DA:1071,0
DA:1078,0
DA:1080,0
DA:1084,0
DA:1085,0
DA:1089,0
DA:1091,0
DA:1092,0
DA:1094,0
DA:1095,0
DA:1096,0
DA:1098,0
DA:1104,0
DA:1105,0
DA:1106,0
DA:1108,0
DA:1118,0
DA:1120,0
DA:1121,0
DA:1124,0
DA:1126,0
DA:1132,0
DA:1133,0
DA:1134,0
DA:1136,0
DA:1137,0
DA:1139,0
DA:1145,0
DA:1146,0
DA:1148,0
DA:1152,0
DA:1153,0
DA:1154,0
DA:1160,0
DA:1162,0
DA:1164,0
DA:1165,0
DA:1166,0
DA:1167,0
DA:1168,0
DA:1169,0
DA:1170,0
DA:1171,0
DA:1172,0
DA:1173,0
DA:1174,0
DA:1176,0
DA:1184,0
DA:1186,0
DA:1187,0
DA:1188,0
DA:1190,0
DA:1192,0
DA:1193,0
DA:1194,0
DA:1195,0
DA:1197,0
DA:1198,0
DA:1199,0
DA:1200,0
DA:1202,0
DA:1203,0
DA:1204,0
DA:1205,0
DA:1206,0
DA:1208,0
DA:1209,0
DA:1210,0
DA:1211,0
DA:1212,0
DA:1213,0
DA:1214,0
DA:1215,0
DA:1218,0
DA:1227,0
DA:1229,0
DA:1230,0
DA:1231,0
DA:1235,0
DA:1236,0
DA:1238,0
DA:1239,0
DA:1240,0
DA:1244,0
DA:1249,0
DA:1250,0
DA:1251,0
DA:1254,0
DA:1255,0
DA:1256,0
DA:1258,0
DA:1261,0
DA:1269,0
DA:1276,0
DA:1277,0
DA:1279,0
DA:1287,0
DA:1288,0
DA:1289,0
DA:1296,0
DA:1297,0
DA:1298,0
DA:1304,0
DA:1305,0
DA:1306,0
DA:1307,0
DA:1308,0
DA:1309,0
DA:1310,0
DA:1311,0
DA:1317,0
DA:1318,0
DA:1319,0
DA:1321,0
DA:1327,0
DA:1329,0
DA:1332,0
DA:1334,0
DA:1335,0
DA:1336,0
DA:1341,0
DA:1344,0
LF:569
LH:0
BRDA:79,0,0,0
BRDA:79,0,1,0
BRDA:80,1,0,0
BRDA:80,1,1,0
BRDA:80,1,2,0
BRDA:95,2,0,0
BRDA:95,2,1,0
BRDA:110,3,0,0
BRDA:110,3,1,0
BRDA:115,4,0,0
BRDA:115,4,1,0
BRDA:115,4,2,0
BRDA:115,4,3,0
BRDA:170,5,0,0
BRDA:170,5,1,0
BRDA:170,6,0,0
BRDA:170,6,1,0
BRDA:177,7,0,0
BRDA:177,7,1,0
BRDA:198,8,0,0
BRDA:198,8,1,0
BRDA:204,9,0,0
BRDA:204,9,1,0
BRDA:211,10,0,0
BRDA:211,10,1,0
BRDA:233,11,0,0
BRDA:233,11,1,0
BRDA:243,12,0,0
BRDA:243,12,1,0
BRDA:243,12,2,0
BRDA:243,12,3,0
BRDA:243,12,4,0
BRDA:243,12,5,0
BRDA:273,13,0,0
BRDA:273,13,1,0
BRDA:305,14,0,0
BRDA:305,14,1,0
BRDA:357,15,0,0
BRDA:357,15,1,0
BRDA:394,16,0,0
BRDA:394,16,1,0
BRDA:395,17,0,0
BRDA:395,17,1,0
BRDA:422,18,0,0
BRDA:422,18,1,0
BRDA:426,19,0,0
BRDA:426,19,1,0
BRDA:433,20,0,0
BRDA:433,20,1,0
BRDA:474,21,0,0
BRDA:474,21,1,0
BRDA:507,22,0,0
BRDA:507,22,1,0
BRDA:507,22,2,0
BRDA:507,22,3,0
BRDA:609,23,0,0
BRDA:609,23,1,0
BRDA:649,24,0,0
BRDA:649,24,1,0
BRDA:665,25,0,0
BRDA:665,25,1,0
BRDA:686,26,0,0
BRDA:686,26,1,0
BRDA:696,27,0,0
BRDA:696,27,1,0
BRDA:721,28,0,0
BRDA:721,28,1,0
BRDA:733,29,0,0
BRDA:733,29,1,0
BRDA:736,30,0,0
BRDA:736,30,1,0
BRDA:762,31,0,0
BRDA:762,31,1,0
BRDA:776,32,0,0
BRDA:776,32,1,0
BRDA:780,33,0,0
BRDA:780,33,1,0
BRDA:807,34,0,0
BRDA:807,34,1,0
BRDA:820,35,0,0
BRDA:820,35,1,0
BRDA:828,36,0,0
BRDA:828,36,1,0
BRDA:840,37,0,0
BRDA:840,37,1,0
BRDA:881,38,0,0
BRDA:881,38,1,0
BRDA:895,39,0,0
BRDA:895,39,1,0
BRDA:903,40,0,0
BRDA:903,40,1,0
BRDA:942,41,0,0
BRDA:942,41,1,0
BRDA:942,41,2,0
BRDA:955,42,0,0
BRDA:955,42,1,0
BRDA:966,43,0,0
BRDA:966,43,1,0
BRDA:966,43,2,0
BRDA:966,43,3,0
BRDA:1025,44,0,0
BRDA:1025,44,1,0
BRDA:1045,45,0,0
BRDA:1045,45,1,0
BRDA:1049,46,0,0
BRDA:1049,46,1,0
BRDA:1053,47,0,0
BRDA:1053,47,1,0
BRDA:1056,48,0,0
BRDA:1056,48,1,0
BRDA:1080,49,0,0
BRDA:1080,49,1,0
BRDA:1094,50,0,0
BRDA:1094,50,1,0
BRDA:1121,51,0,0
BRDA:1121,51,1,0
BRDA:1145,52,0,0
BRDA:1145,52,1,0
BRDA:1162,53,0,0
BRDA:1162,53,1,0
BRDA:1186,54,0,0
BRDA:1186,54,1,0
BRDA:1190,55,0,0
BRDA:1190,55,1,0
BRDA:1192,56,0,0
BRDA:1192,56,1,0
BRDA:1244,57,0,0
BRDA:1244,57,1,0
BRDA:1244,58,0,0
BRDA:1244,58,1,0
BRDA:1244,58,2,0
BRDA:1244,58,3,0
BRDA:1244,58,4,0
BRDA:1276,59,0,0
BRDA:1276,59,1,0
BRDA:1319,60,0,0
BRDA:1319,60,1,0
BRF:137
BRH:0
end_of_record
TN:
SF:/home/hector/skills/CircleOfFifths/lambda/custom/index.js
FN:57,(anonymous_0)
FN:61,(anonymous_1)
FN:68,(anonymous_2)
FN:80,(anonymous_3)
FN:131,CheckAnswer
FN:141,(anonymous_5)
FN:146,(anonymous_6)
FN:169,(anonymous_7)
FN:175,(anonymous_8)
FN:196,getNextQuestion
FN:225,askAQuestion
FN:262,setupLevel
FN:320,marksOutOfTen
FN:328,(anonymous_13)
FN:334,(anonymous_14)
FN:349,(anonymous_15)
FN:359,(anonymous_16)
FN:368,exitSkill
FN:393,makeUpsell
FN:415,(anonymous_19)
FN:419,(anonymous_20)
FN:426,(anonymous_21)
FN:430,(anonymous_22)
FN:441,(anonymous_23)
FN:447,(anonymous_24)
FN:460,(anonymous_25)
FN:466,(anonymous_26)
FN:497,(anonymous_27)
FN:502,(anonymous_28)
FN:532,(anonymous_29)
FN:537,(anonymous_30)
FN:548,(anonymous_31)
FN:554,(anonymous_32)
FN:564,(anonymous_33)
FN:570,(anonymous_34)
FN:581,(anonymous_35)
FN:586,(anonymous_36)
FN:592,handlePurchaseResponse
FN:637,(anonymous_38)
FN:643,(anonymous_39)
FN:653,(anonymous_40)
FN:657,(anonymous_41)
FN:667,supportsAPL
FN:675,(anonymous_43)
FN:682,(anonymous_44)
FN:703,(anonymous_45)
FN:711,(anonymous_46)
FN:735,(anonymous_47)
FN:737,(anonymous_48)
FN:739,(anonymous_49)
FN:751,(anonymous_50)
FN:762,(anonymous_51)
FN:778,(anonymous_52)
FN:780,(anonymous_53)
FN:783,(anonymous_54)
FN:791,getNextPurchasableProduct
FN:802,getDrillName
FN:811,getNumDrillLevels
FN:819,getLevelData
FN:833,getRefIndex
FN:846,(anonymous_60)
FN:851,(anonymous_61)
FNF:62
FNH:18
FNDA:1,(anonymous_0)
FNDA:1,(anonymous_1)
FNDA:0,(anonymous_2)
FNDA:0,(anonymous_3)
FNDA:0,CheckAnswer
FNDA:0,(anonymous_5)
FNDA:0,(anonymous_6)
FNDA:0,(anonymous_7)
FNDA:0,(anonymous_8)
FNDA:0,getNextQuestion
FNDA:0,askAQuestion
FNDA:1,setupLevel
FNDA:0,marksOutOfTen
FNDA:0,(anonymous_13)
FNDA:0,(anonymous_14)
FNDA:0,(anonymous_15)
FNDA:0,(anonymous_16)
FNDA:0,exitSkill
FNDA:0,makeUpsell
FNDA:0,(anonymous_19)
FNDA:0,(anonymous_20)
FNDA:0,(anonymous_21)
FNDA:0,(anonymous_22)
FNDA:0,(anonymous_23)
FNDA:0,(anonymous_24)
FNDA:0,(anonymous_25)
FNDA:0,(anonymous_26)
FNDA:0,(anonymous_27)
FNDA:0,(anonymous_28)
FNDA:0,(anonymous_29)
FNDA:0,(anonymous_30)
FNDA:0,(anonymous_31)
FNDA:0,(anonymous_32)
FNDA:0,(anonymous_33)
FNDA:0,(anonymous_34)
FNDA:0,(anonymous_35)
FNDA:0,(anonymous_36)
FNDA:0,handlePurchaseResponse
FNDA:0,(anonymous_38)
FNDA:0,(anonymous_39)
FNDA:0,(anonymous_40)
FNDA:0,(anonymous_41)
FNDA:1,supportsAPL
FNDA:1,(anonymous_43)
FNDA:2,(anonymous_44)
FNDA:2,(anonymous_45)
FNDA:1,(anonymous_46)
FNDA:1,(anonymous_47)
FNDA:1,(anonymous_48)
FNDA:1,(anonymous_49)
FNDA:0,(anonymous_50)
FNDA:1,(anonymous_51)
FNDA:1,(anonymous_52)
FNDA:1,(anonymous_53)
FNDA:0,(anonymous_54)
FNDA:0,getNextPurchasableProduct
FNDA:1,getDrillName
FNDA:1,getNumDrillLevels
FNDA:1,getLevelData
FNDA:1,getRefIndex
FNDA:0,(anonymous_60)
FNDA:0,(anonymous_61)
DA:7,1
DA:9,1
DA:10,1
DA:12,1
DA:13,1
DA:14,1
DA:15,1
DA:16,1
DA:17,1
DA:18,1
DA:19,1
DA:20,1
DA:21,1
DA:24,1
DA:25,1
DA:32,1
DA:33,1
DA:34,1
DA:35,1
DA:41,1
DA:42,1
DA:43,1
DA:44,1
DA:45,1
DA:47,1
DA:48,1
DA:52,1
DA:53,1
DA:56,1
DA:58,1
DA:59,1
DA:62,1
DA:63,1
DA:67,1
DA:70,0
DA:72,0
DA:73,0
DA:76,0
DA:81,0
DA:82,0
DA:83,0
DA:86,0
DA:87,0
DA:89,0
DA:92,0
DA:93,0
DA:94,0
DA:95,0
DA:97,0
DA:100,0
DA:101,0
DA:102,0
DA:103,0
DA:104,0
DA:106,0
DA:107,0
DA:108,0
DA:109,0
DA:110,0
DA:111,0
DA:122,0
DA:132,0
DA:133,0
DA:135,0
DA:136,0
DA:140,1
DA:142,0
DA:143,0
DA:147,0
DA:148,0
DA:150,0
DA:153,0
DA:154,0
DA:155,0
DA:157,0
DA:158,0
DA:161,0
DA:168,1
DA:170,0
DA:171,0
DA:172,0
DA:176,0
DA:177,0
DA:178,0
DA:179,0
DA:181,0
DA:183,0
DA:185,0
DA:187,0
DA:189,0
DA:190,0
DA:198,0
DA:199,0
DA:201,0
DA:202,0
DA:203,0
DA:204,0
DA:206,0
DA:207,0
DA:208,0
DA:209,0
DA:210,0
DA:211,0
DA:213,0
DA:214,0
DA:215,0
DA:216,0
DA:221,0
DA:227,0
DA:228,0
DA:230,0
DA:231,0
DA:232,0
DA:234,0
DA:236,0
DA:238,0
DA:239,0
DA:240,0
DA:241,0
DA:242,0
DA:243,0
DA:254,0
DA:264,1
DA:265,1
DA:269,1
DA:270,1
DA:271,1
DA:272,1
DA:273,1
DA:274,1
DA:275,1
DA:276,1
DA:278,0
DA:280,1
DA:281,1
DA:282,1
DA:285,1
DA:286,1
DA:287,1
DA:289,1
DA:290,1
DA:291,1
DA:292,1
DA:294,1
DA:295,1
DA:296,1
DA:298,0
DA:301,1
DA:302,1
DA:304,1
DA:305,0
DA:306,0
DA:321,0
DA:322,0
DA:327,1
DA:329,0
DA:330,0
DA:331,0
DA:335,0
DA:336,0
DA:337,0
DA:339,0
DA:340,0
DA:341,0
DA:348,1
DA:350,0
DA:351,0
DA:353,0
DA:360,0
DA:362,0
DA:364,0
DA:369,0
DA:371,0
DA:373,0
DA:374,0
DA:377,0
DA:380,0
DA:395,0
DA:396,0
DA:397,0
DA:399,0
DA:414,1
DA:416,0
DA:417,0
DA:420,0
DA:421,0
DA:425,1
DA:427,0
DA:428,0
DA:431,0
DA:432,0
DA:433,0
DA:440,1
DA:442,0
DA:444,0
DA:448,0
DA:449,0
DA:450,0
DA:451,0
DA:459,1
DA:461,0
DA:468,0
DA:469,0
DA:470,0
DA:471,0
DA:473,0
DA:474,0
DA:475,0
DA:476,0
DA:478,0
DA:479,0
DA:481,0
DA:484,0
DA:485,0
DA:488,0
DA:496,1
DA:498,0
DA:499,0
DA:503,0
DA:507,0
DA:509,0
DA:512,0
DA:516,0
DA:519,0
DA:521,0
DA:524,0
DA:531,1
DA:533,0
DA:534,0
DA:538,0
DA:539,0
DA:540,0
DA:541,0
DA:542,0
DA:547,1
DA:549,0
DA:551,0
DA:555,0
DA:556,0
DA:557,0
DA:563,1
DA:565,0
DA:567,0
DA:571,0
DA:573,0
DA:574,0
DA:580,1
DA:582,0
DA:587,0
DA:588,0
DA:589,0
DA:590,0
DA:592,0
DA:594,0
DA:595,0
DA:596,0
DA:598,0
DA:599,0
DA:600,0
DA:605,0
DA:607,0
DA:608,0
DA:610,0
DA:611,0
DA:613,0
DA:614,0
DA:616,0
DA:617,0
DA:619,0
DA:626,0
DA:628,0
DA:636,1
DA:638,0
DA:644,0
DA:645,0
DA:646,0
DA:647,0
DA:652,1
DA:654,0
DA:658,0
DA:659,0
DA:668,1
DA:670,1
DA:671,1
DA:674,1
DA:676,1
DA:682,1
DA:683,2
DA:684,2
DA:686,2
DA:687,2
DA:689,2
DA:695,2
DA:696,2
DA:698,0
DA:702,1
DA:703,1
DA:704,2
DA:710,1
DA:712,1
DA:714,1
DA:715,1
DA:716,1
DA:717,1
DA:718,0
DA:719,0
DA:720,0
DA:721,0
DA:722,0
DA:723,0
DA:724,0
DA:726,1
DA:734,1
DA:736,1
DA:737,1
DA:738,1
DA:740,1
DA:741,1
DA:742,1
DA:743,1
DA:744,1
DA:745,1
DA:747,1
DA:748,1
DA:749,1
DA:752,0
DA:761,1
DA:764,1
DA:765,1
DA:767,1
DA:772,1
DA:773,1
DA:774,1
DA:777,1
DA:778,1
DA:779,1
DA:781,1
DA:784,0
DA:792,0
DA:794,0
DA:795,0
DA:797,0
DA:805,1
DA:806,1
DA:807,1
DA:814,1
DA:815,1
DA:816,1
DA:822,1
DA:823,1
DA:824,1
DA:825,1
DA:826,1
DA:827,1
DA:828,1
DA:829,1
DA:835,1
DA:836,0
DA:837,0
DA:839,0
DA:845,1
DA:847,0
DA:850,1
DA:852,0
DA:853,0
DA:854,0
DA:859,1
DA:862,1
LF:368
LH:141
BRDA:72,0,0,0
BRDA:72,0,1,0
BRDA:73,1,0,0
BRDA:73,1,1,0
BRDA:73,1,2,0
BRDA:86,2,0,0
BRDA:86,2,1,0
BRDA:93,3,0,0
BRDA:93,3,1,0
BRDA:106,4,0,0
BRDA:106,4,1,0
BRDA:143,5,0,0
BRDA:143,5,1,0
BRDA:150,6,0,0
BRDA:150,6,1,0
BRDA:150,6,2,0
BRDA:172,7,0,0
BRDA:172,7,1,0
BRDA:181,8,0,0
BRDA:181,8,1,0
BRDA:181,8,2,0
BRDA:181,8,3,0
BRDA:202,9,0,0
BRDA:202,9,1,0
BRDA:206,10,0,0
BRDA:206,10,1,0
BRDA:230,11,0,0
BRDA:230,11,1,0
BRDA:238,12,0,0
BRDA:238,12,1,0
BRDA:270,13,0,1
BRDA:270,13,1,0
BRDA:295,14,0,1
BRDA:295,14,1,0
BRDA:304,15,0,0
BRDA:304,15,1,1
BRDA:331,16,0,0
BRDA:331,16,1,0
BRDA:353,17,0,0
BRDA:353,17,1,0
BRDA:353,17,2,0
BRDA:353,17,3,0
BRDA:444,18,0,0
BRDA:444,18,1,0
BRDA:462,19,0,0
BRDA:462,19,1,0
BRDA:478,20,0,0
BRDA:478,20,1,0
BRDA:499,21,0,0
BRDA:499,21,1,0
BRDA:509,22,0,0
BRDA:509,22,1,0
BRDA:534,23,0,0
BRDA:534,23,1,0
BRDA:551,24,0,0
BRDA:551,24,1,0
BRDA:567,25,0,0
BRDA:567,25,1,0
BRDA:582,26,0,0
BRDA:582,26,1,0
BRDA:582,26,2,0
BRDA:594,27,0,0
BRDA:594,27,1,0
BRDA:605,28,0,0
BRDA:605,28,1,0
BRDA:605,28,2,0
BRDA:605,28,3,0
BRDA:639,29,0,0
BRDA:639,29,1,0
BRDA:654,30,0,0
BRDA:654,30,1,0
BRDA:671,31,0,1
BRDA:671,31,1,0
BRDA:695,32,0,2
BRDA:695,32,1,0
BRDA:712,33,0,1
BRDA:712,33,1,0
BRDA:736,34,0,1
BRDA:736,34,1,0
BRDA:740,35,0,1
BRDA:740,35,1,0
BRDA:741,36,0,1
BRDA:741,36,1,0
BRDA:767,37,0,1
BRDA:767,37,1,0
BRDA:767,38,0,1
BRDA:767,38,1,1
BRDA:767,38,2,0
BRDA:767,38,3,1
BRDA:767,38,4,1
BRDA:794,39,0,0
BRDA:794,39,1,0
BRDA:837,40,0,0
BRDA:837,40,1,0
BRF:94
BRH:14
end_of_record
TN:
SF:/home/hector/skills/CircleOfFifths/lambda/custom/indexOld.js
FN:63,(anonymous_0)
FN:67,(anonymous_1)
FN:76,(anonymous_2)
FN:84,(anonymous_3)
FN:124,showNextQuestion
FN:156,(anonymous_5)
FN:164,(anonymous_6)
FN:192,CheckAnswer
FN:269,getSpeechCon
FN:275,(anonymous_9)
FN:282,(anonymous_10)
FN:302,(anonymous_11)
FN:307,(anonymous_12)
FN:330,(anonymous_13)
FN:336,(anonymous_14)
FN:405,(anonymous_15)
FN:411,(anonymous_16)
FN:424,startNewLevel
FN:430,askQuestion
FN:447,setupLevel
FN:468,(anonymous_20)
FN:483,(anonymous_21)
FN:493,(anonymous_22)
FN:567,marksOutOfTen
FN:617,(anonymous_24)
FN:623,(anonymous_25)
FN:649,(anonymous_26)
FN:659,(anonymous_27)
FN:673,exitSkill
FN:708,makeUpsell
FN:736,(anonymous_30)
FN:740,(anonymous_31)
FN:747,(anonymous_32)
FN:751,(anonymous_33)
FN:762,(anonymous_34)
FN:768,(anonymous_35)
FN:803,(anonymous_36)
FN:809,(anonymous_37)
FN:840,(anonymous_38)
FN:845,(anonymous_39)
FN:875,(anonymous_40)
FN:880,(anonymous_41)
FN:935,(anonymous_42)
FN:937,(anonymous_43)
FN:980,(anonymous_44)
FN:986,(anonymous_45)
FN:1026,(anonymous_46)
FN:1031,(anonymous_47)
FN:1054,(anonymous_48)
FN:1060,(anonymous_49)
FN:1090,(anonymous_50)
FN:1094,(anonymous_51)
FN:1117,(anonymous_52)
FN:1122,(anonymous_53)
FN:1129,handlePurchaseResponse
FN:1144,(anonymous_55)
FN:1154,(anonymous_56)
FN:1183,(anonymous_57)
FN:1189,(anonymous_58)
FN:1196,(anonymous_59)
FN:1198,(anonymous_60)
FN:1239,(anonymous_61)
FN:1243,(anonymous_62)
FN:1251,(anonymous_63)
FN:1252,(anonymous_64)
FN:1274,getSpeechOutput
FN:1299,supportsAPL
FN:1307,(anonymous_67)
FN:1314,(anonymous_68)
FN:1335,(anonymous_69)
FN:1343,(anonymous_70)
FN:1367,(anonymous_71)
FN:1369,(anonymous_72)
FN:1371,(anonymous_73)
FN:1385,(anonymous_74)
FN:1396,(anonymous_75)
FN:1420,(anonymous_76)
FN:1422,(anonymous_77)
FN:1425,(anonymous_78)
FN:1433,getNextPurchasableProduct
FN:1436,(anonymous_80)
FN:1450,(anonymous_81)
FN:1455,(anonymous_82)
FNF:83
FNH:0
FNDA:0,(anonymous_0)
FNDA:0,(anonymous_1)
FNDA:0,(anonymous_2)
FNDA:0,(anonymous_3)
FNDA:0,showNextQuestion
FNDA:0,(anonymous_5)
FNDA:0,(anonymous_6)
FNDA:0,CheckAnswer
FNDA:0,getSpeechCon
FNDA:0,(anonymous_9)
FNDA:0,(anonymous_10)
FNDA:0,(anonymous_11)
FNDA:0,(anonymous_12)
FNDA:0,(anonymous_13)
FNDA:0,(anonymous_14)
FNDA:0,(anonymous_15)
FNDA:0,(anonymous_16)
FNDA:0,startNewLevel
FNDA:0,askQuestion
FNDA:0,setupLevel
FNDA:0,(anonymous_20)
FNDA:0,(anonymous_21)
FNDA:0,(anonymous_22)
FNDA:0,marksOutOfTen
FNDA:0,(anonymous_24)
FNDA:0,(anonymous_25)
FNDA:0,(anonymous_26)
FNDA:0,(anonymous_27)
FNDA:0,exitSkill
FNDA:0,makeUpsell
FNDA:0,(anonymous_30)
FNDA:0,(anonymous_31)
FNDA:0,(anonymous_32)
FNDA:0,(anonymous_33)
FNDA:0,(anonymous_34)
FNDA:0,(anonymous_35)
FNDA:0,(anonymous_36)
FNDA:0,(anonymous_37)
FNDA:0,(anonymous_38)
FNDA:0,(anonymous_39)
FNDA:0,(anonymous_40)
FNDA:0,(anonymous_41)
FNDA:0,(anonymous_42)
FNDA:0,(anonymous_43)
FNDA:0,(anonymous_44)
FNDA:0,(anonymous_45)
FNDA:0,(anonymous_46)
FNDA:0,(anonymous_47)
FNDA:0,(anonymous_48)
FNDA:0,(anonymous_49)
FNDA:0,(anonymous_50)
FNDA:0,(anonymous_51)
FNDA:0,(anonymous_52)
FNDA:0,(anonymous_53)
FNDA:0,handlePurchaseResponse
FNDA:0,(anonymous_55)
FNDA:0,(anonymous_56)
FNDA:0,(anonymous_57)
FNDA:0,(anonymous_58)
FNDA:0,(anonymous_59)
FNDA:0,(anonymous_60)
FNDA:0,(anonymous_61)
FNDA:0,(anonymous_62)
FNDA:0,(anonymous_63)
FNDA:0,(anonymous_64)
FNDA:0,getSpeechOutput
FNDA:0,supportsAPL
FNDA:0,(anonymous_67)
FNDA:0,(anonymous_68)
FNDA:0,(anonymous_69)
FNDA:0,(anonymous_70)
FNDA:0,(anonymous_71)
FNDA:0,(anonymous_72)
FNDA:0,(anonymous_73)
FNDA:0,(anonymous_74)
FNDA:0,(anonymous_75)
FNDA:0,(anonymous_76)
FNDA:0,(anonymous_77)
FNDA:0,(anonymous_78)
FNDA:0,getNextPurchasableProduct
FNDA:0,(anonymous_80)
FNDA:0,(anonymous_81)
FNDA:0,(anonymous_82)
DA:7,0
DA:9,0
DA:11,0
DA:12,0
DA:14,0
DA:15,0
DA:18,0
DA:19,0
DA:20,0
DA:21,0
DA:22,0
DA:23,0
DA:26,0
DA:28,0
DA:35,0
DA:36,0
DA:37,0
DA:39,0
DA:46,0
DA:47,0
DA:48,0
DA:49,0
DA:50,0
DA:52,0
DA:53,0
DA:55,0
DA:57,0
DA:58,0
DA:59,0
DA:62,0
DA:64,0
DA:65,0
DA:68,0
DA:70,0
DA:75,0
DA:77,0
DA:78,0
DA:79,0
DA:80,0
DA:81,0
DA:85,0
DA:86,0
DA:90,0
DA:95,0
DA:96,0
DA:97,0
DA:100,0
DA:102,0
DA:103,0
DA:104,0
DA:107,0
DA:108,0
DA:109,0
DA:110,0
DA:111,0
DA:113,0
DA:125,0
DA:126,0
DA:128,0
DA:129,0
DA:130,0
DA:132,0
DA:133,0
DA:134,0
DA:135,0
DA:146,0
DA:155,0
DA:157,0
DA:158,0
DA:159,0
DA:160,0
DA:161,0
DA:165,0
DA:166,0
DA:170,0
DA:175,0
DA:176,0
DA:177,0
DA:178,0
DA:179,0
DA:180,0
DA:181,0
DA:182,0
DA:183,0
DA:185,0
DA:196,0
DA:198,0
DA:200,0
DA:201,0
DA:203,0
DA:204,0
DA:208,0
DA:209,0
DA:210,0
DA:212,0
DA:215,0
DA:216,0
DA:218,0
DA:219,0
DA:220,0
DA:225,0
DA:226,0
DA:227,0
DA:228,0
DA:233,0
DA:235,0
DA:236,0
DA:237,0
DA:270,0
DA:271,0
DA:274,0
DA:276,0
DA:279,0
DA:283,0
DA:284,0
DA:285,0
DA:287,0
DA:288,0
DA:289,0
DA:291,0
DA:292,0
DA:294,0
DA:301,0
DA:303,0
DA:304,0
DA:308,0
DA:309,0
DA:311,0
DA:312,0
DA:313,0
DA:314,0
DA:315,0
DA:320,0
DA:322,0
DA:323,0
DA:329,0
DA:331,0
DA:332,0
DA:333,0
DA:337,0
DA:338,0
DA:339,0
DA:340,0
DA:341,0
DA:342,0
DA:343,0
DA:346,0
DA:348,0
DA:352,0
DA:354,0
DA:361,0
DA:362,0
DA:363,0
DA:365,0
DA:367,0
DA:369,0
DA:370,0
DA:372,0
DA:373,0
DA:404,0
DA:406,0
DA:407,0
DA:412,0
DA:413,0
DA:415,0
DA:416,0
DA:426,0
DA:432,0
DA:433,0
DA:435,0
DA:437,0
DA:438,0
DA:439,0
DA:442,0
DA:449,0
DA:450,0
DA:452,0
DA:454,0
DA:455,0
DA:456,0
DA:457,0
DA:462,0
DA:463,0
DA:468,0
DA:469,0
DA:471,0
DA:473,0
DA:483,0
DA:484,0
DA:486,0
DA:493,0
DA:494,0
DA:496,0
DA:500,0
DA:501,0
DA:502,0
DA:503,0
DA:504,0
DA:506,0
DA:507,0
DA:508,0
DA:511,0
DA:512,0
DA:513,0
DA:515,0
DA:517,0
DA:518,0
DA:520,0
DA:521,0
DA:522,0
DA:523,0
DA:524,0
DA:526,0
DA:527,0
DA:529,0
DA:530,0
DA:533,0
DA:534,0
DA:536,0
DA:537,0
DA:538,0
DA:540,0
DA:546,0
DA:547,0
DA:550,0
DA:551,0
DA:552,0
DA:568,0
DA:569,0
DA:571,0
DA:572,0
DA:577,0
DA:579,0
DA:580,0
DA:581,0
DA:583,0
DA:584,0
DA:585,0
DA:586,0
DA:587,0
DA:588,0
DA:590,0
DA:592,0
DA:593,0
DA:595,0
DA:597,0
DA:600,0
DA:601,0
DA:602,0
DA:607,0
DA:610,0
DA:613,0
DA:616,0
DA:618,0
DA:619,0
DA:620,0
DA:624,0
DA:626,0
DA:639,0
DA:640,0
DA:641,0
DA:648,0
DA:650,0
DA:651,0
DA:653,0
DA:660,0
DA:662,0
DA:669,0
DA:674,0
DA:676,0
DA:678,0
DA:679,0
DA:682,0
DA:695,0
DA:710,0
DA:713,0
DA:714,0
DA:719,0
DA:735,0
DA:737,0
DA:738,0
DA:741,0
DA:742,0
DA:746,0
DA:748,0
DA:749,0
DA:752,0
DA:753,0
DA:754,0
DA:761,0
DA:763,0
DA:765,0
DA:769,0
DA:770,0
DA:771,0
DA:772,0
DA:774,0
DA:775,0
DA:793,0
DA:802,0
DA:804,0
DA:811,0
DA:812,0
DA:813,0
DA:814,0
DA:816,0
DA:817,0
DA:818,0
DA:819,0
DA:821,0
DA:822,0
DA:824,0
DA:827,0
DA:828,0
DA:831,0
DA:839,0
DA:841,0
DA:842,0
DA:846,0
DA:850,0
DA:852,0
DA:855,0
DA:859,0
DA:862,0
DA:864,0
DA:867,0
DA:874,0
DA:876,0
DA:877,0
DA:881,0
DA:882,0
DA:883,0
DA:884,0
DA:885,0
DA:889,0
DA:890,0
DA:892,0
DA:894,0
DA:895,0
DA:896,0
DA:917,0
DA:918,0
DA:919,0
DA:921,0
DA:935,0
DA:936,0
DA:937,0
DA:938,0
DA:939,0
DA:942,0
DA:943,0
DA:945,0
DA:947,0
DA:949,0
DA:951,0
DA:957,0
DA:958,0
DA:959,0
DA:973,0
DA:979,0
DA:981,0
DA:983,0
DA:987,0
DA:988,0
DA:989,0
DA:996,0
DA:998,0
DA:1004,0
DA:1006,0
DA:1013,0
DA:1014,0
DA:1016,0
DA:1018,0
DA:1019,0
DA:1020,0
DA:1021,0
DA:1026,0
DA:1030,0
DA:1031,0
DA:1032,0
DA:1033,0
DA:1034,0
DA:1036,0
DA:1053,0
DA:1055,0
DA:1057,0
DA:1061,0
DA:1063,0
DA:1064,0
DA:1071,0
DA:1073,0
DA:1079,0
DA:1081,0
DA:1088,0
DA:1090,0
DA:1094,0
DA:1095,0
DA:1096,0
DA:1097,0
DA:1099,0
DA:1116,0
DA:1118,0
DA:1123,0
DA:1124,0
DA:1125,0
DA:1126,0
DA:1127,0
DA:1129,0
DA:1131,0
DA:1132,0
DA:1133,0
DA:1135,0
DA:1136,0
DA:1137,0
DA:1142,0
DA:1144,0
DA:1145,0
DA:1147,0
DA:1148,0
DA:1149,0
DA:1150,0
DA:1151,0
DA:1152,0
DA:1154,0
DA:1157,0
DA:1158,0
DA:1160,0
DA:1161,0
DA:1163,0
DA:1164,0
DA:1166,0
DA:1173,0
DA:1175,0
DA:1182,0
DA:1184,0
DA:1190,0
DA:1191,0
DA:1192,0
DA:1193,0
DA:1196,0
DA:1197,0
DA:1198,0
DA:1201,0
DA:1205,0
DA:1209,0
DA:1211,0
DA:1212,0
DA:1213,0
DA:1214,0
DA:1215,0
DA:1216,0
DA:1220,0
DA:1221,0
DA:1223,0
DA:1229,0
DA:1231,0
DA:1238,0
DA:1240,0
DA:1244,0
DA:1245,0
DA:1249,0
DA:1251,0
DA:1252,0
DA:1254,0
DA:1255,0
DA:1256,0
DA:1258,0
DA:1264,0
DA:1265,0
DA:1266,0
DA:1268,0
DA:1275,0
DA:1276,0
DA:1278,0
DA:1281,0
DA:1282,0
DA:1283,0
DA:1284,0
DA:1288,0
DA:1293,0
DA:1300,0
DA:1302,0
DA:1303,0
DA:1306,0
DA:1308,0
DA:1314,0
DA:1315,0
DA:1316,0
DA:1318,0
DA:1319,0
DA:1321,0
DA:1327,0
DA:1328,0
DA:1330,0
DA:1334,0
DA:1335,0
DA:1336,0
DA:1342,0
DA:1344,0
DA:1346,0
DA:1347,0
DA:1348,0
DA:1349,0
DA:1350,0
DA:1351,0
DA:1352,0
DA:1353,0
DA:1354,0
DA:1355,0
DA:1356,0
DA:1358,0
DA:1366,0
DA:1368,0
DA:1369,0
DA:1370,0
DA:1372,0
DA:1373,0
DA:1374,0
DA:1376,0
DA:1378,0
DA:1380,0
DA:1381,0
DA:1382,0
DA:1383,0
DA:1386,0
DA:1395,0
DA:1397,0
DA:1398,0
DA:1399,0
DA:1403,0
DA:1404,0
DA:1412,0
DA:1416,0
DA:1417,0
DA:1419,0
DA:1420,0
DA:1421,0
DA:1423,0
DA:1426,0
DA:1435,0
DA:1436,0
DA:1437,0
DA:1439,0
DA:1441,0
DA:1445,0
DA:1449,0
DA:1451,0
DA:1454,0
DA:1456,0
DA:1461,0
DA:1464,0
LF:551
LH:0
BRDA:81,0,0,0
BRDA:81,0,1,0
BRDA:128,1,0,0
BRDA:128,1,1,0
BRDA:161,2,0,0
BRDA:161,2,1,0
BRDA:208,3,0,0
BRDA:208,3,1,0
BRDA:208,4,0,0
BRDA:208,4,1,0
BRDA:215,5,0,0
BRDA:215,5,1,0
BRDA:271,6,0,0
BRDA:271,6,1,0
BRDA:279,7,0,0
BRDA:279,7,1,0
BRDA:287,8,0,0
BRDA:287,8,1,0
BRDA:304,9,0,0
BRDA:304,9,1,0
BRDA:311,10,0,0
BRDA:311,10,1,0
BRDA:333,11,0,0
BRDA:333,11,1,0
BRDA:343,12,0,0
BRDA:343,12,1,0
BRDA:343,12,2,0
BRDA:343,12,3,0
BRDA:343,12,4,0
BRDA:343,12,5,0
BRDA:343,12,6,0
BRDA:407,13,0,0
BRDA:407,13,1,0
BRDA:462,14,0,0
BRDA:462,14,1,0
BRDA:468,15,0,0
BRDA:468,15,1,0
BRDA:506,16,0,0
BRDA:506,16,1,0
BRDA:515,17,0,0
BRDA:515,17,1,0
BRDA:515,17,2,0
BRDA:515,17,3,0
BRDA:537,18,0,0
BRDA:537,18,1,0
BRDA:550,19,0,0
BRDA:550,19,1,0
BRDA:577,20,0,0
BRDA:577,20,1,0
BRDA:581,21,0,0
BRDA:581,21,1,0
BRDA:620,22,0,0
BRDA:620,22,1,0
BRDA:653,23,0,0
BRDA:653,23,1,0
BRDA:653,23,2,0
BRDA:653,23,3,0
BRDA:765,24,0,0
BRDA:765,24,1,0
BRDA:805,25,0,0
BRDA:805,25,1,0
BRDA:821,26,0,0
BRDA:821,26,1,0
BRDA:842,27,0,0
BRDA:842,27,1,0
BRDA:852,28,0,0
BRDA:852,28,1,0
BRDA:877,29,0,0
BRDA:877,29,1,0
BRDA:889,30,0,0
BRDA:889,30,1,0
BRDA:892,31,0,0
BRDA:892,31,1,0
BRDA:918,32,0,0
BRDA:918,32,1,0
BRDA:942,33,0,0
BRDA:942,33,1,0
BRDA:983,34,0,0
BRDA:983,34,1,0
BRDA:996,35,0,0
BRDA:996,35,1,0
BRDA:1004,36,0,0
BRDA:1004,36,1,0
BRDA:1016,37,0,0
BRDA:1016,37,1,0
BRDA:1057,38,0,0
BRDA:1057,38,1,0
BRDA:1071,39,0,0
BRDA:1071,39,1,0
BRDA:1079,40,0,0
BRDA:1079,40,1,0
BRDA:1118,41,0,0
BRDA:1118,41,1,0
BRDA:1118,41,2,0
BRDA:1131,42,0,0
BRDA:1131,42,1,0
BRDA:1142,43,0,0
BRDA:1142,43,1,0
BRDA:1142,43,2,0
BRDA:1142,43,3,0
BRDA:1185,44,0,0
BRDA:1185,44,1,0
BRDA:1205,45,0,0
BRDA:1205,45,1,0
BRDA:1209,46,0,0
BRDA:1209,46,1,0
BRDA:1213,47,0,0
BRDA:1213,47,1,0
BRDA:1216,48,0,0
BRDA:1216,48,1,0
BRDA:1240,49,0,0
BRDA:1240,49,1,0
BRDA:1254,50,0,0
BRDA:1254,50,1,0
BRDA:1278,51,0,0
BRDA:1278,51,1,0
BRDA:1283,52,0,0
BRDA:1283,52,1,0
BRDA:1303,53,0,0
BRDA:1303,53,1,0
BRDA:1327,54,0,0
BRDA:1327,54,1,0
BRDA:1344,55,0,0
BRDA:1344,55,1,0
BRDA:1368,56,0,0
BRDA:1368,56,1,0
BRDA:1372,57,0,0
BRDA:1372,57,1,0
BRDA:1373,58,0,0
BRDA:1373,58,1,0
BRDA:1412,59,0,0
BRDA:1412,59,1,0
BRDA:1412,60,0,0
BRDA:1412,60,1,0
BRDA:1412,60,2,0
BRDA:1412,60,3,0
BRDA:1437,61,0,0
BRDA:1437,61,1,0
BRDA:1439,62,0,0
BRDA:1439,62,1,0
BRDA:1445,63,0,0
BRDA:1445,63,1,0
BRF:142
BRH:0
end_of_record
TN:
SF:/home/hector/skills/CircleOfFifths/lambda/custom/utils.js
FN:1,(anonymous_0)
FN:20,(anonymous_1)
FN:25,(anonymous_2)
FN:29,(anonymous_3)
FN:35,(anonymous_4)
FN:42,(anonymous_5)
FN:45,(anonymous_6)
FN:49,(anonymous_7)
FNF:8
FNH:1
FNDA:1,(anonymous_0)
FNDA:0,(anonymous_1)
FNDA:0,(anonymous_2)
FNDA:0,(anonymous_3)
FNDA:0,(anonymous_4)
FNDA:0,(anonymous_5)
FNDA:0,(anonymous_6)
FNDA:0,(anonymous_7)
DA:1,1
DA:5,1
DA:6,1
DA:7,1
DA:9,1
DA:10,0
DA:11,0
DA:12,0
DA:13,0
DA:16,1
DA:20,1
DA:25,0
DA:29,1
DA:32,0
DA:35,1
DA:38,0
DA:42,1
DA:45,0
DA:49,1
LF:19
LH:11
BRF:0
BRH:0
end_of_record
TN:
SF:/home/hector/skills/CircleOfFifths/lambda/custom/drillSetup/drillSetup.js
FN:2,(anonymous_0)
FN:33,(anonymous_1)
FNF:2
FNH:2
FNDA:1,(anonymous_0)
FNDA:30,(anonymous_1)
DA:2,1
DA:4,1
DA:5,1
DA:7,1
DA:8,1
DA:10,1
DA:11,1
DA:13,1
DA:14,0
DA:16,1
DA:19,1
DA:20,1
DA:21,1
DA:22,1
DA:24,1
DA:29,1
DA:30,1
DA:33,1
DA:34,30
DA:37,1
DA:39,1
DA:41,1
DA:43,0
DA:44,0
DA:45,0
DA:46,0
DA:49,1
DA:50,1
DA:51,1
DA:54,0
DA:56,0
DA:57,0
DA:59,0
DA:61,0
DA:63,0
DA:66,0
DA:67,0
DA:69,0
DA:70,0
DA:72,0
DA:75,1
DA:76,1
DA:81,1
LF:43
LH:27
BRDA:13,0,0,0
BRDA:13,0,1,1
BRDA:41,1,0,0
BRDA:41,1,1,0
BRDA:41,1,2,1
BRDA:41,1,3,0
BRDA:41,1,4,0
BRDA:50,2,0,0
BRDA:50,2,1,1
BRDA:59,3,0,0
BRDA:59,3,1,0
BRDA:61,4,0,0
BRDA:61,4,1,0
BRDA:61,5,0,0
BRDA:61,5,1,0
BRDA:61,6,0,0
BRDA:61,6,1,0
BRDA:61,7,0,0
BRDA:61,7,1,0
BRDA:61,8,0,0
BRDA:61,8,1,0
BRDA:63,9,0,0
BRDA:63,9,1,0
BRDA:66,10,0,0
BRDA:66,10,1,0
BRDA:66,11,0,0
BRDA:66,11,1,0
BRDA:66,11,2,0
BRDA:69,12,0,0
BRDA:69,12,1,0
BRF:30
BRH:3
end_of_record
TN:
SF:/home/hector/skills/CircleOfFifths/lambda/custom/helpers/ISPHelper.js
FN:1,(anonymous_0)
FN:3,(anonymous_1)
FN:9,(anonymous_2)
FN:11,(anonymous_3)
FN:17,(anonymous_4)
FN:18,(anonymous_5)
FN:25,(anonymous_6)
FN:27,checkEntitled
FN:33,(anonymous_8)
FNF:9
FNH:0
FNDA:0,(anonymous_0)
FNDA:0,(anonymous_1)
FNDA:0,(anonymous_2)
FNDA:0,(anonymous_3)
FNDA:0,(anonymous_4)
FNDA:0,(anonymous_5)
FNDA:0,(anonymous_6)
FNDA:0,checkEntitled
FNDA:0,(anonymous_8)
DA:1,1
DA:3,0
DA:4,0
DA:5,0
DA:9,1
DA:11,0
DA:12,0
DA:13,0
DA:17,1
DA:18,0
DA:19,0
DA:20,0
DA:21,0
DA:22,0
DA:25,1
DA:27,0
DA:28,0
DA:33,1
DA:35,0
DA:36,0
DA:37,0
DA:38,0
DA:39,0
DA:40,0
DA:42,0
DA:44,0
LF:26
LH:5
BRDA:28,0,0,0
BRDA:28,0,1,0
BRF:2
BRH:0
end_of_record
TN:
SF:/home/hector/skills/CircleOfFifths/lambda/custom/helpers/dbHelper.js
FN:15,(anonymous_0)
FNF:1
FNH:0
FNDA:0,(anonymous_0)
DA:2,0
DA:3,0
DA:4,0
DA:5,0
DA:6,0
DA:8,0
DA:15,0
DA:20,0
DA:22,0
DA:23,0
DA:24,0
DA:26,0
LF:12
LH:0
BRF:0
BRH:0
end_of_record
TN:
SF:/home/hector/skills/CircleOfFifths/lambda/custom/i18n/en-AU..js
FNF:0
FNH:0
DA:1,0
LF:1
LH:0
BRF:0
BRH:0
end_of_record
TN:
SF:/home/hector/skills/CircleOfFifths/lambda/custom/i18n/en-GB.js
FNF:0
FNH:0
DA:1,0
LF:1
LH:0
BRF:0
BRH:0
end_of_record
TN:
SF:/home/hector/skills/CircleOfFifths/lambda/custom/i18n/en.js
FNF:0
FNH:0
DA:1,1
DA:3,1
LF:2
LH:2
BRF:0
BRH:0
end_of_record
TN:
SF:/home/hector/skills/CircleOfFifths/lambda/custom/i18n/it.js
FNF:0
FNH:0
LF:0
LH:0
BRF:0
BRH:0
end_of_record
TN:
SF:/home/hector/skills/CircleOfFifths/test-code/debugHello.js
FNF:0
FNH:0
DA:1,0
DA:2,0
LF:2
LH:0
BRF:0
BRH:0
end_of_record
TN:
SF:/home/hector/skills/CircleOfFifths/test-code/prodList.js
FNF:0
FNH:0
LF:0
LH:0
BRF:0
BRH:0
end_of_record
TN:
SF:/home/hector/skills/CircleOfFifths/test-code/test1.js
FN:51,getRefIndex
FNF:1
FNH:0
FNDA:0,getRefIndex
DA:1,0
DA:2,0
DA:4,0
DA:7,0
DA:28,0
DA:40,0
DA:53,0
DA:54,0
DA:55,0
DA:57,0
DA:61,0
LF:11
LH:0
BRDA:55,0,0,0
BRDA:55,0,1,0
BRF:2
BRH:0
end_of_record
TN:
SF:/home/hector/skills/CircleOfFifths/test-code/test10.js
FN:71,(anonymous_0)
FNF:1
FNH:0
FNDA:0,(anonymous_0)
DA:1,0
DA:2,0
DA:3,0
DA:14,0
DA:54,0
DA:55,0
DA:56,0
DA:57,0
DA:59,0
DA:60,0
DA:62,0
DA:67,0
DA:68,0
DA:71,0
DA:72,0
DA:75,0
DA:78,0
DA:82,0
DA:84,0
DA:85,0
DA:86,0
DA:87,0
DA:90,0
DA:91,0
DA:93,0
DA:96,0
DA:98,0
DA:99,0
DA:101,0
DA:103,0
DA:105,0
DA:108,0
DA:109,0
DA:111,0
DA:112,0
DA:114,0
DA:117,0
DA:118,0
DA:122,0
LF:39
LH:0
BRDA:82,0,0,0
BRDA:82,0,1,0
BRDA:82,0,2,0
BRDA:82,0,3,0
BRDA:82,0,4,0
BRDA:91,1,0,0
BRDA:91,1,1,0
BRDA:101,2,0,0
BRDA:101,2,1,0
BRDA:103,3,0,0
BRDA:103,3,1,0
BRDA:103,4,0,0
BRDA:103,4,1,0
BRDA:103,5,0,0
BRDA:103,5,1,0
BRDA:103,6,0,0
BRDA:103,6,1,0
BRDA:103,7,0,0
BRDA:103,7,1,0
BRDA:105,8,0,0
BRDA:105,8,1,0
BRDA:108,9,0,0
BRDA:108,9,1,0
BRDA:108,10,0,0
BRDA:108,10,1,0
BRDA:108,10,2,0
BRDA:111,11,0,0
BRDA:111,11,1,0
BRF:28
BRH:0
end_of_record
TN:
SF:/home/hector/skills/CircleOfFifths/test-code/test2.js
FN:88,(anonymous_0)
FN:135,isTheAnswerCorrect
FNF:2
FNH:0
FNDA:0,(anonymous_0)
FNDA:0,isTheAnswerCorrect
DA:1,0
DA:6,0
DA:26,0
DA:51,0
DA:55,0
DA:56,0
DA:58,0
DA:59,0
DA:75,0
DA:76,0
DA:77,0
DA:78,0
DA:79,0
DA:82,0
DA:83,0
DA:84,0
DA:85,0
DA:88,0
DA:89,0
DA:95,0
DA:96,0
DA:102,0
DA:103,0
DA:105,0
DA:106,0
DA:107,0
DA:108,0
DA:109,0
DA:110,0
DA:111,0
DA:112,0
DA:113,0
DA:114,0
DA:115,0
DA:116,0
DA:118,0
DA:120,0
DA:121,0
DA:123,0
DA:124,0
DA:128,0
DA:129,0
DA:130,0
DA:132,0
DA:133,0
DA:136,0
DA:138,0
LF:47
LH:0
BRDA:84,0,0,0
BRDA:84,0,1,0
BRDA:109,1,0,0
BRDA:109,1,1,0
BRDA:112,2,0,0
BRDA:112,2,1,0
BRDA:113,3,0,0
BRDA:113,3,1,0
BRDA:116,4,0,0
BRDA:116,4,1,0
BRDA:138,5,0,0
BRDA:138,5,1,0
BRF:12
BRH:0
end_of_record
TN:
SF:/home/hector/skills/CircleOfFifths/test-code/test3.js
FN:314,(anonymous_0)
FNF:1
FNH:0
FNDA:0,(anonymous_0)
DA:3,0
DA:5,0
DA:255,0
DA:282,0
DA:287,0
DA:288,0
DA:290,0
DA:292,0
DA:293,0
DA:303,0
DA:305,0
DA:306,0
DA:308,0
DA:309,0
DA:314,0
DA:315,0
DA:320,0
DA:321,0
DA:322,0
DA:324,0
DA:325,0
DA:330,0
DA:331,0
LF:23
LH:0
BRDA:322,0,0,0
BRDA:322,0,1,0
BRF:2
BRH:0
end_of_record
TN:
SF:/home/hector/skills/CircleOfFifths/test-code/test4.js
FN:48,(anonymous_0)
FN:56,(anonymous_1)
FNF:2
FNH:0
FNDA:0,(anonymous_0)
FNDA:0,(anonymous_1)
DA:3,0
DA:4,0
DA:6,0
DA:7,0
DA:8,0
DA:9,0
DA:10,0
DA:12,0
DA:16,0
DA:17,0
DA:19,0
DA:23,0
DA:25,0
DA:26,0
DA:33,0
DA:34,0
DA:35,0
DA:36,0
DA:37,0
DA:40,0
DA:41,0
DA:47,0
DA:48,0
DA:49,0
DA:51,0
DA:52,0
DA:54,0
DA:56,0
DA:57,0
DA:59,0
DA:61,0
DA:62,0
DA:63,0
DA:64,0
DA:65,0
DA:66,0
DA:71,0
DA:72,0
DA:75,0
DA:76,0
DA:79,0
DA:80,0
DA:81,0
DA:82,0
LF:44
LH:0
BRDA:47,0,0,0
BRDA:47,0,1,0
BRDA:63,1,0,0
BRDA:63,1,1,0
BRDA:64,2,0,0
BRDA:64,2,1,0
BRDA:79,3,0,0
BRDA:79,3,1,0
BRDA:81,4,0,0
BRDA:81,4,1,0
BRF:10
BRH:0
end_of_record
TN:
SF:/home/hector/skills/CircleOfFifths/test-code/test5.js
FN:155,(anonymous_0)
FNF:1
FNH:0
FNDA:0,(anonymous_0)
DA:1,0
DA:2,0
DA:3,0
DA:5,0
DA:7,0
DA:8,0
DA:121,0
DA:153,0
DA:155,0
DA:156,0
DA:158,0
DA:160,0
DA:165,0
DA:169,0
LF:14
LH:0
BRDA:156,0,0,0
BRDA:156,0,1,0
BRDA:158,1,0,0
BRDA:158,1,1,0
BRDA:165,2,0,0
BRDA:165,2,1,0
BRF:6
BRH:0
end_of_record
TN:
SF:/home/hector/skills/CircleOfFifths/test-code/test6.js
FN:31,(anonymous_0)
FNF:1
FNH:0
FNDA:0,(anonymous_0)
DA:1,0
DA:2,0
DA:3,0
DA:5,0
DA:16,0
DA:17,0
DA:19,0
DA:23,0
DA:24,0
DA:26,0
DA:31,0
DA:32,0
DA:34,0
DA:38,0
DA:39,0
DA:40,0
DA:41,0
DA:45,0
DA:46,0
DA:71,0
DA:72,0
DA:74,0
DA:76,0
DA:77,0
DA:80,0
DA:82,0
DA:83,0
DA:84,0
DA:85,0
DA:87,0
DA:88,0
DA:89,0
DA:90,0
LF:33
LH:0
BRDA:72,0,0,0
BRDA:72,0,1,0
BRDA:85,1,0,0
BRDA:85,1,1,0
BRF:4
BRH:0
end_of_record
TN:
SF:/home/hector/skills/CircleOfFifths/test-code/test7.js
FN:50,(anonymous_0)
FN:55,(anonymous_1)
FN:106,(anonymous_2)
FNF:3
FNH:0
FNDA:0,(anonymous_0)
FNDA:0,(anonymous_1)
FNDA:0,(anonymous_2)
DA:1,0
DA:2,0
DA:3,0
DA:5,0
DA:22,0
DA:26,0
DA:30,0
DA:32,0
DA:34,0
DA:35,0
DA:37,0
DA:43,0
DA:44,0
DA:45,0
DA:48,0
DA:50,0
DA:51,0
DA:53,0
DA:55,0
DA:56,0
DA:59,0
DA:60,0
DA:61,0
DA:62,0
DA:65,0
DA:66,0
DA:67,0
DA:69,0
DA:71,0
DA:72,0
DA:74,0
DA:75,0
DA:78,0
DA:81,0
DA:83,0
DA:84,0
DA:85,0
DA:88,0
DA:102,0
DA:106,0
DA:107,0
LF:41
LH:0
BRDA:48,0,0,0
BRDA:48,0,1,0
BRDA:53,1,0,0
BRDA:53,1,1,0
BRDA:65,2,0,0
BRDA:65,2,1,0
BRDA:66,3,0,0
BRDA:66,3,1,0
BRDA:67,4,0,0
BRDA:67,4,1,0
BRDA:72,5,0,0
BRDA:72,5,1,0
BRDA:72,6,0,0
BRDA:72,6,1,0
BRDA:72,7,0,0
BRDA:72,7,1,0
BRDA:72,8,0,0
BRDA:72,8,1,0
BRDA:72,9,0,0
BRDA:72,9,1,0
BRDA:74,10,0,0
BRDA:74,10,1,0
BRDA:75,11,0,0
BRDA:75,11,1,0
BRDA:78,12,0,0
BRDA:78,12,1,0
BRDA:81,13,0,0
BRDA:81,13,1,0
BRDA:84,14,0,0
BRDA:84,14,1,0
BRF:30
BRH:0
end_of_record
TN:
SF:/home/hector/skills/CircleOfFifths/test-code/test8.js
FNF:0
FNH:0
DA:3,0
DA:4,0
DA:5,0
DA:6,0
DA:8,0
LF:5
LH:0
BRF:0
BRH:0
end_of_record
TN:
SF:/home/hector/skills/CircleOfFifths/test-code/test9.js
FNF:0
FNH:0
DA:1,0
DA:2,0
DA:3,0
DA:4,0
DA:6,0
DA:7,0
DA:9,0
DA:10,0
DA:11,0
DA:12,0
DA:13,0
DA:14,0
DA:16,0
DA:17,0
LF:14
LH:0
BRF:0
BRH:0
end_of_record
TN:
SF:/home/hector/skills/CircleOfFifths/test-code/testflow.js
FN:73,(anonymous_0)
FN:191,(anonymous_1)
FN:198,(anonymous_2)
FN:212,runSingleTest
FN:291,(anonymous_4)
FN:303,processArray
FN:312,(anonymous_6)
FN:366,prepareTestRequest
FN:438,(anonymous_8)
FN:473,(anonymous_9)
FN:491,promptForSlot
FN:499,(anonymous_11)
FN:527,callback
FN:535,cleanArray
FN:545,addTime
FN:571,buildSlotObj
FNF:16
FNH:0
FNDA:0,(anonymous_0)
FNDA:0,(anonymous_1)
FNDA:0,(anonymous_2)
FNDA:0,runSingleTest
FNDA:0,(anonymous_4)
FNDA:0,processArray
FNDA:0,(anonymous_6)
FNDA:0,prepareTestRequest
FNDA:0,(anonymous_8)
FNDA:0,(anonymous_9)
FNDA:0,promptForSlot
FNDA:0,(anonymous_11)
FNDA:0,callback
FNDA:0,cleanArray
FNDA:0,addTime
FNDA:0,buildSlotObj
DA:7,0
DA:10,0
DA:11,0
DA:14,0
DA:16,0
DA:17,0
DA:21,0
DA:35,0
DA:36,0
DA:39,0
DA:41,0
DA:42,0
DA:45,0
DA:46,0
DA:47,0
DA:49,0
DA:55,0
DA:56,0
DA:58,0
DA:60,0
DA:61,0
DA:62,0
DA:63,0
DA:64,0
DA:65,0
DA:66,0
DA:67,0
DA:68,0
DA:69,0
DA:72,0
DA:76,0
DA:77,0
DA:79,0
DA:82,0
DA:84,0
DA:85,0
DA:87,0
DA:88,0
DA:89,0
DA:92,0
DA:94,0
DA:95,0
DA:96,0
DA:98,0
DA:99,0
DA:103,0
DA:107,0
DA:108,0
DA:109,0
DA:110,0
DA:112,0
DA:113,0
DA:114,0
DA:115,0
DA:117,0
DA:119,0
DA:120,0
DA:122,0
DA:123,0
DA:124,0
DA:127,0
DA:128,0
DA:129,0
DA:131,0
DA:132,0
DA:133,0
DA:140,0
DA:142,0
DA:143,0
DA:144,0
DA:147,0
DA:148,0
DA:149,0
DA:150,0
DA:151,0
DA:152,0
DA:153,0
DA:154,0
DA:156,0
DA:158,0
DA:163,0
DA:164,0
DA:165,0
DA:167,0
DA:168,0
DA:172,0
DA:176,0
DA:177,0
DA:181,0
DA:184,0
DA:185,0
DA:192,0
DA:193,0
DA:198,0
DA:199,0
DA:200,0
DA:201,0
DA:203,0
DA:205,0
DA:207,0
DA:214,0
DA:216,0
DA:219,0
DA:220,0
DA:222,0
DA:225,0
DA:226,0
DA:229,0
DA:231,0
DA:232,0
DA:234,0
DA:236,0
DA:238,0
DA:242,0
DA:244,0
DA:245,0
DA:247,0
DA:249,0
DA:251,0
DA:255,0
DA:256,0
DA:258,0
DA:259,0
DA:260,0
DA:262,0
DA:272,0
DA:274,0
DA:278,0
DA:279,0
DA:281,0
DA:283,0
DA:284,0
DA:288,0
DA:291,0
DA:292,0
DA:301,0
DA:304,0
DA:306,0
DA:308,0
DA:309,0
DA:310,0
DA:312,0
DA:317,0
DA:321,0
DA:322,0
DA:327,0
DA:328,0
DA:332,0
DA:333,0
DA:342,0
DA:344,0
DA:345,0
DA:347,0
DA:359,0
DA:368,0
DA:370,0
DA:371,0
DA:379,0
DA:419,0
DA:420,0
DA:424,0
DA:425,0
DA:431,0
DA:433,0
DA:435,0
DA:438,0
DA:439,0
DA:440,0
DA:445,0
DA:446,0
DA:452,0
DA:453,0
DA:465,0
DA:467,0
DA:468,0
DA:471,0
DA:473,0
DA:475,0
DA:477,0
DA:479,0
DA:480,0
DA:481,0
DA:482,0
DA:483,0
DA:485,0
DA:494,0
DA:495,0
DA:499,0
DA:500,0
DA:504,0
DA:505,0
DA:507,0
DA:508,0
DA:511,0
DA:515,0
DA:519,0
DA:520,0
DA:523,0
DA:528,0
DA:529,0
DA:531,0
DA:536,0
DA:538,0
DA:539,0
DA:540,0
DA:543,0
DA:546,0
DA:547,0
DA:548,0
DA:550,0
DA:552,0
DA:553,0
DA:555,0
DA:556,0
DA:558,0
DA:559,0
DA:563,0
DA:566,0
DA:568,0
DA:572,0
DA:573,0
DA:575,0
DA:577,0
DA:578,0
DA:581,0
DA:583,0
DA:585,0
DA:586,0
DA:590,0
DA:591,0
DA:593,0
DA:594,0
DA:599,0
DA:600,0
DA:601,0
DA:603,0
DA:607,0
DA:609,0
DA:611,0
DA:614,0
DA:621,0
DA:623,0
DA:624,0
DA:626,0
DA:628,0
DA:632,0
DA:635,0
DA:640,0
DA:648,0
LF:249
LH:0
BRDA:16,0,0,0
BRDA:16,0,1,0
BRDA:35,1,0,0
BRDA:35,1,1,0
BRDA:46,2,0,0
BRDA:46,2,1,0
BRDA:76,3,0,0
BRDA:76,3,1,0
BRDA:76,4,0,0
BRDA:76,4,1,0
BRDA:82,5,0,0
BRDA:82,5,1,0
BRDA:87,6,0,0
BRDA:87,6,1,0
BRDA:92,7,0,0
BRDA:92,7,1,0
BRDA:92,8,0,0
BRDA:92,8,1,0
BRDA:92,8,2,0
BRDA:98,9,0,0
BRDA:98,9,1,0
BRDA:107,10,0,0
BRDA:107,10,1,0
BRDA:108,11,0,0
BRDA:108,11,1,0
BRDA:112,12,0,0
BRDA:112,12,1,0
BRDA:113,13,0,0
BRDA:113,13,1,0
BRDA:114,14,0,0
BRDA:114,14,1,0
BRDA:114,15,0,0
BRDA:114,15,1,0
BRDA:119,16,0,0
BRDA:119,16,1,0
BRDA:123,17,0,0
BRDA:123,17,1,0
BRDA:128,18,0,0
BRDA:128,18,1,0
BRDA:132,19,0,0
BRDA:132,19,1,0
BRDA:140,20,0,0
BRDA:140,20,1,0
BRDA:142,21,0,0
BRDA:142,21,1,0
BRDA:151,22,0,0
BRDA:151,22,1,0
BRDA:153,23,0,0
BRDA:153,23,1,0
BRDA:163,24,0,0
BRDA:163,24,1,0
BRDA:163,25,0,0
BRDA:163,25,1,0
BRDA:172,26,0,0
BRDA:172,26,1,0
BRDA:199,27,0,0
BRDA:199,27,1,0
BRDA:219,28,0,0
BRDA:219,28,1,0
BRDA:225,29,0,0
BRDA:225,29,1,0
BRDA:229,30,0,0
BRDA:229,30,1,0
BRDA:242,31,0,0
BRDA:242,31,1,0
BRDA:258,32,0,0
BRDA:258,32,1,0
BRDA:283,33,0,0
BRDA:283,33,1,0
BRDA:306,34,0,0
BRDA:306,34,1,0
BRDA:321,35,0,0
BRDA:321,35,1,0
BRDA:370,36,0,0
BRDA:370,36,1,0
BRDA:419,37,0,0
BRDA:419,37,1,0
BRDA:431,38,0,0
BRDA:431,38,1,0
BRDA:433,39,0,0
BRDA:433,39,1,0
BRDA:482,40,0,0
BRDA:482,40,1,0
BRDA:494,41,0,0
BRDA:494,41,1,0
BRDA:504,42,0,0
BRDA:504,42,1,0
BRDA:505,43,0,0
BRDA:505,43,1,0
BRDA:519,44,0,0
BRDA:519,44,1,0
BRDA:528,45,0,0
BRDA:528,45,1,0
BRDA:539,46,0,0
BRDA:539,46,1,0
BRDA:539,47,0,0
BRDA:539,47,1,0
BRDA:539,47,2,0
BRDA:550,48,0,0
BRDA:550,48,1,0
BRDA:550,49,0,0
BRDA:550,49,1,0
BRDA:550,49,2,0
BRDA:552,50,0,0
BRDA:552,50,1,0
BRDA:555,51,0,0
BRDA:555,51,1,0
BRDA:558,52,0,0
BRDA:558,52,1,0
BRDA:577,53,0,0
BRDA:577,53,1,0
BRDA:577,54,0,0
BRDA:577,54,1,0
BRDA:583,55,0,0
BRDA:583,55,1,0
BRDA:593,56,0,0
BRDA:593,56,1,0
BRDA:601,57,0,0
BRDA:601,57,1,0
BRDA:624,58,0,0
BRDA:624,58,1,0
BRF:121
BRH:0
end_of_record
TN:
SF:/home/hector/skills/CircleOfFifths/test-code/utils.js
FN:1,(anonymous_0)
FN:6,(anonymous_1)
FN:9,(anonymous_2)
FN:19,(anonymous_3)
FN:39,(anonymous_4)
FN:41,(anonymous_5)
FN:51,(anonymous_6)
FN:70,(anonymous_7)
FNF:8
FNH:0
FNDA:0,(anonymous_0)
FNDA:0,(anonymous_1)
FNDA:0,(anonymous_2)
FNDA:0,(anonymous_3)
FNDA:0,(anonymous_4)
FNDA:0,(anonymous_5)
FNDA:0,(anonymous_6)
FNDA:0,(anonymous_7)
DA:1,0
DA:2,0
DA:3,0
DA:6,0
DA:9,0
DA:11,0
DA:12,0
DA:14,0
DA:19,0
DA:21,0
DA:22,0
DA:31,0
DA:39,0
DA:41,0
DA:43,0
DA:44,0
DA:45,0
DA:46,0
DA:51,0
DA:52,0
DA:53,0
DA:56,0
DA:57,0
DA:58,0
DA:60,0
DA:62,0
DA:70,0
DA:73,0
DA:74,0
DA:75,0
DA:79,0
DA:80,0
DA:83,0
DA:86,0
DA:87,0
DA:88,0
DA:89,0
DA:93,0
LF:38
LH:0
BRDA:3,0,0,0
BRDA:3,0,1,0
BRDA:21,1,0,0
BRDA:21,1,1,0
BRDA:52,2,0,0
BRDA:52,2,1,0
BRDA:56,3,0,0
BRDA:56,3,1,0
BRF:8
BRH:0
end_of_record
